Release 12.1 Map M.53d (nt)
Xilinx Mapping Report File for Design 'timing_analyzer'

Design Information
------------------
Command Line   : map -intstyle ise -p xc6slx9-csg225-3 -w -ol high -t 1 -xt 0 -register_duplication off -global_opt off
-ir off -pr off -lc off -power off -o timing_analyzer_map.ncd timing_analyzer.ngd timing_analyzer.pcf 
Target Device  : xc6slx9
Target Package : csg225
Target Speed   : -3
Mapper Version : spartan6 -- $Revision: 1.52 $
Mapped Date    : Thu Feb 17 11:27:46 2011

Design Summary
--------------
Number of errors:      0
Number of warnings:    1
Slice Logic Utilization:
  Number of Slice Registers:                     0 out of  11,440    0%
  Number of Slice LUTs:                          0 out of   5,720    0%

Slice Logic Distribution:
  Number of occupied Slices:                     0 out of   1,430    0%
  Number of LUT Flip Flop pairs used:            0

IO Utilization:
  Number of bonded IOBs:                        90 out of     160   56%
    IOB Flip Flops:                             33

Specific Feature Utilization:
  Number of RAMB16BWERs:                         1 out of      32    3%
  Number of RAMB8BWERs:                          0 out of      64    0%
  Number of BUFIO2/BUFIO2_2CLKs:                 1 out of      32    3%
    Number used as BUFIO2s:                      1
    Number used as BUFIO2_2CLKs:                 0
  Number of BUFIO2FB/BUFIO2FB_2CLKs:             1 out of      32    3%
    Number used as BUFIO2FBs:                    1
    Number used as BUFIO2FB_2CLKs:               0
  Number of BUFG/BUFGMUXs:                       2 out of      16   12%
    Number used as BUFGs:                        2
    Number used as BUFGMUX:                      0
  Number of DCM/DCM_CLKGENs:                     1 out of       4   25%
    Number used as DCMs:                         1
    Number used as DCM_CLKGENs:                  0
  Number of ILOGIC2/ISERDES2s:                   0 out of     200    0%
  Number of IODELAY2/IODRP2/IODRP2_MCBs:         0 out of     200    0%
  Number of OLOGIC2/OSERDES2s:                  33 out of     200   16%
    Number used as OLOGIC2s:                    33
    Number used as OSERDES2s:                    0
  Number of BSCANs:                              0 out of       4    0%
  Number of BUFHs:                               0 out of     128    0%
  Number of BUFPLLs:                             0 out of       8    0%
  Number of BUFPLL_MCBs:                         0 out of       4    0%
  Number of DSP48A1s:                            0 out of      16    0%
  Number of ICAPs:                               0 out of       1    0%
  Number of MCBs:                                0 out of       2    0%
  Number of PCILOGICSEs:                         0 out of       2    0%
  Number of PLL_ADVs:                            0 out of       2    0%
  Number of PMVs:                                0 out of       1    0%
  Number of STARTUPs:                            0 out of       1    0%
  Number of SUSPEND_SYNCs:                       0 out of       1    0%

Average Fanout of Non-Clock Nets:                1.06

Peak Memory Usage:  204 MB
Total REAL time to MAP completion:  33 secs 
Total CPU time to MAP completion:   31 secs 

Table of Contents
-----------------
Section 1 - Errors
Section 2 - Warnings
Section 3 - Informational
Section 4 - Removed Logic Summary
Section 5 - Removed Logic
Section 6 - IOB Properties
Section 7 - RPMs
Section 8 - Guide Report
Section 9 - Area Group and Partition Summary
Section 10 - Timing Report
Section 11 - Configuration String Information
Section 12 - Control Set Information
Section 13 - Utilization by Hierarchy

Section 1 - Errors
------------------

Section 2 - Warnings
--------------------
WARNING:Security:42 - Your software subscription period has lapsed. Your current
version of Xilinx tools will continue to function, but you no longer qualify for
Xilinx software updates or new releases.
WARNING:PhysDesignRules:2212 - Async clocking for BRAM (comp
   mem/BU2/U0/blk_mem_generator/valid.cstr/ramloop[0].ram.r/s6_noinit.ram/TRUE_DP.PRIM18.ram) port(s) with READ_FIRST
   mode has certain restrictions. Make sure that there is no address collision. A read/write on one port and a write
   operation from the other port at the same address is not allowed. RAMB16BWER, when both ports are 18 bits wide or
   smaller, A13-6 including A4 cannot be same. When any one port is 36 bits wide, A13-7 including A5 cannot be the same.
   Violating this restriction may result in the incorrect operation of the BRAM.

Section 3 - Informational
-------------------------
INFO:Security:54 - 'xc6slx9' is a WebPack part.
INFO:MapLib:562 - No environment variables are currently set.
INFO:MapLib:159 - Net Timing constraints on signal reset are pushed forward
   through input buffer.
INFO:LIT:244 - All of the single ended outputs in this design are using slew
   rate limited output drivers. The delay on speed critical single ended outputs
   can be dramatically reduced by designating them as fast outputs.
INFO:Pack:1716 - Initializing temperature to 85.000 Celsius. (default - Range:
   0.000 to 85.000 Celsius)
INFO:Pack:1720 - Initializing voltage to 1.140 Volts. (default - Range: 1.140 to
   1.260 Volts)
INFO:Map:215 - The Interim Design Summary has been generated in the MAP Report
   (.mrp).
INFO:Pack:1650 - Map created a placed design.

Section 4 - Removed Logic Summary
---------------------------------
   2 block(s) removed
   3 block(s) optimized away

Section 5 - Removed Logic
-------------------------
Unused block "mem/GND" (ZERO) removed.
Unused block "mem/VCC" (ONE) removed.

Optimized Block(s):
TYPE 		BLOCK
GND 		XST_GND
GND 		mem/BU2/XST_GND
VCC 		mem/BU2/XST_VCC

Section 6 - IOB Properties
--------------------------

+---------------------------------------------------------------------------------------------------------------------------------------------------------+
| IOB Name                           | Type             | Direction | IO Standard          | Diff  | Drive    | Slew | Reg (s)      | Resistor | IOB      |
|                                    |                  |           |                      | Term  | Strength | Rate |              |          | Delay    |
+---------------------------------------------------------------------------------------------------------------------------------------------------------+
| addra<0>                           | IOB              | INPUT     | LVCMOS25             |       |          |      |              |          |          |
| addra<1>                           | IOB              | INPUT     | LVCMOS25             |       |          |      |              |          |          |
| addra<2>                           | IOB              | INPUT     | LVCMOS25             |       |          |      |              |          |          |
| addra<3>                           | IOB              | INPUT     | LVCMOS25             |       |          |      |              |          |          |
| addra<4>                           | IOB              | INPUT     | LVCMOS25             |       |          |      |              |          |          |
| addra<5>                           | IOB              | INPUT     | LVCMOS25             |       |          |      |              |          |          |
| addra<6>                           | IOB              | INPUT     | LVCMOS25             |       |          |      |              |          |          |
| addra<7>                           | IOB              | INPUT     | LVCMOS25             |       |          |      |              |          |          |
| addra<8>                           | IOB              | INPUT     | LVCMOS25             |       |          |      |              |          |          |
| addra<9>                           | IOB              | INPUT     | LVCMOS25             |       |          |      |              |          |          |
| addrb<0>                           | IOB              | INPUT     | LVCMOS25             |       |          |      |              |          |          |
| addrb<1>                           | IOB              | INPUT     | LVCMOS25             |       |          |      |              |          |          |
| addrb<2>                           | IOB              | INPUT     | LVCMOS25             |       |          |      |              |          |          |
| addrb<3>                           | IOB              | INPUT     | LVCMOS25             |       |          |      |              |          |          |
| addrb<4>                           | IOB              | INPUT     | LVCMOS25             |       |          |      |              |          |          |
| addrb<5>                           | IOB              | INPUT     | LVCMOS25             |       |          |      |              |          |          |
| addrb<6>                           | IOB              | INPUT     | LVCMOS25             |       |          |      |              |          |          |
| addrb<7>                           | IOB              | INPUT     | LVCMOS25             |       |          |      |              |          |          |
| addrb<8>                           | IOB              | INPUT     | LVCMOS25             |       |          |      |              |          |          |
| addrb<9>                           | IOB              | INPUT     | LVCMOS25             |       |          |      |              |          |          |
| clka                               | IOB              | INPUT     | LVCMOS25             |       |          |      |              |          |          |
| clkb                               | IOB              | INPUT     | LVCMOS25             |       |          |      |              |          |          |
| dina<0>                            | IOB              | INPUT     | LVCMOS25             |       |          |      |              |          |          |
| dina<1>                            | IOB              | INPUT     | LVCMOS25             |       |          |      |              |          |          |
| dina<2>                            | IOB              | INPUT     | LVCMOS25             |       |          |      |              |          |          |
| dina<3>                            | IOB              | INPUT     | LVCMOS25             |       |          |      |              |          |          |
| dina<4>                            | IOB              | INPUT     | LVCMOS25             |       |          |      |              |          |          |
| dina<5>                            | IOB              | INPUT     | LVCMOS25             |       |          |      |              |          |          |
| dina<6>                            | IOB              | INPUT     | LVCMOS25             |       |          |      |              |          |          |
| dina<7>                            | IOB              | INPUT     | LVCMOS25             |       |          |      |              |          |          |
| dina<8>                            | IOB              | INPUT     | LVCMOS25             |       |          |      |              |          |          |
| dina<9>                            | IOB              | INPUT     | LVCMOS25             |       |          |      |              |          |          |
| dina<10>                           | IOB              | INPUT     | LVCMOS25             |       |          |      |              |          |          |
| dina<11>                           | IOB              | INPUT     | LVCMOS25             |       |          |      |              |          |          |
| dina<12>                           | IOB              | INPUT     | LVCMOS25             |       |          |      |              |          |          |
| dina<13>                           | IOB              | INPUT     | LVCMOS25             |       |          |      |              |          |          |
| dina<14>                           | IOB              | INPUT     | LVCMOS25             |       |          |      |              |          |          |
| dina<15>                           | IOB              | INPUT     | LVCMOS25             |       |          |      |              |          |          |
| dinb<0>                            | IOB              | INPUT     | LVCMOS25             |       |          |      |              |          |          |
| dinb<1>                            | IOB              | INPUT     | LVCMOS25             |       |          |      |              |          |          |
| dinb<2>                            | IOB              | INPUT     | LVCMOS25             |       |          |      |              |          |          |
| dinb<3>                            | IOB              | INPUT     | LVCMOS25             |       |          |      |              |          |          |
| dinb<4>                            | IOB              | INPUT     | LVCMOS25             |       |          |      |              |          |          |
| dinb<5>                            | IOB              | INPUT     | LVCMOS25             |       |          |      |              |          |          |
| dinb<6>                            | IOB              | INPUT     | LVCMOS25             |       |          |      |              |          |          |
| dinb<7>                            | IOB              | INPUT     | LVCMOS25             |       |          |      |              |          |          |
| dinb<8>                            | IOB              | INPUT     | LVCMOS25             |       |          |      |              |          |          |
| dinb<9>                            | IOB              | INPUT     | LVCMOS25             |       |          |      |              |          |          |
| dinb<10>                           | IOB              | INPUT     | LVCMOS25             |       |          |      |              |          |          |
| dinb<11>                           | IOB              | INPUT     | LVCMOS25             |       |          |      |              |          |          |
| dinb<12>                           | IOB              | INPUT     | LVCMOS25             |       |          |      |              |          |          |
| dinb<13>                           | IOB              | INPUT     | LVCMOS25             |       |          |      |              |          |          |
| dinb<14>                           | IOB              | INPUT     | LVCMOS25             |       |          |      |              |          |          |
| dinb<15>                           | IOB              | INPUT     | LVCMOS25             |       |          |      |              |          |          |
| douta_qo<0>                        | IOB              | OUTPUT    | LVCMOS25             |       | 12       | SLOW | OFF          |          |          |
| douta_qo<1>                        | IOB              | OUTPUT    | LVCMOS25             |       | 12       | SLOW | OFF          |          |          |
| douta_qo<2>                        | IOB              | OUTPUT    | LVCMOS25             |       | 12       | SLOW | OFF          |          |          |
| douta_qo<3>                        | IOB              | OUTPUT    | LVCMOS25             |       | 12       | SLOW | OFF          |          |          |
| douta_qo<4>                        | IOB              | OUTPUT    | LVCMOS25             |       | 12       | SLOW | OFF          |          |          |
| douta_qo<5>                        | IOB              | OUTPUT    | LVCMOS25             |       | 12       | SLOW | OFF          |          |          |
| douta_qo<6>                        | IOB              | OUTPUT    | LVCMOS25             |       | 12       | SLOW | OFF          |          |          |
| douta_qo<7>                        | IOB              | OUTPUT    | LVCMOS25             |       | 12       | SLOW | OFF          |          |          |
| douta_qo<8>                        | IOB              | OUTPUT    | LVCMOS25             |       | 12       | SLOW | OFF          |          |          |
| douta_qo<9>                        | IOB              | OUTPUT    | LVCMOS25             |       | 12       | SLOW | OFF          |          |          |
| douta_qo<10>                       | IOB              | OUTPUT    | LVCMOS25             |       | 12       | SLOW | OFF          |          |          |
| douta_qo<11>                       | IOB              | OUTPUT    | LVCMOS25             |       | 12       | SLOW | OFF          |          |          |
| douta_qo<12>                       | IOB              | OUTPUT    | LVCMOS25             |       | 12       | SLOW | OFF          |          |          |
| douta_qo<13>                       | IOB              | OUTPUT    | LVCMOS25             |       | 12       | SLOW | OFF          |          |          |
| douta_qo<14>                       | IOB              | OUTPUT    | LVCMOS25             |       | 12       | SLOW | OFF          |          |          |
| douta_qo<15>                       | IOB              | OUTPUT    | LVCMOS25             |       | 12       | SLOW | OFF          |          |          |
| doutb_qo<0>                        | IOB              | OUTPUT    | LVCMOS25             |       | 12       | SLOW | OFF          |          |          |
| doutb_qo<1>                        | IOB              | OUTPUT    | LVCMOS25             |       | 12       | SLOW | OFF          |          |          |
| doutb_qo<2>                        | IOB              | OUTPUT    | LVCMOS25             |       | 12       | SLOW | OFF          |          |          |
| doutb_qo<3>                        | IOB              | OUTPUT    | LVCMOS25             |       | 12       | SLOW | OFF          |          |          |
| doutb_qo<4>                        | IOB              | OUTPUT    | LVCMOS25             |       | 12       | SLOW | OFF          |          |          |
| doutb_qo<5>                        | IOB              | OUTPUT    | LVCMOS25             |       | 12       | SLOW | OFF          |          |          |
| doutb_qo<6>                        | IOB              | OUTPUT    | LVCMOS25             |       | 12       | SLOW | OFF          |          |          |
| doutb_qo<7>                        | IOB              | OUTPUT    | LVCMOS25             |       | 12       | SLOW | OFF          |          |          |
| doutb_qo<8>                        | IOB              | OUTPUT    | LVCMOS25             |       | 12       | SLOW | OFF          |          |          |
| doutb_qo<9>                        | IOB              | OUTPUT    | LVCMOS25             |       | 12       | SLOW | OFF          |          |          |
| doutb_qo<10>                       | IOB              | OUTPUT    | LVCMOS25             |       | 12       | SLOW | OFF          |          |          |
| doutb_qo<11>                       | IOB              | OUTPUT    | LVCMOS25             |       | 12       | SLOW | OFF          |          |          |
| doutb_qo<12>                       | IOB              | OUTPUT    | LVCMOS25             |       | 12       | SLOW | OFF          |          |          |
| doutb_qo<13>                       | IOB              | OUTPUT    | LVCMOS25             |       | 12       | SLOW | OFF          |          |          |
| doutb_qo<14>                       | IOB              | OUTPUT    | LVCMOS25             |       | 12       | SLOW | OFF          |          |          |
| doutb_qo<15>                       | IOB              | OUTPUT    | LVCMOS25             |       | 12       | SLOW | OFF          |          |          |
| reset                              | IOB              | INPUT     | LVCMOS25             |       |          |      |              |          |          |
| wea                                | IOB              | INPUT     | LVCMOS25             |       |          |      |              |          |          |
| wea_qo                             | IOB              | OUTPUT    | LVCMOS25             |       | 12       | SLOW | OFF          |          |          |
| web                                | IOB              | INPUT     | LVCMOS25             |       |          |      |              |          |          |
+---------------------------------------------------------------------------------------------------------------------------------------------------------+

Section 7 - RPMs
----------------

Section 8 - Guide Report
------------------------
Guide not run on this design.

Section 9 - Area Group and Partition Summary
--------------------------------------------

Partition Implementation Status
-------------------------------

  No Partitions were found in this design.

-------------------------------

Area Group Information
----------------------

  No area groups were found in this design.

----------------------

Section 10 - Timing Report
--------------------------
A logic-level (pre-route) timing report can be generated by using Xilinx static
timing analysis tools, Timing Analyzer (GUI) or TRCE (command line), with the
mapped NCD and PCF files. Please note that this timing report will be generated
using estimated delay information. For accurate numbers, please generate a
timing report with the post Place and Route NCD file.

For more information about the Timing Analyzer, consult the Xilinx Timing
Analyzer Reference Manual; for more information about TRCE, consult the Xilinx
Command Line Tools User Guide "TRACE" chapter.

Section 11 - Configuration String Details
-----------------------------------------
Use the "-detail" map option to print out Configuration Strings

Section 12 - Control Set Information
------------------------------------
Use the "-detail" map option to print out Control Set Information.

Section 13 - Utilization by Hierarchy
-------------------------------------
Use the "-detail" map option to print out the Utilization by Hierarchy section.
