This is pdfTeX, Version 3.141592653-2.6-1.40.24 (TeX Live 2022) (preloaded format=pdflatex 2022.12.7)  9 DEC 2022 16:15
entering extended mode
 restricted \write18 enabled.
 %&-line parsing enabled.
**epicsiocdevguide.tex
(./epicsiocdevguide.tex
LaTeX2e <2022-11-01> patch level 1
L3 programming layer <2022-11-02>
(e:/TexLive/texlive/2022/texmf-dist/tex/latex/memoir/memoir.cls
Document Class: memoir 2022/11/17 v3.7.19 configurable book, report, article do
cument class
(e:/TexLive/texlive/2022/texmf-dist/tex/latex/etoolbox/etoolbox.sty
Package: etoolbox 2020/10/05 v2.5k e-TeX tools for LaTeX (JAW)
\etb@tempcnta=\count185
)
\onelineskip=\skip48
\lxvchars=\skip49
\xlvchars=\skip50
\@memcnta=\count186
\c@@memmarkcntra=\count187

(e:/TexLive/texlive/2022/texmf-dist/tex/generic/iftex/iftex.sty
Package: iftex 2022/02/03 v1.0f TeX engine tests
)
\stockheight=\dimen140
\stockwidth=\dimen141
\trimtop=\skip51
\trimedge=\skip52

(e:/TexLive/texlive/2022/texmf-dist/tex/latex/memoir/mem11.clo
File: mem11.clo 2022/07/29 v0.5 memoir class 11pt size option
)
\binding=\skip53
\spinemargin=\skip54
\foremargin=\skip55
\uppermargin=\skip56
\lowermargin=\skip57
\headdrop=\skip58
\normalrulethickness=\skip59
\mem@maxheadheight=\skip60
\mem@maxfootheight=\skip61
\headwidth=\skip62
\c@storedpagenumber=\count188
\memPD=\dimen142
\m@mabparskip=\skip63
\thanksmarkwidth=\skip64
\thanksmarksep=\skip65
\droptitle=\skip66
\c@book=\count189
\c@part=\count190
\c@chapter=\count191
\c@section=\count192
\c@subsection=\count193
\c@subsubsection=\count194
\c@paragraph=\count195
\c@subparagraph=\count196
\beforechapskip=\skip67
\midchapskip=\skip68
\afterchapskip=\skip69
\chapindent=\skip70
\bottomsectionskip=\skip71
\secindent=\skip72
\beforesecskip=\skip73
\aftersecskip=\skip74
\subsecindent=\skip75
\beforesubsecskip=\skip76
\aftersubsecskip=\skip77
\subsubsecindent=\skip78
\beforesubsubsecskip=\skip79
\aftersubsubsecskip=\skip80
\paraindent=\skip81
\beforeparaskip=\skip82
\afterparaskip=\skip83
\subparaindent=\skip84
\beforesubparaskip=\skip85
\aftersubparaskip=\skip86
\pfbreakskip=\skip87
\c@@ppsavesec=\count197
\c@@ppsaveapp=\count198
\ragrparindent=\dimen143
\everylistparindent=\dimen144
\parsepi=\skip88
\topsepi=\skip89
\itemsepi=\skip90
\parsepii=\skip91
\topsepii=\skip92
\topsepiii=\skip93
\itemsepii=\skip94
\itemsepiii=\skip95
\partopsepii=\skip96
\partopsepiii=\skip97
\m@msavetopsep=\skip98
\m@msavepartopsep=\skip99
\@enLab=\toks16
\abstitleskip=\skip100
\absleftindent=\skip101
\abs@leftindent=\dimen145
\absrightindent=\skip102
\absparindent=\skip103
\absparsep=\skip104
\c@vslineno=\count199
\c@poemline=\count266
\c@modulo@vs=\count267
\c@memfvsline=\count268
\vleftskip=\skip105
\vrightskip=\skip106
\stanzaskip=\skip107
\versewidth=\skip108
\vgap=\skip109
\vindent=\skip110
\vleftmargin=\dimen146
\c@verse=\count269
\c@chrsinstr=\count270
\beforepoemtitleskip=\skip111
\afterpoemtitleskip=\skip112
\c@poem=\count271
\beforePoemTitleskip=\skip113
\midPoemTitleskip=\skip114
\afterPoemTitleskip=\skip115

(e:/TexLive/texlive/2022/texmf-dist/tex/latex/tools/array.sty
Package: array 2022/09/04 v2.5g Tabular extension package (FMi)
\col@sep=\dimen147
\ar@mcellbox=\box51
\extrarowheight=\dimen148
\NC@list=\toks17
\extratabsurround=\skip116
\backup@length=\skip117
\ar@cellbox=\box52
)
(e:/TexLive/texlive/2022/texmf-dist/tex/latex/tools/dcolumn.sty
Package: dcolumn 2014/10/28 v1.06 decimal alignment package (DPC)
)
(e:/TexLive/texlive/2022/texmf-dist/tex/latex/tools/delarray.sty
Package: delarray 2014/10/28 v1.01 array delimiter package (DPC)
)
(e:/TexLive/texlive/2022/texmf-dist/tex/latex/tools/tabularx.sty
Package: tabularx 2020/01/15 v2.11c `tabularx' package (DPC)
\TX@col@width=\dimen149
\TX@old@table=\dimen150
\TX@old@col=\dimen151
\TX@target=\dimen152
\TX@delta=\dimen153
\TX@cols=\count272
\TX@ftn=\toks18
)
\heavyrulewidth=\dimen154
\lightrulewidth=\dimen155
\cmidrulewidth=\dimen156
\belowrulesep=\dimen157
\belowbottomsep=\dimen158
\aboverulesep=\dimen159
\abovetopsep=\dimen160
\cmidrulesep=\dimen161
\cmidrulekern=\dimen162
\defaultaddspace=\dimen163
\@cmidla=\count273
\@cmidlb=\count274
\@aboverulesep=\dimen164
\@belowrulesep=\dimen165
\@thisruleclass=\count275
\@lastruleclass=\count276
\@thisrulewidth=\dimen166
\ctableftskip=\skip118
\ctabrightskip=\skip119
\abovecolumnspenalty=\count277
\@linestogo=\count278
\@cellstogo=\count279
\@cellsincolumn=\count280
\crtok=\toks19
\@mincolumnwidth=\dimen167
\c@newflo@tctr=\count281
\mem@margin@floatbox=\box53
\@contcwidth=\skip120
\@contindw=\skip121
\abovecaptionskip=\skip122
\belowcaptionskip=\skip123
\subfloattopskip=\skip124
\subfloatcapskip=\skip125
\subfloatcaptopadj=\skip126
\subfloatbottomskip=\skip127
\subfloatlabelskip=\skip128
\subfloatcapmargin=\dimen168
\c@@contsubnum=\count282
\m@mscap@capbox=\box54
\m@mscap@fbox=\box55
\sidecapsep=\dimen169
\sidecapwidth=\dimen170
\m@m@tempdima=\dimen171
\m@mscapraise=\dimen172
\sidecapraise=\dimen173
\m@mscapmainwidth=\dimen174
\m@mscaplkern=\dimen175
\beforeepigraphskip=\skip129
\afterepigraphskip=\skip130
\epigraphwidth=\skip131
\epigraphrule=\skip132
LaTeX Info: Redefining \em on input line 7655.
LaTeX Info: Redefining \emph on input line 7663.
\tocentryskip=\skip133
\tocbaseline=\skip134
\cftparskip=\skip135
\cftbeforebookskip=\skip136
\cftbookindent=\dimen176
\cftbooknumwidth=\dimen177
\cftbeforepartskip=\skip137
\cftpartindent=\skip138
\cftpartnumwidth=\skip139
\cftbeforechapterskip=\skip140
\cftchapterindent=\skip141
\cftchapternumwidth=\skip142
\cftbeforesectionskip=\skip143
\cftsectionindent=\skip144
\cftsectionnumwidth=\skip145
\cftbeforesubsectionskip=\skip146
\cftsubsectionindent=\skip147
\cftsubsectionnumwidth=\skip148
\cftbeforesubsubsectionskip=\skip149
\cftsubsubsectionindent=\skip150
\cftsubsubsectionnumwidth=\skip151
\cftbeforeparagraphskip=\skip152
\cftparagraphindent=\skip153
\cftparagraphnumwidth=\skip154
\cftbeforesubparagraphskip=\skip155
\cftsubparagraphindent=\skip156
\cftsubparagraphnumwidth=\skip157
\prechapterprecisshift=\dimen178
\c@maxsecnumdepth=\count283
\bibindent=\dimen179
\bibitemsep=\skip158
\indexcolsep=\skip159
\indexrule=\skip160
\indexmarkstyle=\toks20
\@indexbox=\insert252
\glossarycolsep=\dimen180
\glossaryrule=\dimen181
\sideparvshift=\skip161
\sideins=\insert251
\sidebartopsep=\skip162
\sidebarhsep=\skip163
\sidebarvsep=\skip164
\sidebarwidth=\skip165
\footmarkwidth=\skip166
\footmarksep=\skip167
\footparindent=\skip168
\footinsdim=\skip169
\footinsv@r=\insert250
\@mpfootinsv@r=\insert249
\m@m@k=\count284
\m@m@h=\dimen182
\m@mipn@skip=\skip170
\sidefootins=\insert248
\sidefootadjust=\skip171
\sidefootheight=\skip172
\sidefoothsep=\skip173
\sidefootvsep=\skip174
\sidefootwidth=\skip175
\m@mdownsf=\skip176
\c@sidefootnote=\count285
\sidefootmarkwidth=\skip177
\sidefootmarksep=\skip178
\sidefootparindent=\skip179
\c@pagenote=\count286
\c@pagenoteshadow=\count287
\mem@pn@lastkern=\skip180
\every@verbatim=\toks21
\afterevery@verbatim=\toks22
\verbatim@line=\toks23
\tab@position=\count288
\verbatim@in@stream=\read2
\verbatimindent=\skip181
\verbatim@out=\write3
\bvboxsep=\skip182
\c@memfbvline=\count289
\c@bvlinectr=\count290
\bvnumlength=\skip183
\fb@frw=\dimen183
\fb@frh=\dimen184
\FrameRule=\dimen185
\FrameSep=\dimen186
\c@cp@cntr=\count291
\c@ism@mctr=\count292
\c@xsm@mctr=\count293
\c@csm@mctr=\count294
\c@ksm@mctr=\count295
\c@xksm@mctr=\count296
\c@cksm@mctr=\count297
\c@msm@mctr=\count298
\c@xmsm@mctr=\count299
\c@cmsm@mctr=\count300
\c@bsm@mctr=\count301
\c@workm@mctr=\count302
\c@sheetsequence=\count303
\c@lastsheet=\count304
\c@lastpage=\count305

(e:/TexLive/texlive/2022/texmf-dist/tex/latex/textcase/textcase.sty
Package: textcase 2022/07/10 v1.03 Text only upper/lower case changing (DPC)
Package textcase Info: Defining Legacy names on input line 20.
)
\c@figure=\count306
\c@lofdepth=\count307
\cftbeforefigureskip=\skip184
\cftfigureindent=\skip185
\cftfigurenumwidth=\skip186
\c@table=\count308
\c@lotdepth=\count309
\cftbeforetableskip=\skip187
\cfttableindent=\skip188
\cfttablenumwidth=\skip189
Package abstract [2008/07/23] emulated by memoir.
Package appendix [2008/07/23] emulated by memoir.
Package booktabs [2016/05/16] emulated by memoir.
Package ccaption [2008/07/23] emulated by memoir.
Package changepage [2008/07/23] emulated by memoir.
Package chngcntr [2008/07/23] emulated by memoir.
Package chngpage [2008/07/23] emulated by memoir.
Package crop emulated by memoir.
Package enumerate [2008/07/23] emulated by memoir.
Package epigraph [2008/07/23] emulated by memoir.
Package ifmtarg [2008/07/23] emulated by memoir.
Package index [2008/07/23] emulated by memoir.
Package makeidx [2008/07/23] emulated by memoir.
Package moreverb [2008/07/23] emulated by memoir.
Package needspace [2008/07/23] emulated by memoir.
Package newfile [2008/07/23] emulated by memoir.
Package nextpage [2008/07/23] emulated by memoir.
Package pagenote [2008/07/23] emulated by memoir.
Package parskip [2008/07/23] emulated by memoir.
Package patchcmd [2008/07/23] emulated by memoir.
Package setspace [2008/07/23] emulated by memoir.
Package shortvrb [2008/07/23] emulated by memoir.
Package showidx [2008/07/23] emulated by memoir.
Package titleref [2008/07/23] emulated by memoir.
Package titling [2008/07/23] emulated by memoir.
Package tocbibind [2008/07/23] emulated by memoir.
Package tocloft [2008/07/23] emulated by memoir.
Package tocvsec2 [2008/07/23] emulated by memoir.
Package verbatim [2008/07/23] emulated by memoir.
Package verse [2008/07/23] emulated by memoir.
)
(./docs.sty
Package: docs 2020/11/03 Jeong Han Lee
 (e:/TexLive/texlive/2022/texmf-dist/tex/latex/geometry/geometry.sty
Package: geometry 2020/01/02 v5.9 Page Geometry
(e:/TexLive/texlive/2022/texmf-dist/tex/latex/graphics/keyval.sty
Package: keyval 2022/05/29 v1.15 key=value parser (DPC)
\KV@toks@=\toks24
)
(e:/TexLive/texlive/2022/texmf-dist/tex/generic/iftex/ifvtex.sty
Package: ifvtex 2019/10/25 v1.7 ifvtex legacy package. Use iftex instead.
)
\Gm@cnth=\count310
\Gm@cntv=\count311
\c@Gm@tempcnt=\count312
\Gm@bindingoffset=\dimen187
\Gm@wd@mp=\dimen188
\Gm@odd@mp=\dimen189
\Gm@even@mp=\dimen190
\Gm@layoutwidth=\dimen191
\Gm@layoutheight=\dimen192
\Gm@layouthoffset=\dimen193
\Gm@layoutvoffset=\dimen194
\Gm@dimlist=\toks25
)
(e:/TexLive/texlive/2022/texmf-dist/tex/latex/graphics/graphicx.sty
Package: graphicx 2021/09/16 v1.2d Enhanced LaTeX Graphics (DPC,SPQR)

(e:/TexLive/texlive/2022/texmf-dist/tex/latex/graphics/graphics.sty
Package: graphics 2022/03/10 v1.4e Standard LaTeX Graphics (DPC,SPQR)

(e:/TexLive/texlive/2022/texmf-dist/tex/latex/graphics/trig.sty
Package: trig 2021/08/11 v1.11 sin cos tan (DPC)
)
(e:/TexLive/texlive/2022/texmf-dist/tex/latex/graphics-cfg/graphics.cfg
File: graphics.cfg 2016/06/04 v1.11 sample graphics configuration
)
Package graphics Info: Driver file: pdftex.def on input line 107.

(e:/TexLive/texlive/2022/texmf-dist/tex/latex/graphics-def/pdftex.def
File: pdftex.def 2022/09/22 v1.2b Graphics/color driver for pdftex
))
\Gin@req@height=\dimen195
\Gin@req@width=\dimen196
)
(e:/TexLive/texlive/2022/texmf-dist/tex/latex/amsmath/amsmath.sty
Package: amsmath 2022/04/08 v2.17n AMS math features
\@mathmargin=\skip190

For additional information on amsmath, use the `?' option.
(e:/TexLive/texlive/2022/texmf-dist/tex/latex/amsmath/amstext.sty
Package: amstext 2021/08/26 v2.01 AMS text

(e:/TexLive/texlive/2022/texmf-dist/tex/latex/amsmath/amsgen.sty
File: amsgen.sty 1999/11/30 v2.0 generic functions
\@emptytoks=\toks26
\ex@=\dimen197
))
(e:/TexLive/texlive/2022/texmf-dist/tex/latex/amsmath/amsbsy.sty
Package: amsbsy 1999/11/29 v1.2d Bold Symbols
\pmbraise@=\dimen198
)
(e:/TexLive/texlive/2022/texmf-dist/tex/latex/amsmath/amsopn.sty
Package: amsopn 2022/04/08 v2.04 operator names
)
\inf@bad=\count313
LaTeX Info: Redefining \frac on input line 234.
\uproot@=\count314
\leftroot@=\count315
LaTeX Info: Redefining \overline on input line 399.
LaTeX Info: Redefining \colon on input line 410.
\classnum@=\count316
\DOTSCASE@=\count317
LaTeX Info: Redefining \ldots on input line 496.
LaTeX Info: Redefining \dots on input line 499.
LaTeX Info: Redefining \cdots on input line 620.
\Mathstrutbox@=\box56
\strutbox@=\box57
LaTeX Info: Redefining \big on input line 722.
LaTeX Info: Redefining \Big on input line 723.
LaTeX Info: Redefining \bigg on input line 724.
LaTeX Info: Redefining \Bigg on input line 725.
\big@size=\dimen199
LaTeX Font Info:    Redeclaring font encoding OML on input line 743.
LaTeX Font Info:    Redeclaring font encoding OMS on input line 744.
\macc@depth=\count318
LaTeX Info: Redefining \bmod on input line 905.
LaTeX Info: Redefining \pmod on input line 910.
LaTeX Info: Redefining \smash on input line 940.
LaTeX Info: Redefining \relbar on input line 970.
LaTeX Info: Redefining \Relbar on input line 971.
\c@MaxMatrixCols=\count319
\dotsspace@=\muskip16
\c@parentequation=\count320
\dspbrk@lvl=\count321
\tag@help=\toks27
\row@=\count322
\column@=\count323
\maxfields@=\count324
\andhelp@=\toks28
\eqnshift@=\dimen256
\alignsep@=\dimen257
\tagshift@=\dimen258
\tagwidth@=\dimen259
\totwidth@=\dimen260
\lineht@=\dimen261
\@envbody=\toks29
\multlinegap=\skip191
\multlinetaggap=\skip192
\mathdisplay@stack=\toks30
LaTeX Info: Redefining \[ on input line 2953.
LaTeX Info: Redefining \] on input line 2954.
)
(e:/TexLive/texlive/2022/texmf-dist/tex/latex/amsfonts/amssymb.sty
Package: amssymb 2013/01/14 v3.01 AMS font symbols

(e:/TexLive/texlive/2022/texmf-dist/tex/latex/amsfonts/amsfonts.sty
Package: amsfonts 2013/01/14 v3.01 Basic AMSFonts support
\symAMSa=\mathgroup4
\symAMSb=\mathgroup5
LaTeX Font Info:    Redeclaring math symbol \hbar on input line 98.
LaTeX Font Info:    Overwriting math alphabet `\mathfrak' in version `bold'
(Font)                  U/euf/m/n --> U/euf/b/n on input line 106.
))
(e:/TexLive/texlive/2022/texmf-dist/tex/latex/xcolor/xcolor.sty
Package: xcolor 2022/06/12 v2.14 LaTeX color extensions (UK)

(e:/TexLive/texlive/2022/texmf-dist/tex/latex/graphics-cfg/color.cfg
File: color.cfg 2016/01/02 v1.6 sample color configuration
)
Package xcolor Info: Driver file: pdftex.def on input line 227.

(e:/TexLive/texlive/2022/texmf-dist/tex/latex/graphics/mathcolor.ltx)
Package xcolor Info: Model `cmy' substituted by `cmy0' on input line 1353.
Package xcolor Info: Model `hsb' substituted by `rgb' on input line 1357.
Package xcolor Info: Model `RGB' extended on input line 1369.
Package xcolor Info: Model `HTML' substituted by `rgb' on input line 1371.
Package xcolor Info: Model `Hsb' substituted by `hsb' on input line 1372.
Package xcolor Info: Model `tHsb' substituted by `hsb' on input line 1373.
Package xcolor Info: Model `HSB' substituted by `hsb' on input line 1374.
Package xcolor Info: Model `Gray' substituted by `gray' on input line 1375.
Package xcolor Info: Model `wave' substituted by `hsb' on input line 1376.
)
(e:/TexLive/texlive/2022/texmf-dist/tex/latex/hyperref/hyperref.sty
Package: hyperref 2022-11-13 v7.00u Hypertext links for LaTeX

(e:/TexLive/texlive/2022/texmf-dist/tex/generic/ltxcmds/ltxcmds.sty
Package: ltxcmds 2020-05-10 v1.25 LaTeX kernel commands for general use (HO)
)
(e:/TexLive/texlive/2022/texmf-dist/tex/generic/pdftexcmds/pdftexcmds.sty
Package: pdftexcmds 2020-06-27 v0.33 Utility functions of pdfTeX for LuaTeX (HO
)

(e:/TexLive/texlive/2022/texmf-dist/tex/generic/infwarerr/infwarerr.sty
Package: infwarerr 2019/12/03 v1.5 Providing info/warning/error messages (HO)
)
Package pdftexcmds Info: \pdf@primitive is available.
Package pdftexcmds Info: \pdf@ifprimitive is available.
Package pdftexcmds Info: \pdfdraftmode found.
)
(e:/TexLive/texlive/2022/texmf-dist/tex/latex/kvsetkeys/kvsetkeys.sty
Package: kvsetkeys 2022-10-05 v1.19 Key value parser (HO)
)
(e:/TexLive/texlive/2022/texmf-dist/tex/generic/kvdefinekeys/kvdefinekeys.sty
Package: kvdefinekeys 2019-12-19 v1.6 Define keys (HO)
)
(e:/TexLive/texlive/2022/texmf-dist/tex/generic/pdfescape/pdfescape.sty
Package: pdfescape 2019/12/09 v1.15 Implements pdfTeX's escape features (HO)
)
(e:/TexLive/texlive/2022/texmf-dist/tex/latex/hycolor/hycolor.sty
Package: hycolor 2020-01-27 v1.10 Color options for hyperref/bookmark (HO)
)
(e:/TexLive/texlive/2022/texmf-dist/tex/latex/letltxmacro/letltxmacro.sty
Package: letltxmacro 2019/12/03 v1.6 Let assignment for LaTeX macros (HO)
)
(e:/TexLive/texlive/2022/texmf-dist/tex/latex/auxhook/auxhook.sty
Package: auxhook 2019-12-17 v1.6 Hooks for auxiliary files (HO)
)
(e:/TexLive/texlive/2022/texmf-dist/tex/latex/hyperref/nameref.sty
Package: nameref 2022-05-17 v2.50 Cross-referencing by name of section

(e:/TexLive/texlive/2022/texmf-dist/tex/latex/refcount/refcount.sty
Package: refcount 2019/12/15 v3.6 Data extraction from label references (HO)
)
(e:/TexLive/texlive/2022/texmf-dist/tex/generic/gettitlestring/gettitlestring.s
ty
Package: gettitlestring 2019/12/15 v1.6 Cleanup title references (HO)
 (e:/TexLive/texlive/2022/texmf-dist/tex/latex/kvoptions/kvoptions.sty
Package: kvoptions 2022-06-15 v3.15 Key value format for package options (HO)
))
\c@section@level=\count325
)
\@linkdim=\dimen262
\Hy@linkcounter=\count326
\Hy@pagecounter=\count327

(e:/TexLive/texlive/2022/texmf-dist/tex/latex/hyperref/pd1enc.def
File: pd1enc.def 2022-11-13 v7.00u Hyperref: PDFDocEncoding definition (HO)
Now handling font encoding PD1 ...
... no UTF-8 mapping file for font encoding PD1
)
(e:/TexLive/texlive/2022/texmf-dist/tex/generic/intcalc/intcalc.sty
Package: intcalc 2019/12/15 v1.3 Expandable calculations with integers (HO)
)
(e:/TexLive/texlive/2022/texmf-dist/tex/generic/etexcmds/etexcmds.sty
Package: etexcmds 2019/12/15 v1.7 Avoid name clashes with e-TeX commands (HO)
)
\Hy@SavedSpaceFactor=\count328

(e:/TexLive/texlive/2022/texmf-dist/tex/latex/hyperref/puenc.def
File: puenc.def 2022-11-13 v7.00u Hyperref: PDF Unicode definition (HO)
Now handling font encoding PU ...
... no UTF-8 mapping file for font encoding PU
)
Package hyperref Info: Hyper figures OFF on input line 4162.
Package hyperref Info: Link nesting OFF on input line 4167.
Package hyperref Info: Hyper index ON on input line 4170.
Package hyperref Info: Plain pages OFF on input line 4177.
Package hyperref Info: Backreferencing OFF on input line 4182.
Package hyperref Info: Implicit mode ON; LaTeX internals redefined.
Package hyperref Info: Bookmarks ON on input line 4410.
\c@Hy@tempcnt=\count329

(e:/TexLive/texlive/2022/texmf-dist/tex/latex/url/url.sty
\Urlmuskip=\muskip17
Package: url 2013/09/16  ver 3.4  Verb mode for urls, etc.
)
LaTeX Info: Redefining \url on input line 4748.
\XeTeXLinkMargin=\dimen263

(e:/TexLive/texlive/2022/texmf-dist/tex/generic/bitset/bitset.sty
Package: bitset 2019/12/09 v1.3 Handle bit-vector datatype (HO)

(e:/TexLive/texlive/2022/texmf-dist/tex/generic/bigintcalc/bigintcalc.sty
Package: bigintcalc 2019/12/15 v1.5 Expandable calculations on big integers (HO
)
))
\Fld@menulength=\count330
\Field@Width=\dimen264
\Fld@charsize=\dimen265
Package hyperref Info: Hyper figures OFF on input line 6027.
Package hyperref Info: Link nesting OFF on input line 6032.
Package hyperref Info: Hyper index ON on input line 6035.
Package hyperref Info: backreferencing OFF on input line 6042.
Package hyperref Info: Link coloring OFF on input line 6047.
Package hyperref Info: Link coloring with OCG OFF on input line 6052.
Package hyperref Info: PDF/A mode OFF on input line 6057.

(e:/TexLive/texlive/2022/texmf-dist/tex/latex/base/atbegshi-ltx.sty
Package: atbegshi-ltx 2021/01/10 v1.0c Emulation of the original atbegshi
package with kernel methods
)
\Hy@abspage=\count331
\c@Item=\count332
\c@Hfootnote=\count333
)
Package hyperref Info: Driver (autodetected): hpdftex.

(e:/TexLive/texlive/2022/texmf-dist/tex/latex/hyperref/hpdftex.def
File: hpdftex.def 2022-11-13 v7.00u Hyperref driver for pdfTeX

(e:/TexLive/texlive/2022/texmf-dist/tex/latex/base/atveryend-ltx.sty
Package: atveryend-ltx 2020/08/19 v1.0a Emulation of the original atveryend pac
kage
with kernel methods
)
\Fld@listcount=\count334
\c@bookmark@seq@number=\count335

(e:/TexLive/texlive/2022/texmf-dist/tex/latex/rerunfilecheck/rerunfilecheck.sty
Package: rerunfilecheck 2022-07-10 v1.10 Rerun checks for auxiliary files (HO)

(e:/TexLive/texlive/2022/texmf-dist/tex/generic/uniquecounter/uniquecounter.sty
Package: uniquecounter 2019/12/15 v1.4 Provide unlimited unique counter (HO)
)
Package uniquecounter Info: New unique counter `rerunfilecheck' on input line 2
85.
)
\Hy@SectionHShift=\skip193
) (e:/TexLive/texlive/2022/texmf-dist/tex/latex/memoir/memhfixc.sty
Package: memhfixc 2022/11/17 v1.20 nameref/hyperref package fixes for memoir cl
ass

Redoing nameref's sectioning
Redoing nameref's label
LaTeX Info: Redefining \nameref on input line 106.
\c@memhycontfloat=\count336
\c@Hpagenote=\count337
) (e:/TexLive/texlive/2022/texmf-dist/tex/latex/pstricks/pstricks.sty
Package: pstricks 2022/19/23 v0.72 LaTeX wrapper for `PSTricks' (RN,HV)

(e:/TexLive/texlive/2022/texmf-dist/tex/generic/xkeyval/pst-xkey.tex
File: pst-xkey.tex 2005/11/25 v1.6 PSTricks specialization of xkeyval (HA)

(e:/TexLive/texlive/2022/texmf-dist/tex/latex/xkeyval/xkeyval.sty
Package: xkeyval 2022/06/16 v2.9 package option processing (HA)

(e:/TexLive/texlive/2022/texmf-dist/tex/generic/xkeyval/xkeyval.tex
(e:/TexLive/texlive/2022/texmf-dist/tex/generic/xkeyval/xkvutils.tex
\XKV@toks=\toks31
\XKV@tempa@toks=\toks32
)
\XKV@depth=\count338
File: xkeyval.tex 2014/12/03 v2.7a key=value parser (HA)
)))
(e:/TexLive/texlive/2022/texmf-dist/tex/generic/pstricks/pstricks.tex
(e:/TexLive/texlive/2022/texmf-dist/tex/generic/pstricks/pst-fp.tex
`pst-fp' v0.06, 2020/11/20 (hv)
\pstFP@xs=\count339
\pstFP@xia=\count340
\pstFP@xib=\count341
\pstFP@xfa=\count342
\pstFP@xfb=\count343
\pstFP@rega=\count344
\pstFP@regb=\count345
\pstFP@regs=\count346
\pstFP@times=\count347
)
(e:/TexLive/texlive/2022/texmf-dist/tex/latex/pgf/utilities/pgffor.sty
(e:/TexLive/texlive/2022/texmf-dist/tex/latex/pgf/utilities/pgfrcs.sty
(e:/TexLive/texlive/2022/texmf-dist/tex/generic/pgf/utilities/pgfutil-common.te
x
\pgfutil@everybye=\toks33
\pgfutil@tempdima=\dimen266
\pgfutil@tempdimb=\dimen267

(e:/TexLive/texlive/2022/texmf-dist/tex/generic/pgf/utilities/pgfutil-common-li
sts.tex))
(e:/TexLive/texlive/2022/texmf-dist/tex/generic/pgf/utilities/pgfutil-latex.def
\pgfutil@abb=\box58
) (e:/TexLive/texlive/2022/texmf-dist/tex/generic/pgf/utilities/pgfrcs.code.tex
(e:/TexLive/texlive/2022/texmf-dist/tex/generic/pgf/pgf.revision.tex)
Package: pgfrcs 2021/05/15 v3.1.9a (3.1.9a)
))
(e:/TexLive/texlive/2022/texmf-dist/tex/latex/pgf/utilities/pgfkeys.sty
(e:/TexLive/texlive/2022/texmf-dist/tex/generic/pgf/utilities/pgfkeys.code.tex
\pgfkeys@pathtoks=\toks34
\pgfkeys@temptoks=\toks35

(e:/TexLive/texlive/2022/texmf-dist/tex/generic/pgf/utilities/pgfkeysfiltered.c
ode.tex
\pgfkeys@tmptoks=\toks36
))) (e:/TexLive/texlive/2022/texmf-dist/tex/latex/pgf/math/pgfmath.sty
(e:/TexLive/texlive/2022/texmf-dist/tex/generic/pgf/math/pgfmath.code.tex
(e:/TexLive/texlive/2022/texmf-dist/tex/generic/pgf/math/pgfmathcalc.code.tex
(e:/TexLive/texlive/2022/texmf-dist/tex/generic/pgf/math/pgfmathutil.code.tex
\pgf@x=\dimen268
\pgf@xa=\dimen269
\pgf@xb=\dimen270
\pgf@xc=\dimen271
\pgf@y=\dimen272
\pgf@ya=\dimen273
\pgf@yb=\dimen274
\pgf@yc=\dimen275
\c@pgf@counta=\count348
\c@pgf@countb=\count349
\c@pgf@countc=\count350
\c@pgf@countd=\count351
)
(e:/TexLive/texlive/2022/texmf-dist/tex/generic/pgf/math/pgfmathparser.code.tex
\pgfmath@dimen=\dimen276
\pgfmath@count=\count352
\pgfmath@box=\box59
\pgfmath@toks=\toks37
\pgfmath@stack@operand=\toks38
\pgfmath@stack@operation=\toks39
)
(e:/TexLive/texlive/2022/texmf-dist/tex/generic/pgf/math/pgfmathfunctions.code.
tex
(e:/TexLive/texlive/2022/texmf-dist/tex/generic/pgf/math/pgfmathfunctions.basic
.code.tex)
(e:/TexLive/texlive/2022/texmf-dist/tex/generic/pgf/math/pgfmathfunctions.trigo
nometric.code.tex)
(e:/TexLive/texlive/2022/texmf-dist/tex/generic/pgf/math/pgfmathfunctions.rando
m.code.tex)
(e:/TexLive/texlive/2022/texmf-dist/tex/generic/pgf/math/pgfmathfunctions.compa
rison.code.tex)
(e:/TexLive/texlive/2022/texmf-dist/tex/generic/pgf/math/pgfmathfunctions.base.
code.tex)
(e:/TexLive/texlive/2022/texmf-dist/tex/generic/pgf/math/pgfmathfunctions.round
.code.tex)
(e:/TexLive/texlive/2022/texmf-dist/tex/generic/pgf/math/pgfmathfunctions.misc.
code.tex)
(e:/TexLive/texlive/2022/texmf-dist/tex/generic/pgf/math/pgfmathfunctions.integ
erarithmetics.code.tex)))
(e:/TexLive/texlive/2022/texmf-dist/tex/generic/pgf/math/pgfmathfloat.code.tex
\c@pgfmathroundto@lastzeros=\count353
)))
(e:/TexLive/texlive/2022/texmf-dist/tex/generic/pgf/utilities/pgffor.code.tex
Package: pgffor 2021/05/15 v3.1.9a (3.1.9a)

(e:/TexLive/texlive/2022/texmf-dist/tex/generic/pgf/math/pgfmath.code.tex)
\pgffor@iter=\dimen277
\pgffor@skip=\dimen278
\pgffor@stack=\toks40
\pgffor@toks=\toks41
))
\psLoopIndex=\count354

`PSTricks' v3.18  <2022/11/28> (tvz,hv)
\pst@dima=\dimen279
\pst@dimb=\dimen280
\pst@dimc=\dimen281
\pst@dimd=\dimen282
\pst@dimg=\dimen283
\pst@dimh=\dimen284
\pst@dimm=\dimen285
\pst@dimn=\dimen286
\pst@dimo=\dimen287
\pst@dimp=\dimen288
\pst@hbox=\box60
\pst@ibox=\box61
\pst@boxg=\box62
\pst@cnta=\count355
\pst@cntb=\count356
\pst@cntc=\count357
\pst@cntd=\count358
\pst@cntg=\count359
\pst@cnth=\count360
\pst@cntm=\count361
\pst@cntn=\count362
\pst@cnto=\count363
\pst@cntp=\count364
\@zero=\count365
\pst@toks=\toks42
--- We are running latex or xelatex ---
(e:/TexLive/texlive/2022/texmf-dist/tex/generic/pstricks/pstricks.con)
(e:/TexLive/texlive/2022/texmf-dist/tex/generic/pstricks/pstricks-color.tex)
\psunit=\dimen289
\psxunit=\dimen290
\psyunit=\dimen291
\pst@C@@rType=\count366
\pslinewidth=\dimen292
\psk@startLW=\dimen293
\psk@endLW=\dimen294

(e:/TexLive/texlive/2022/texmf-dist/tex/generic/pstricks/pstricks-arrows.tex
\pshooklength=\dimen295
\pshookwidth=\dimen296
)
\pst@customdefs=\toks43

(e:/TexLive/texlive/2022/texmf-dist/tex/generic/pstricks/pstricks-dots.tex)
\pslinearc=\dimen297
\pst@symbolStep=\dimen298
\pst@symbolWidth=\dimen299
\pst@symbolLinewidth=\dimen300
\everypsbox=\toks44
\psframesep=\dimen301
\pslabelsep=\dimen302
\sh@wgridXunit=\dimen303
\sh@wgridYunit=\dimen304
\pst@shift=\dimen305
\ps@imagectr=\count367

(e:/TexLive/texlive/2022/texmf-dist/tex/generic/pstricks/pstricks.con))
File: pstricks.tex 2022/11/28 v3.18 `PSTricks' (tvz,hv)

(e:/TexLive/texlive/2022/texmf-dist/tex/generic/pstricks/pst-fp.tex
`pst-fp' v0.06, 2020/11/20 (hv))
File: pst-fp.tex 2020/11/20 v0.06 `PST-fp' (hv)
)
(e:/TexLive/texlive/2022/texmf-dist/tex/latex/psnfss/pifont.sty
Package: pifont 2020/03/25 PSNFSS-v9.3 Pi font support (SPQR) 
LaTeX Font Info:    Trying to load font information for U+pzd on input line 63.


(e:/TexLive/texlive/2022/texmf-dist/tex/latex/psnfss/upzd.fd
File: upzd.fd 2001/06/04 font definitions for U/pzd.
)
LaTeX Font Info:    Trying to load font information for U+psy on input line 64.


(e:/TexLive/texlive/2022/texmf-dist/tex/latex/psnfss/upsy.fd
File: upsy.fd 2001/06/04 font definitions for U/psy.
))
(e:/TexLive/texlive/2022/texmf-dist/tex/latex/wasysym/wasysym.sty
Package: wasysym 2020/01/19 v2.4 Wasy-2 symbol support package
\symwasy=\mathgroup6
LaTeX Font Info:    Overwriting symbol font `wasy' in version `bold'
(Font)                  U/wasy/m/n --> U/wasy/b/n on input line 93.
)
(e:/TexLive/texlive/2022/texmf-dist/tex/latex/multirow/multirow.sty
Package: multirow 2021/03/15 v2.8 Span multiple rows of a table
\multirow@colwidth=\skip194
\multirow@cntb=\count368
\multirow@dima=\skip195
\bigstrutjot=\dimen306
)
(e:/TexLive/texlive/2022/texmf-dist/tex/latex/base/latexsym.sty
Package: latexsym 1998/08/17 v2.2e Standard LaTeX package (lasy symbols)
\symlasy=\mathgroup7
LaTeX Font Info:    Overwriting symbol font `lasy' in version `bold'
(Font)                  U/lasy/m/n --> U/lasy/b/n on input line 52.
)
(e:/TexLive/texlive/2022/texmf-dist/tex/latex/base/textcomp.sty
Package: textcomp 2020/02/02 v2.0n Standard LaTeX package
)
(e:/TexLive/texlive/2022/texmf-dist/tex/latex/tools/longtable.sty
Package: longtable 2021-09-01 v4.17 Multi-page Table package (DPC)
\LTleft=\skip196
\LTright=\skip197
\LTpre=\skip198
\LTpost=\skip199
\LTchunksize=\count369
\LTcapwidth=\dimen307
\LT@head=\box63
\LT@firsthead=\box64
\LT@foot=\box65
\LT@lastfoot=\box66
\LT@gbox=\box67
\LT@cols=\count370
\LT@rows=\count371
\c@LT@tables=\count372
\c@LT@chunks=\count373
\LT@p@ftn=\toks45
)
(e:/TexLive/texlive/2022/texmf-dist/tex/latex/framed/framed.sty
Package: framed 2011/10/22 v 0.96: framed or shaded text with page breaks
\OuterFrameSep=\skip256
\fb@frw=\dimen308
\fb@frh=\dimen309
)
(e:/TexLive/texlive/2022/texmf-dist/tex/generic/iftex/ifpdf.sty
Package: ifpdf 2019/10/25 v3.4 ifpdf legacy package. Use iftex instead.
)
(e:/TexLive/texlive/2022/texmf-dist/tex/latex/base/alltt.sty
Package: alltt 2021/01/29 v2.0g defines alltt environment
)
(e:/TexLive/texlive/2022/texmf-dist/tex/latex/listings/listings.sty
\lst@mode=\count374
\lst@gtempboxa=\box68
\lst@token=\toks46
\lst@length=\count375
\lst@currlwidth=\dimen310
\lst@column=\count376
\lst@pos=\count377
\lst@lostspace=\dimen311
\lst@width=\dimen312
\lst@newlines=\count378
\lst@lineno=\count379
\lst@maxwidth=\dimen313

(e:/TexLive/texlive/2022/texmf-dist/tex/latex/listings/lstmisc.sty
File: lstmisc.sty 2020/03/24 1.8d (Carsten Heinz)
\c@lstnumber=\count380
\lst@skipnumbers=\count381
\lst@framebox=\box69
)
(e:/TexLive/texlive/2022/texmf-dist/tex/latex/listings/listings.cfg
File: listings.cfg 2020/03/24 1.8d listings configuration
))
Package: listings 2020/03/24 1.8d (Carsten Heinz)
Package hyperref Info: Option `bookmarksnumbered' set `true' on input line 229.

Package hyperref Info: Option `bookmarksopen' set `false' on input line 229.
Package hyperref Info: Option `colorlinks' set `true' on input line 229.
Package hyperref Info: Option `breaklinks' set `true' on input line 232.
\c@subfigure=\count382
\cftbeforesubfigureskip=\skip257
\cftsubfigureindent=\skip258
\cftsubfigurenumwidth=\skip259
\c@subtable=\count383
\cftbeforesubtableskip=\skip260
\cftsubtableindent=\skip261
\cftsubtablenumwidth=\skip262
)
(e:/TexLive/texlive/2022/texmf-dist/tex/latex/natbib/natbib.sty
Package: natbib 2010/09/13 8.31b (PWD, AO)
\bibhang=\skip263
\bibsep=\skip264
LaTeX Info: Redefining \cite on input line 694.
\c@NAT@ctr=\count384
)
(e:/TexLive/texlive/2022/texmf-dist/tex/latex/csquotes/csquotes.sty
Package: csquotes 2022-09-14 v5.2n context-sensitive quotations (JAW)
\csq@reset=\count385
\csq@gtype=\count386
\csq@glevel=\count387
\csq@qlevel=\count388
\csq@maxlvl=\count389
\csq@tshold=\count390
\csq@ltx@everypar=\toks47

(e:/TexLive/texlive/2022/texmf-dist/tex/latex/csquotes/csquotes.def
File: csquotes.def 2022-09-14 v5.2n csquotes generic definitions (JAW)
)
Package csquotes Info: Trying to load configuration file 'csquotes.cfg'...
Package csquotes Info: ... configuration file loaded successfully.

(e:/TexLive/texlive/2022/texmf-dist/tex/latex/csquotes/csquotes.cfg
File: csquotes.cfg 
)
Package csquotes Info: Enabling multilingual quotes.
)
(e:/TexLive/texlive/2022/texmf-dist/tex/latex/blindtext/blindtext.sty
Package: blindtext 2012/01/06 V2.0 blindtext-Package

(e:/TexLive/texlive/2022/texmf-dist/tex/latex/tools/xspace.sty
Package: xspace 2014/10/28 v1.13 Space after command names (DPC,MH)
)
\c@blindtext=\count391
\c@Blindtext=\count392
\c@blind@countparstart=\count393
\blind@countxx=\count394
\blindtext@numBlindtext=\count395
\blind@countyy=\count396
\c@blindlist=\count397
\c@blindlistlevel=\count398
\c@blindlist@level=\count399
\blind@listitem=\count400
\c@blind@listcount=\count401
\c@blind@levelcount=\count402
\blind@mathformula=\count403
\blind@Mathformula=\count404
\c@blind@randomcount=\count405
\c@blind@randommax=\count406
\c@blind@pangramcount=\count407
\c@blind@pangrammax=\count408
)
Package csquotes Info: Checking for multilingual support...
Package csquotes Info: ... none found.


Package csquotes Warning: No multilingual support.
(csquotes)                Cannot enable multilingual quotes on input line 21.

(e:/TexLive/texlive/2022/texmf-dist/tex/latex/l3backend/l3backend-pdftex.def
File: l3backend-pdftex.def 2022-10-26 L3 backend support: PDF output (pdfTeX)
\l__color_backend_stack_int=\count409
\l__pdf_internal_box=\box70
)
(./epicsiocdevguide.aux)
\openout1 = `epicsiocdevguide.aux'.

LaTeX Font Info:    Checking defaults for OML/cmm/m/it on input line 21.
LaTeX Font Info:    ... okay on input line 21.
LaTeX Font Info:    Checking defaults for OMS/cmsy/m/n on input line 21.
LaTeX Font Info:    ... okay on input line 21.
LaTeX Font Info:    Checking defaults for OT1/cmr/m/n on input line 21.
LaTeX Font Info:    ... okay on input line 21.
LaTeX Font Info:    Checking defaults for T1/cmr/m/n on input line 21.
LaTeX Font Info:    ... okay on input line 21.
LaTeX Font Info:    Checking defaults for TS1/cmr/m/n on input line 21.
LaTeX Font Info:    ... okay on input line 21.
LaTeX Font Info:    Checking defaults for OMX/cmex/m/n on input line 21.
LaTeX Font Info:    ... okay on input line 21.
LaTeX Font Info:    Checking defaults for U/cmr/m/n on input line 21.
LaTeX Font Info:    ... okay on input line 21.
LaTeX Font Info:    Checking defaults for PD1/pdf/m/n on input line 21.
LaTeX Font Info:    ... okay on input line 21.
LaTeX Font Info:    Checking defaults for PU/pdf/m/n on input line 21.
LaTeX Font Info:    ... okay on input line 21.

*geometry* driver: auto-detecting
*geometry* detected driver: pdftex
*geometry* verbose mode - [ preamble ] result:
* driver: pdftex
* paper: letterpaper
* layout: <same size as paper>
* layoutoffset:(h,v)=(0.0pt,0.0pt)
* hratio: 1:1
* vratio: 1:1
* modes: 
* h-part:(L,W,R)=(92.14519pt, 430.00462pt, 92.14519pt)
* v-part:(T,H,B)=(119.2467pt, 556.47656pt, 119.24672pt)
* \paperwidth=614.295pt
* \paperheight=794.96999pt
* \textwidth=430.00462pt
* \textheight=556.47656pt
* \oddsidemargin=19.8752pt
* \evensidemargin=19.8752pt
* \topmargin=13.50291pt
* \headheight=13.6pt
* \headsep=19.8738pt
* \topskip=11.0pt
* \footskip=74.0pt
* \marginparwidth=57.0pt
* \marginparsep=7.0pt
* \columnsep=10.0pt
* \skip\footins=12.0pt plus 4.0pt minus 4.0pt
* \hoffset=0.0pt
* \voffset=0.0pt
* \mag=1000
* \@twocolumnfalse
* \@twosidefalse
* \@mparswitchfalse
* \@reversemarginfalse
* (1in=72.27pt=25.4mm, 1cm=28.453pt)

(e:/TexLive/texlive/2022/texmf-dist/tex/context/base/mkii/supp-pdf.mkii
[Loading MPS to PDF converter (version 2006.09.02).]
\scratchcounter=\count410
\scratchdimen=\dimen314
\scratchbox=\box71
\nofMPsegments=\count411
\nofMParguments=\count412
\everyMPshowfont=\toks48
\MPscratchCnt=\count413
\MPscratchDim=\dimen315
\MPnumerator=\count414
\makeMPintoPDFobject=\count415
\everyMPtoPDFconversion=\toks49
) (e:/TexLive/texlive/2022/texmf-dist/tex/latex/epstopdf-pkg/epstopdf-base.sty
Package: epstopdf-base 2020-01-24 v2.11 Base part for package epstopdf
Package epstopdf-base Info: Redefining graphics rule for `.eps' on input line 4
85.

(e:/TexLive/texlive/2022/texmf-dist/tex/latex/latexconfig/epstopdf-sys.cfg
File: epstopdf-sys.cfg 2010/07/13 v1.3 Configuration of (r)epstopdf for TeX Liv
e
))
Package hyperref Info: Link coloring ON on input line 21.

(./epicsiocdevguide.out) (./epicsiocdevguide.out)
\@outlinefile=\write4
\openout4 = `epicsiocdevguide.out'.

\c@lstlisting=\count416
Package epstopdf Info: Source file: <./figs/alsulogo.eps>
(epstopdf)                    date: 2022-12-07 17:54:26
(epstopdf)                    size: 125055 bytes
(epstopdf)             Output file: <./figs/alsulogo-eps-converted-to.pdf>
(epstopdf)                    date: 2022-12-07 17:56:03
(epstopdf)                    size: 122872 bytes
(epstopdf)             Command: <repstopdf --outfile=./figs/alsulogo-eps-conver
ted-to.pdf ./figs/alsulogo.eps>
(epstopdf)             \includegraphics on input line 40.
Package epstopdf Info: Output file is already uptodate.
<./figs/alsulogo-eps-converted-to.pdf, id=88, 439.6425pt x 338.26375pt>
File: ./figs/alsulogo-eps-converted-to.pdf Graphic file (type pdf)
<use ./figs/alsulogo-eps-converted-to.pdf>
Package pdftex.def Info: ./figs/alsulogo-eps-converted-to.pdf  used on input li
ne 40.
(pdftex.def)             Requested size: 344.005pt x 264.68597pt.
 [1
Non-PDF special ignored!
<special> header=pstricks.pro
Non-PDF special ignored!
<special> header=pst-algparser.pro
Non-PDF special ignored!
<special> header=pst-tools.pro
Non-PDF special ignored!
<special> header=pst-dots.pro

Non-PDF special ignored!
<special> ps: /pssetRGBcolor /setrgbcolor load def /pssetCMYKcolor /setcmyk...
Non-PDF special ignored!
<special> ps:tx@Dict begin  gsave STV CP T /ps@rot 0 def grestore  end
Non-PDF special ignored!
<special> ps:tx@Dict begin  gsave STV CP T /ps@refangle 0.  def grestore  e...
Non-PDF special ignored!
<special> ps:0.8 setlinewidth 0 setgray
Non-PDF special ignored!
<special> papersize=215.9mm,279.4mm
{e:/TexLive/texlive/2022/texmf-var/fonts/map/pdftex/updmap/pdftex.map} <./figs/
alsulogo-eps-converted-to.pdf>]

Package hyperref Warning: Token not allowed in a PDF string (Unicode):
(hyperref)                removing `\<let>-command' on input line 43.


Package hyperref Warning: Token not allowed in a PDF string (Unicode):
(hyperref)                removing `\\' on input line 43.


Package hyperref Warning: Token not allowed in a PDF string (Unicode):
(hyperref)                removing `\@centercr' on input line 43.


Package hyperref Warning: Token not allowed in a PDF string (Unicode):
(hyperref)                removing `\rightskip' on input line 43.


Package hyperref Warning: Token not allowed in a PDF string (Unicode):
(hyperref)                removing `\@flushglue' on input line 43.


Package hyperref Warning: Token not allowed in a PDF string (Unicode):
(hyperref)                removing `\leftskip' on input line 43.


Package hyperref Warning: Token not allowed in a PDF string (Unicode):
(hyperref)                removing `\@flushglue' on input line 43.


Package hyperref Warning: Token not allowed in a PDF string (Unicode):
(hyperref)                removing `\finalhyphendemerits' on input line 43.


Package hyperref Warning: Token not allowed in a PDF string (Unicode):
(hyperref)                removing `\z@' on input line 43.


Package hyperref Warning: Token not allowed in a PDF string (Unicode):
(hyperref)                removing `\parindent' on input line 43.


Package hyperref Warning: Token not allowed in a PDF string (Unicode):
(hyperref)                removing `\z@' on input line 43.


Package hyperref Warning: Token not allowed in a PDF string (Unicode):
(hyperref)                removing `\parfillskip' on input line 43.


Package hyperref Warning: Token not allowed in a PDF string (Unicode):
(hyperref)                removing `\z@skip' on input line 43.

(./epicsiocdevguide.toc
LaTeX Font Info:    Trying to load font information for U+msa on input line 1.

(e:/TexLive/texlive/2022/texmf-dist/tex/latex/amsfonts/umsa.fd
File: umsa.fd 2013/01/14 v3.01 AMS symbols A
)
LaTeX Font Info:    Trying to load font information for U+msb on input line 1.

(e:/TexLive/texlive/2022/texmf-dist/tex/latex/amsfonts/umsb.fd
File: umsb.fd 2013/01/14 v3.01 AMS symbols B
)
LaTeX Font Info:    Trying to load font information for U+wasy on input line 1.


(e:/TexLive/texlive/2022/texmf-dist/tex/latex/wasysym/uwasy.fd
File: uwasy.fd 2020/01/19 v2.4 Wasy-2 symbol font definitions
)
LaTeX Font Info:    Trying to load font information for U+lasy on input line 1.


(e:/TexLive/texlive/2022/texmf-dist/tex/latex/base/ulasy.fd
File: ulasy.fd 1998/08/17 v2.2e LaTeX symbol font definitions
)) [2]
Underfull \hbox (badness 10000) in alignment at lines 76--76
[][] 
 []


Underfull \hbox (badness 10000) in alignment at lines 91--91
[][] 
 []

Package epstopdf Info: Source file: <./figs/LBNLLogo.eps>
(epstopdf)                    date: 2022-12-07 17:54:26
(epstopdf)                    size: 7747 bytes
(epstopdf)             Output file: <./figs/LBNLLogo-eps-converted-to.pdf>
(epstopdf)                    date: 2022-12-07 17:56:06
(epstopdf)                    size: 4184 bytes
(epstopdf)             Command: <repstopdf --outfile=./figs/LBNLLogo-eps-conver
ted-to.pdf ./figs/LBNLLogo.eps>
(epstopdf)             \includegraphics on input line 99.
Package epstopdf Info: Output file is already uptodate.
<./figs/LBNLLogo-eps-converted-to.pdf, id=126, 331.2375pt x 72.27pt>
File: ./figs/LBNLLogo-eps-converted-to.pdf Graphic file (type pdf)
<use ./figs/LBNLLogo-eps-converted-to.pdf>
Package pdftex.def Info: ./figs/LBNLLogo-eps-converted-to.pdf  used on input li
ne 99.
(pdftex.def)             Requested size: 85.9996pt x 18.76328pt.

LaTeX Font Warning: Font shape `OT1/cmr/m/n' in size <4> not available
(Font)              size <5> substituted on input line 99.

Package epstopdf Info: Source file: <./figs/alsulogo2.eps>
(epstopdf)                    date: 2022-12-07 17:54:26
(epstopdf)                    size: 125158 bytes
(epstopdf)             Output file: <./figs/alsulogo2-eps-converted-to.pdf>
(epstopdf)                    date: 2022-12-07 17:56:10
(epstopdf)                    size: 122895 bytes
(epstopdf)             Command: <repstopdf --outfile=./figs/alsulogo2-eps-conve
rted-to.pdf ./figs/alsulogo2.eps>
(epstopdf)             \includegraphics on input line 99.
Package epstopdf Info: Output file is already uptodate.
<./figs/alsulogo2-eps-converted-to.pdf, id=127, 314.17375pt x 163.61125pt>
File: ./figs/alsulogo2-eps-converted-to.pdf Graphic file (type pdf)
<use ./figs/alsulogo2-eps-converted-to.pdf>
Package pdftex.def Info: ./figs/alsulogo2-eps-converted-to.pdf  used on input l
ine 99.
(pdftex.def)             Requested size: 51.59845pt x 26.86986pt.
[3 <./figs/LBNLLogo-eps-converted-to.pdf> <./figs/alsulogo2-eps-converted-to.pd
f>] (e:/TexLive/texlive/2022/texmf-dist/tex/latex/base/ts1cmtt.fd)
Underfull \hbox (badness 10000) in alignment at lines 123--123
[][][] 
 []

Package epstopdf Info: Source file: <./figs/LBNLLogo.eps>
(epstopdf)                    date: 2022-12-07 17:54:26
(epstopdf)                    size: 7747 bytes
(epstopdf)             Output file: <./figs/LBNLLogo-eps-converted-to.pdf>
(epstopdf)                    date: 2022-12-07 17:56:06
(epstopdf)                    size: 4184 bytes
(epstopdf)             Command: <repstopdf --outfile=./figs/LBNLLogo-eps-conver
ted-to.pdf ./figs/LBNLLogo.eps>
(epstopdf)             \includegraphics on input line 135.
Package epstopdf Info: Output file is already uptodate.
File: ./figs/LBNLLogo-eps-converted-to.pdf Graphic file (type pdf)
<use ./figs/LBNLLogo-eps-converted-to.pdf>
Package pdftex.def Info: ./figs/LBNLLogo-eps-converted-to.pdf  used on input li
ne 135.
(pdftex.def)             Requested size: 85.9996pt x 18.76328pt.
Package epstopdf Info: Source file: <./figs/alsulogo2.eps>
(epstopdf)                    date: 2022-12-07 17:54:26
(epstopdf)                    size: 125158 bytes
(epstopdf)             Output file: <./figs/alsulogo2-eps-converted-to.pdf>
(epstopdf)                    date: 2022-12-07 17:56:10
(epstopdf)                    size: 122895 bytes
(epstopdf)             Command: <repstopdf --outfile=./figs/alsulogo2-eps-conve
rted-to.pdf ./figs/alsulogo2.eps>
(epstopdf)             \includegraphics on input line 135.
Package epstopdf Info: Output file is already uptodate.
File: ./figs/alsulogo2-eps-converted-to.pdf Graphic file (type pdf)
<use ./figs/alsulogo2-eps-converted-to.pdf>
Package pdftex.def Info: ./figs/alsulogo2-eps-converted-to.pdf  used on input l
ine 135.
(pdftex.def)             Requested size: 51.59845pt x 26.86986pt.
[4]
Package epstopdf Info: Source file: <./figs/LBNLLogo.eps>
(epstopdf)                    date: 2022-12-07 17:54:26
(epstopdf)                    size: 7747 bytes
(epstopdf)             Output file: <./figs/LBNLLogo-eps-converted-to.pdf>
(epstopdf)                    date: 2022-12-07 17:56:06
(epstopdf)                    size: 4184 bytes
(epstopdf)             Command: <repstopdf --outfile=./figs/LBNLLogo-eps-conver
ted-to.pdf ./figs/LBNLLogo.eps>
(epstopdf)             \includegraphics on input line 180.
Package epstopdf Info: Output file is already uptodate.
File: ./figs/LBNLLogo-eps-converted-to.pdf Graphic file (type pdf)
<use ./figs/LBNLLogo-eps-converted-to.pdf>
Package pdftex.def Info: ./figs/LBNLLogo-eps-converted-to.pdf  used on input li
ne 180.
(pdftex.def)             Requested size: 85.9996pt x 18.76328pt.
Package epstopdf Info: Source file: <./figs/alsulogo2.eps>
(epstopdf)                    date: 2022-12-07 17:54:26
(epstopdf)                    size: 125158 bytes
(epstopdf)             Output file: <./figs/alsulogo2-eps-converted-to.pdf>
(epstopdf)                    date: 2022-12-07 17:56:10
(epstopdf)                    size: 122895 bytes
(epstopdf)             Command: <repstopdf --outfile=./figs/alsulogo2-eps-conve
rted-to.pdf ./figs/alsulogo2.eps>
(epstopdf)             \includegraphics on input line 180.
Package epstopdf Info: Output file is already uptodate.
File: ./figs/alsulogo2-eps-converted-to.pdf Graphic file (type pdf)
<use ./figs/alsulogo2-eps-converted-to.pdf>
Package pdftex.def Info: ./figs/alsulogo2-eps-converted-to.pdf  used on input l
ine 180.
(pdftex.def)             Requested size: 51.59845pt x 26.86986pt.
 [5]
Package epstopdf Info: Source file: <./figs/LBNLLogo.eps>
(epstopdf)                    date: 2022-12-07 17:54:26
(epstopdf)                    size: 7747 bytes
(epstopdf)             Output file: <./figs/LBNLLogo-eps-converted-to.pdf>
(epstopdf)                    date: 2022-12-07 17:56:06
(epstopdf)                    size: 4184 bytes
(epstopdf)             Command: <repstopdf --outfile=./figs/LBNLLogo-eps-conver
ted-to.pdf ./figs/LBNLLogo.eps>
(epstopdf)             \includegraphics on input line 235.
Package epstopdf Info: Output file is already uptodate.
File: ./figs/LBNLLogo-eps-converted-to.pdf Graphic file (type pdf)
<use ./figs/LBNLLogo-eps-converted-to.pdf>
Package pdftex.def Info: ./figs/LBNLLogo-eps-converted-to.pdf  used on input li
ne 235.
(pdftex.def)             Requested size: 85.9996pt x 18.76328pt.
Package epstopdf Info: Source file: <./figs/alsulogo2.eps>
(epstopdf)                    date: 2022-12-07 17:54:26
(epstopdf)                    size: 125158 bytes
(epstopdf)             Output file: <./figs/alsulogo2-eps-converted-to.pdf>
(epstopdf)                    date: 2022-12-07 17:56:10
(epstopdf)                    size: 122895 bytes
(epstopdf)             Command: <repstopdf --outfile=./figs/alsulogo2-eps-conve
rted-to.pdf ./figs/alsulogo2.eps>
(epstopdf)             \includegraphics on input line 235.
Package epstopdf Info: Output file is already uptodate.
File: ./figs/alsulogo2-eps-converted-to.pdf Graphic file (type pdf)
<use ./figs/alsulogo2-eps-converted-to.pdf>
Package pdftex.def Info: ./figs/alsulogo2-eps-converted-to.pdf  used on input l
ine 235.
(pdftex.def)             Requested size: 51.59845pt x 26.86986pt.
 [6]
Package epstopdf Info: Source file: <./figs/LBNLLogo.eps>
(epstopdf)                    date: 2022-12-07 17:54:26
(epstopdf)                    size: 7747 bytes
(epstopdf)             Output file: <./figs/LBNLLogo-eps-converted-to.pdf>
(epstopdf)                    date: 2022-12-07 17:56:06
(epstopdf)                    size: 4184 bytes
(epstopdf)             Command: <repstopdf --outfile=./figs/LBNLLogo-eps-conver
ted-to.pdf ./figs/LBNLLogo.eps>
(epstopdf)             \includegraphics on input line 265.
Package epstopdf Info: Output file is already uptodate.
File: ./figs/LBNLLogo-eps-converted-to.pdf Graphic file (type pdf)
<use ./figs/LBNLLogo-eps-converted-to.pdf>
Package pdftex.def Info: ./figs/LBNLLogo-eps-converted-to.pdf  used on input li
ne 265.
(pdftex.def)             Requested size: 85.9996pt x 18.76328pt.
Package epstopdf Info: Source file: <./figs/alsulogo2.eps>
(epstopdf)                    date: 2022-12-07 17:54:26
(epstopdf)                    size: 125158 bytes
(epstopdf)             Output file: <./figs/alsulogo2-eps-converted-to.pdf>
(epstopdf)                    date: 2022-12-07 17:56:10
(epstopdf)                    size: 122895 bytes
(epstopdf)             Command: <repstopdf --outfile=./figs/alsulogo2-eps-conve
rted-to.pdf ./figs/alsulogo2.eps>
(epstopdf)             \includegraphics on input line 265.
Package epstopdf Info: Output file is already uptodate.
File: ./figs/alsulogo2-eps-converted-to.pdf Graphic file (type pdf)
<use ./figs/alsulogo2-eps-converted-to.pdf>
Package pdftex.def Info: ./figs/alsulogo2-eps-converted-to.pdf  used on input l
ine 265.
(pdftex.def)             Requested size: 51.59845pt x 26.86986pt.
 [7]
Package epstopdf Info: Source file: <./figs/LBNLLogo.eps>
(epstopdf)                    date: 2022-12-07 17:54:26
(epstopdf)                    size: 7747 bytes
(epstopdf)             Output file: <./figs/LBNLLogo-eps-converted-to.pdf>
(epstopdf)                    date: 2022-12-07 17:56:06
(epstopdf)                    size: 4184 bytes
(epstopdf)             Command: <repstopdf --outfile=./figs/LBNLLogo-eps-conver
ted-to.pdf ./figs/LBNLLogo.eps>
(epstopdf)             \includegraphics on input line 318.
Package epstopdf Info: Output file is already uptodate.
File: ./figs/LBNLLogo-eps-converted-to.pdf Graphic file (type pdf)
<use ./figs/LBNLLogo-eps-converted-to.pdf>
Package pdftex.def Info: ./figs/LBNLLogo-eps-converted-to.pdf  used on input li
ne 318.
(pdftex.def)             Requested size: 85.9996pt x 18.76328pt.
Package epstopdf Info: Source file: <./figs/alsulogo2.eps>
(epstopdf)                    date: 2022-12-07 17:54:26
(epstopdf)                    size: 125158 bytes
(epstopdf)             Output file: <./figs/alsulogo2-eps-converted-to.pdf>
(epstopdf)                    date: 2022-12-07 17:56:10
(epstopdf)                    size: 122895 bytes
(epstopdf)             Command: <repstopdf --outfile=./figs/alsulogo2-eps-conve
rted-to.pdf ./figs/alsulogo2.eps>
(epstopdf)             \includegraphics on input line 318.
Package epstopdf Info: Output file is already uptodate.
File: ./figs/alsulogo2-eps-converted-to.pdf Graphic file (type pdf)
<use ./figs/alsulogo2-eps-converted-to.pdf>
Package pdftex.def Info: ./figs/alsulogo2-eps-converted-to.pdf  used on input l
ine 318.
(pdftex.def)             Requested size: 51.59845pt x 26.86986pt.
 [8]
Package epstopdf Info: Source file: <./figs/LBNLLogo.eps>
(epstopdf)                    date: 2022-12-07 17:54:26
(epstopdf)                    size: 7747 bytes
(epstopdf)             Output file: <./figs/LBNLLogo-eps-converted-to.pdf>
(epstopdf)                    date: 2022-12-07 17:56:06
(epstopdf)                    size: 4184 bytes
(epstopdf)             Command: <repstopdf --outfile=./figs/LBNLLogo-eps-conver
ted-to.pdf ./figs/LBNLLogo.eps>
(epstopdf)             \includegraphics on input line 325.
Package epstopdf Info: Output file is already uptodate.
File: ./figs/LBNLLogo-eps-converted-to.pdf Graphic file (type pdf)
<use ./figs/LBNLLogo-eps-converted-to.pdf>
Package pdftex.def Info: ./figs/LBNLLogo-eps-converted-to.pdf  used on input li
ne 325.
(pdftex.def)             Requested size: 85.9996pt x 18.76328pt.
Package epstopdf Info: Source file: <./figs/alsulogo2.eps>
(epstopdf)                    date: 2022-12-07 17:54:26
(epstopdf)                    size: 125158 bytes
(epstopdf)             Output file: <./figs/alsulogo2-eps-converted-to.pdf>
(epstopdf)                    date: 2022-12-07 17:56:10
(epstopdf)                    size: 122895 bytes
(epstopdf)             Command: <repstopdf --outfile=./figs/alsulogo2-eps-conve
rted-to.pdf ./figs/alsulogo2.eps>
(epstopdf)             \includegraphics on input line 325.
Package epstopdf Info: Output file is already uptodate.
File: ./figs/alsulogo2-eps-converted-to.pdf Graphic file (type pdf)
<use ./figs/alsulogo2-eps-converted-to.pdf>
Package pdftex.def Info: ./figs/alsulogo2-eps-converted-to.pdf  used on input l
ine 325.
(pdftex.def)             Requested size: 51.59845pt x 26.86986pt.
 [9]
Package epstopdf Info: Source file: <./pictures/gitlab_create_project.eps>
(epstopdf)                    date: 2022-12-07 17:54:28
(epstopdf)                    size: 104217 bytes
(epstopdf)             Output file: <./pictures/gitlab_create_project-eps-conve
rted-to.pdf>
(epstopdf)                    date: 2022-12-07 17:56:13
(epstopdf)                    size: 104730 bytes
(epstopdf)             Command: <repstopdf --outfile=./pictures/gitlab_create_p
roject-eps-converted-to.pdf ./pictures/gitlab_create_project.eps>
(epstopdf)             \includegraphics on input line 341.
Package epstopdf Info: Output file is already uptodate.
<./pictures/gitlab_create_project-eps-converted-to.pdf, id=344, 924.45375pt x 4
95.8525pt>
File: ./pictures/gitlab_create_project-eps-converted-to.pdf Graphic file (type 
pdf)
<use ./pictures/gitlab_create_project-eps-converted-to.pdf>
Package pdftex.def Info: ./pictures/gitlab_create_project-eps-converted-to.pdf 
 used on input line 341.
(pdftex.def)             Requested size: 425.70692pt x 228.33704pt.
Package epstopdf Info: Source file: <./pictures/gitlab_config_project.eps>
(epstopdf)                    date: 2022-12-07 17:54:28
(epstopdf)                    size: 180896 bytes
(epstopdf)             Output file: <./pictures/gitlab_config_project-eps-conve
rted-to.pdf>
(epstopdf)                    date: 2022-12-07 17:56:16
(epstopdf)                    size: 171178 bytes
(epstopdf)             Command: <repstopdf --outfile=./pictures/gitlab_config_p
roject-eps-converted-to.pdf ./pictures/gitlab_config_project.eps>
(epstopdf)             \includegraphics on input line 350.
Package epstopdf Info: Output file is already uptodate.
<./pictures/gitlab_config_project-eps-converted-to.pdf, id=345, 966.61125pt x 7
70.88pt>
File: ./pictures/gitlab_config_project-eps-converted-to.pdf Graphic file (type 
pdf)
<use ./pictures/gitlab_config_project-eps-converted-to.pdf>
Package pdftex.def Info: ./pictures/gitlab_config_project-eps-converted-to.pdf 
 used on input line 350.
(pdftex.def)             Requested size: 425.70692pt x 339.50584pt.
Package epstopdf Info: Source file: <./figs/LBNLLogo.eps>
(epstopdf)                    date: 2022-12-07 17:54:26
(epstopdf)                    size: 7747 bytes
(epstopdf)             Output file: <./figs/LBNLLogo-eps-converted-to.pdf>
(epstopdf)                    date: 2022-12-07 17:56:06
(epstopdf)                    size: 4184 bytes
(epstopdf)             Command: <repstopdf --outfile=./figs/LBNLLogo-eps-conver
ted-to.pdf ./figs/LBNLLogo.eps>
(epstopdf)             \includegraphics on input line 358.
Package epstopdf Info: Output file is already uptodate.
File: ./figs/LBNLLogo-eps-converted-to.pdf Graphic file (type pdf)
<use ./figs/LBNLLogo-eps-converted-to.pdf>
Package pdftex.def Info: ./figs/LBNLLogo-eps-converted-to.pdf  used on input li
ne 358.
(pdftex.def)             Requested size: 85.9996pt x 18.76328pt.
Package epstopdf Info: Source file: <./figs/alsulogo2.eps>
(epstopdf)                    date: 2022-12-07 17:54:26
(epstopdf)                    size: 125158 bytes
(epstopdf)             Output file: <./figs/alsulogo2-eps-converted-to.pdf>
(epstopdf)                    date: 2022-12-07 17:56:10
(epstopdf)                    size: 122895 bytes
(epstopdf)             Command: <repstopdf --outfile=./figs/alsulogo2-eps-conve
rted-to.pdf ./figs/alsulogo2.eps>
(epstopdf)             \includegraphics on input line 358.
Package epstopdf Info: Output file is already uptodate.
File: ./figs/alsulogo2-eps-converted-to.pdf Graphic file (type pdf)
<use ./figs/alsulogo2-eps-converted-to.pdf>
Package pdftex.def Info: ./figs/alsulogo2-eps-converted-to.pdf  used on input l
ine 358.
(pdftex.def)             Requested size: 51.59845pt x 26.86986pt.
 [10 <./pictures/gitlab_create_project-eps-converted-to.pdf>]
Package epstopdf Info: Source file: <./figs/LBNLLogo.eps>
(epstopdf)                    date: 2022-12-07 17:54:26
(epstopdf)                    size: 7747 bytes
(epstopdf)             Output file: <./figs/LBNLLogo-eps-converted-to.pdf>
(epstopdf)                    date: 2022-12-07 17:56:06
(epstopdf)                    size: 4184 bytes
(epstopdf)             Command: <repstopdf --outfile=./figs/LBNLLogo-eps-conver
ted-to.pdf ./figs/LBNLLogo.eps>
(epstopdf)             \includegraphics on input line 376.
Package epstopdf Info: Output file is already uptodate.
File: ./figs/LBNLLogo-eps-converted-to.pdf Graphic file (type pdf)
<use ./figs/LBNLLogo-eps-converted-to.pdf>
Package pdftex.def Info: ./figs/LBNLLogo-eps-converted-to.pdf  used on input li
ne 376.
(pdftex.def)             Requested size: 85.9996pt x 18.76328pt.
Package epstopdf Info: Source file: <./figs/alsulogo2.eps>
(epstopdf)                    date: 2022-12-07 17:54:26
(epstopdf)                    size: 125158 bytes
(epstopdf)             Output file: <./figs/alsulogo2-eps-converted-to.pdf>
(epstopdf)                    date: 2022-12-07 17:56:10
(epstopdf)                    size: 122895 bytes
(epstopdf)             Command: <repstopdf --outfile=./figs/alsulogo2-eps-conve
rted-to.pdf ./figs/alsulogo2.eps>
(epstopdf)             \includegraphics on input line 376.
Package epstopdf Info: Output file is already uptodate.
File: ./figs/alsulogo2-eps-converted-to.pdf Graphic file (type pdf)
<use ./figs/alsulogo2-eps-converted-to.pdf>
Package pdftex.def Info: ./figs/alsulogo2-eps-converted-to.pdf  used on input l
ine 376.
(pdftex.def)             Requested size: 51.59845pt x 26.86986pt.
 [11 <./pictures/gitlab_config_project-eps-converted-to.pdf>]
Package epstopdf Info: Source file: <./figs/LBNLLogo.eps>
(epstopdf)                    date: 2022-12-07 17:54:26
(epstopdf)                    size: 7747 bytes
(epstopdf)             Output file: <./figs/LBNLLogo-eps-converted-to.pdf>
(epstopdf)                    date: 2022-12-07 17:56:06
(epstopdf)                    size: 4184 bytes
(epstopdf)             Command: <repstopdf --outfile=./figs/LBNLLogo-eps-conver
ted-to.pdf ./figs/LBNLLogo.eps>
(epstopdf)             \includegraphics on input line 434.
Package epstopdf Info: Output file is already uptodate.
File: ./figs/LBNLLogo-eps-converted-to.pdf Graphic file (type pdf)
<use ./figs/LBNLLogo-eps-converted-to.pdf>
Package pdftex.def Info: ./figs/LBNLLogo-eps-converted-to.pdf  used on input li
ne 434.
(pdftex.def)             Requested size: 85.9996pt x 18.76328pt.
Package epstopdf Info: Source file: <./figs/alsulogo2.eps>
(epstopdf)                    date: 2022-12-07 17:54:26
(epstopdf)                    size: 125158 bytes
(epstopdf)             Output file: <./figs/alsulogo2-eps-converted-to.pdf>
(epstopdf)                    date: 2022-12-07 17:56:10
(epstopdf)                    size: 122895 bytes
(epstopdf)             Command: <repstopdf --outfile=./figs/alsulogo2-eps-conve
rted-to.pdf ./figs/alsulogo2.eps>
(epstopdf)             \includegraphics on input line 434.
Package epstopdf Info: Output file is already uptodate.
File: ./figs/alsulogo2-eps-converted-to.pdf Graphic file (type pdf)
<use ./figs/alsulogo2-eps-converted-to.pdf>
Package pdftex.def Info: ./figs/alsulogo2-eps-converted-to.pdf  used on input l
ine 434.
(pdftex.def)             Requested size: 51.59845pt x 26.86986pt.
 [12]
Package epstopdf Info: Source file: <./figs/LBNLLogo.eps>
(epstopdf)                    date: 2022-12-07 17:54:26
(epstopdf)                    size: 7747 bytes
(epstopdf)             Output file: <./figs/LBNLLogo-eps-converted-to.pdf>
(epstopdf)                    date: 2022-12-07 17:56:06
(epstopdf)                    size: 4184 bytes
(epstopdf)             Command: <repstopdf --outfile=./figs/LBNLLogo-eps-conver
ted-to.pdf ./figs/LBNLLogo.eps>
(epstopdf)             \includegraphics on input line 445.
Package epstopdf Info: Output file is already uptodate.
File: ./figs/LBNLLogo-eps-converted-to.pdf Graphic file (type pdf)
<use ./figs/LBNLLogo-eps-converted-to.pdf>
Package pdftex.def Info: ./figs/LBNLLogo-eps-converted-to.pdf  used on input li
ne 445.
(pdftex.def)             Requested size: 85.9996pt x 18.76328pt.
Package epstopdf Info: Source file: <./figs/alsulogo2.eps>
(epstopdf)                    date: 2022-12-07 17:54:26
(epstopdf)                    size: 125158 bytes
(epstopdf)             Output file: <./figs/alsulogo2-eps-converted-to.pdf>
(epstopdf)                    date: 2022-12-07 17:56:10
(epstopdf)                    size: 122895 bytes
(epstopdf)             Command: <repstopdf --outfile=./figs/alsulogo2-eps-conve
rted-to.pdf ./figs/alsulogo2.eps>
(epstopdf)             \includegraphics on input line 445.
Package epstopdf Info: Output file is already uptodate.
File: ./figs/alsulogo2-eps-converted-to.pdf Graphic file (type pdf)
<use ./figs/alsulogo2-eps-converted-to.pdf>
Package pdftex.def Info: ./figs/alsulogo2-eps-converted-to.pdf  used on input l
ine 445.
(pdftex.def)             Requested size: 51.59845pt x 26.86986pt.

[13]
Package epstopdf Info: Source file: <./pictures/gitlab_ci_pipelines01.eps>
(epstopdf)                    date: 2022-12-07 17:54:27
(epstopdf)                    size: 3163115 bytes
(epstopdf)             Output file: <./pictures/gitlab_ci_pipelines01-eps-conve
rted-to.pdf>
(epstopdf)                    date: 2022-12-07 17:56:19
(epstopdf)                    size: 83492 bytes
(epstopdf)             Command: <repstopdf --outfile=./pictures/gitlab_ci_pipel
ines01-eps-converted-to.pdf ./pictures/gitlab_ci_pipelines01.eps>
(epstopdf)             \includegraphics on input line 450.
Package epstopdf Info: Output file is already uptodate.
<./pictures/gitlab_ci_pipelines01-eps-converted-to.pdf, id=455, 1511.6475pt x 3
46.29375pt>
File: ./pictures/gitlab_ci_pipelines01-eps-converted-to.pdf Graphic file (type 
pdf)
<use ./pictures/gitlab_ci_pipelines01-eps-converted-to.pdf>
Package pdftex.def Info: ./pictures/gitlab_ci_pipelines01-eps-converted-to.pdf 
 used on input line 450.
(pdftex.def)             Requested size: 425.70692pt x 97.52168pt.
Package epstopdf Info: Source file: <./pictures/gitlab_ci_pipelines02.eps>
(epstopdf)                    date: 2022-12-07 17:54:28
(epstopdf)                    size: 7089917 bytes
(epstopdf)             Output file: <./pictures/gitlab_ci_pipelines02-eps-conve
rted-to.pdf>
(epstopdf)                    date: 2022-12-07 17:56:22
(epstopdf)                    size: 154657 bytes
(epstopdf)             Command: <repstopdf --outfile=./pictures/gitlab_ci_pipel
ines02-eps-converted-to.pdf ./pictures/gitlab_ci_pipelines02.eps>
(epstopdf)             \includegraphics on input line 459.
Package epstopdf Info: Output file is already uptodate.
<./pictures/gitlab_ci_pipelines02-eps-converted-to.pdf, id=456, 1517.67pt x 773
.89125pt>
File: ./pictures/gitlab_ci_pipelines02-eps-converted-to.pdf Graphic file (type 
pdf)
<use ./pictures/gitlab_ci_pipelines02-eps-converted-to.pdf>
Package pdftex.def Info: ./pictures/gitlab_ci_pipelines02-eps-converted-to.pdf 
 used on input line 459.
(pdftex.def)             Requested size: 425.70692pt x 217.07776pt.
Package epstopdf Info: Source file: <./figs/LBNLLogo.eps>
(epstopdf)                    date: 2022-12-07 17:54:26
(epstopdf)                    size: 7747 bytes
(epstopdf)             Output file: <./figs/LBNLLogo-eps-converted-to.pdf>
(epstopdf)                    date: 2022-12-07 17:56:06
(epstopdf)                    size: 4184 bytes
(epstopdf)             Command: <repstopdf --outfile=./figs/LBNLLogo-eps-conver
ted-to.pdf ./figs/LBNLLogo.eps>
(epstopdf)             \includegraphics on input line 470.
Package epstopdf Info: Output file is already uptodate.
File: ./figs/LBNLLogo-eps-converted-to.pdf Graphic file (type pdf)
<use ./figs/LBNLLogo-eps-converted-to.pdf>
Package pdftex.def Info: ./figs/LBNLLogo-eps-converted-to.pdf  used on input li
ne 470.
(pdftex.def)             Requested size: 85.9996pt x 18.76328pt.
Package epstopdf Info: Source file: <./figs/alsulogo2.eps>
(epstopdf)                    date: 2022-12-07 17:54:26
(epstopdf)                    size: 125158 bytes
(epstopdf)             Output file: <./figs/alsulogo2-eps-converted-to.pdf>
(epstopdf)                    date: 2022-12-07 17:56:10
(epstopdf)                    size: 122895 bytes
(epstopdf)             Command: <repstopdf --outfile=./figs/alsulogo2-eps-conve
rted-to.pdf ./figs/alsulogo2.eps>
(epstopdf)             \includegraphics on input line 470.
Package epstopdf Info: Output file is already uptodate.
File: ./figs/alsulogo2-eps-converted-to.pdf Graphic file (type pdf)
<use ./figs/alsulogo2-eps-converted-to.pdf>
Package pdftex.def Info: ./figs/alsulogo2-eps-converted-to.pdf  used on input l
ine 470.
(pdftex.def)             Requested size: 51.59845pt x 26.86986pt.
 [14 <./pictures/gitlab_ci_pipelines01-eps-converted-to.pdf> <./pictures/gitlab
_ci_pipelines02-eps-converted-to.pdf>]
Package epstopdf Info: Source file: <./figs/LBNLLogo.eps>
(epstopdf)                    date: 2022-12-07 17:54:26
(epstopdf)                    size: 7747 bytes
(epstopdf)             Output file: <./figs/LBNLLogo-eps-converted-to.pdf>
(epstopdf)                    date: 2022-12-07 17:56:06
(epstopdf)                    size: 4184 bytes
(epstopdf)             Command: <repstopdf --outfile=./figs/LBNLLogo-eps-conver
ted-to.pdf ./figs/LBNLLogo.eps>
(epstopdf)             \includegraphics on input line 512.
Package epstopdf Info: Output file is already uptodate.
File: ./figs/LBNLLogo-eps-converted-to.pdf Graphic file (type pdf)
<use ./figs/LBNLLogo-eps-converted-to.pdf>
Package pdftex.def Info: ./figs/LBNLLogo-eps-converted-to.pdf  used on input li
ne 512.
(pdftex.def)             Requested size: 85.9996pt x 18.76328pt.
Package epstopdf Info: Source file: <./figs/alsulogo2.eps>
(epstopdf)                    date: 2022-12-07 17:54:26
(epstopdf)                    size: 125158 bytes
(epstopdf)             Output file: <./figs/alsulogo2-eps-converted-to.pdf>
(epstopdf)                    date: 2022-12-07 17:56:10
(epstopdf)                    size: 122895 bytes
(epstopdf)             Command: <repstopdf --outfile=./figs/alsulogo2-eps-conve
rted-to.pdf ./figs/alsulogo2.eps>
(epstopdf)             \includegraphics on input line 512.
Package epstopdf Info: Output file is already uptodate.
File: ./figs/alsulogo2-eps-converted-to.pdf Graphic file (type pdf)
<use ./figs/alsulogo2-eps-converted-to.pdf>
Package pdftex.def Info: ./figs/alsulogo2-eps-converted-to.pdf  used on input l
ine 512.
(pdftex.def)             Requested size: 51.59845pt x 26.86986pt.
 [15]
Package epstopdf Info: Source file: <./figs/LBNLLogo.eps>
(epstopdf)                    date: 2022-12-07 17:54:26
(epstopdf)                    size: 7747 bytes
(epstopdf)             Output file: <./figs/LBNLLogo-eps-converted-to.pdf>
(epstopdf)                    date: 2022-12-07 17:56:06
(epstopdf)                    size: 4184 bytes
(epstopdf)             Command: <repstopdf --outfile=./figs/LBNLLogo-eps-conver
ted-to.pdf ./figs/LBNLLogo.eps>
(epstopdf)             \includegraphics on input line 567.
Package epstopdf Info: Output file is already uptodate.
File: ./figs/LBNLLogo-eps-converted-to.pdf Graphic file (type pdf)
<use ./figs/LBNLLogo-eps-converted-to.pdf>
Package pdftex.def Info: ./figs/LBNLLogo-eps-converted-to.pdf  used on input li
ne 567.
(pdftex.def)             Requested size: 85.9996pt x 18.76328pt.
Package epstopdf Info: Source file: <./figs/alsulogo2.eps>
(epstopdf)                    date: 2022-12-07 17:54:26
(epstopdf)                    size: 125158 bytes
(epstopdf)             Output file: <./figs/alsulogo2-eps-converted-to.pdf>
(epstopdf)                    date: 2022-12-07 17:56:10
(epstopdf)                    size: 122895 bytes
(epstopdf)             Command: <repstopdf --outfile=./figs/alsulogo2-eps-conve
rted-to.pdf ./figs/alsulogo2.eps>
(epstopdf)             \includegraphics on input line 567.
Package epstopdf Info: Output file is already uptodate.
File: ./figs/alsulogo2-eps-converted-to.pdf Graphic file (type pdf)
<use ./figs/alsulogo2-eps-converted-to.pdf>
Package pdftex.def Info: ./figs/alsulogo2-eps-converted-to.pdf  used on input l
ine 567.
(pdftex.def)             Requested size: 51.59845pt x 26.86986pt.
 [16]
Missing character: There is no  in font cmtt8!
Missing character: There is no  in font cmtt8!
Missing character: There is no  in font cmtt8!
Missing character: There is no  in font cmtt8!
Missing character: There is no  in font cmtt8!
Missing character: There is no  in font cmtt8!
Missing character: There is no  in font cmtt8!
Missing character: There is no  in font cmtt8!
Missing character: There is no  in font cmtt8!
Missing character: There is no  in font cmtt8!
Missing character: There is no  in font cmtt8!
Missing character: There is no  in font cmtt8!
Missing character: There is no  in font cmtt8!
Missing character: There is no  in font cmtt8!
Missing character: There is no  in font cmtt8!
Missing character: There is no  in font cmtt8!
Missing character: There is no  in font cmtt8!
Missing character: There is no  in font cmtt8!
Missing character: There is no  in font cmtt8!
Missing character: There is no  in font cmtt8!
Missing character: There is no  in font cmtt8!
Missing character: There is no  in font cmtt8!
Missing character: There is no  in font cmtt8!
Missing character: There is no  in font cmtt8!
Missing character: There is no  in font cmtt8!
Missing character: There is no  in font cmtt8!
Missing character: There is no  in font cmtt8!
Missing character: There is no  in font cmtt8!
Missing character: There is no  in font cmtt8!
Missing character: There is no  in font cmtt8!
Missing character: There is no  in font cmtt8!
Missing character: There is no  in font cmtt8!
Missing character: There is no  in font cmtt8!
Missing character: There is no  in font cmtt8!
Missing character: There is no  in font cmtt8!
Missing character: There is no  in font cmtt8!
Missing character: There is no  in font cmtt8!
Missing character: There is no  in font cmtt8!
Missing character: There is no  in font cmtt8!
Missing character: There is no  in font cmtt8!
Package epstopdf Info: Source file: <./figs/LBNLLogo.eps>
(epstopdf)                    date: 2022-12-07 17:54:26
(epstopdf)                    size: 7747 bytes
(epstopdf)             Output file: <./figs/LBNLLogo-eps-converted-to.pdf>
(epstopdf)                    date: 2022-12-07 17:56:06
(epstopdf)                    size: 4184 bytes
(epstopdf)             Command: <repstopdf --outfile=./figs/LBNLLogo-eps-conver
ted-to.pdf ./figs/LBNLLogo.eps>
(epstopdf)             \includegraphics on input line 617.
Package epstopdf Info: Output file is already uptodate.
File: ./figs/LBNLLogo-eps-converted-to.pdf Graphic file (type pdf)
<use ./figs/LBNLLogo-eps-converted-to.pdf>
Package pdftex.def Info: ./figs/LBNLLogo-eps-converted-to.pdf  used on input li
ne 617.
(pdftex.def)             Requested size: 85.9996pt x 18.76328pt.
Package epstopdf Info: Source file: <./figs/alsulogo2.eps>
(epstopdf)                    date: 2022-12-07 17:54:26
(epstopdf)                    size: 125158 bytes
(epstopdf)             Output file: <./figs/alsulogo2-eps-converted-to.pdf>
(epstopdf)                    date: 2022-12-07 17:56:10
(epstopdf)                    size: 122895 bytes
(epstopdf)             Command: <repstopdf --outfile=./figs/alsulogo2-eps-conve
rted-to.pdf ./figs/alsulogo2.eps>
(epstopdf)             \includegraphics on input line 617.
Package epstopdf Info: Output file is already uptodate.
File: ./figs/alsulogo2-eps-converted-to.pdf Graphic file (type pdf)
<use ./figs/alsulogo2-eps-converted-to.pdf>
Package pdftex.def Info: ./figs/alsulogo2-eps-converted-to.pdf  used on input l
ine 617.
(pdftex.def)             Requested size: 51.59845pt x 26.86986pt.
[17]
Package epstopdf Info: Source file: <./figs/LBNLLogo.eps>
(epstopdf)                    date: 2022-12-07 17:54:26
(epstopdf)                    size: 7747 bytes
(epstopdf)             Output file: <./figs/LBNLLogo-eps-converted-to.pdf>
(epstopdf)                    date: 2022-12-07 17:56:06
(epstopdf)                    size: 4184 bytes
(epstopdf)             Command: <repstopdf --outfile=./figs/LBNLLogo-eps-conver
ted-to.pdf ./figs/LBNLLogo.eps>
(epstopdf)             \includegraphics on input line 617.
Package epstopdf Info: Output file is already uptodate.
File: ./figs/LBNLLogo-eps-converted-to.pdf Graphic file (type pdf)
<use ./figs/LBNLLogo-eps-converted-to.pdf>
Package pdftex.def Info: ./figs/LBNLLogo-eps-converted-to.pdf  used on input li
ne 617.
(pdftex.def)             Requested size: 85.9996pt x 18.76328pt.
Package epstopdf Info: Source file: <./figs/alsulogo2.eps>
(epstopdf)                    date: 2022-12-07 17:54:26
(epstopdf)                    size: 125158 bytes
(epstopdf)             Output file: <./figs/alsulogo2-eps-converted-to.pdf>
(epstopdf)                    date: 2022-12-07 17:56:10
(epstopdf)                    size: 122895 bytes
(epstopdf)             Command: <repstopdf --outfile=./figs/alsulogo2-eps-conve
rted-to.pdf ./figs/alsulogo2.eps>
(epstopdf)             \includegraphics on input line 617.
Package epstopdf Info: Output file is already uptodate.
File: ./figs/alsulogo2-eps-converted-to.pdf Graphic file (type pdf)
<use ./figs/alsulogo2-eps-converted-to.pdf>
Package pdftex.def Info: ./figs/alsulogo2-eps-converted-to.pdf  used on input l
ine 617.
(pdftex.def)             Requested size: 51.59845pt x 26.86986pt.
 [18] (./epicsiocdevguide.bbl
Underfull \hbox (badness 1205) in paragraph at lines 16--20
[]\OT1/cmr/m/n/10.95 Jeong Han Lee.  \OT1/cmr/m/it/10.95 ALS Git-Lab CI Tem-pla
tes\OT1/cmr/m/n/10.95 , 2021 (ac-cessed June 29, 2021).
 []

)
Package epstopdf Info: Source file: <./figs/LBNLLogo.eps>
(epstopdf)                    date: 2022-12-07 17:54:26
(epstopdf)                    size: 7747 bytes
(epstopdf)             Output file: <./figs/LBNLLogo-eps-converted-to.pdf>
(epstopdf)                    date: 2022-12-07 17:56:06
(epstopdf)                    size: 4184 bytes
(epstopdf)             Command: <repstopdf --outfile=./figs/LBNLLogo-eps-conver
ted-to.pdf ./figs/LBNLLogo.eps>
(epstopdf)             \includegraphics on input line 626.
Package epstopdf Info: Output file is already uptodate.
File: ./figs/LBNLLogo-eps-converted-to.pdf Graphic file (type pdf)
<use ./figs/LBNLLogo-eps-converted-to.pdf>
Package pdftex.def Info: ./figs/LBNLLogo-eps-converted-to.pdf  used on input li
ne 626.
(pdftex.def)             Requested size: 85.9996pt x 18.76328pt.
Package epstopdf Info: Source file: <./figs/alsulogo2.eps>
(epstopdf)                    date: 2022-12-07 17:54:26
(epstopdf)                    size: 125158 bytes
(epstopdf)             Output file: <./figs/alsulogo2-eps-converted-to.pdf>
(epstopdf)                    date: 2022-12-07 17:56:10
(epstopdf)                    size: 122895 bytes
(epstopdf)             Command: <repstopdf --outfile=./figs/alsulogo2-eps-conve
rted-to.pdf ./figs/alsulogo2.eps>
(epstopdf)             \includegraphics on input line 626.
Package epstopdf Info: Output file is already uptodate.
File: ./figs/alsulogo2-eps-converted-to.pdf Graphic file (type pdf)
<use ./figs/alsulogo2-eps-converted-to.pdf>
Package pdftex.def Info: ./figs/alsulogo2-eps-converted-to.pdf  used on input l
ine 626.
(pdftex.def)             Requested size: 51.59845pt x 26.86986pt.
 [19

]
\tf@toc=\write5
\openout5 = `epicsiocdevguide.toc'.

 (./epicsiocdevguide.aux)

LaTeX Font Warning: Size substitutions with differences
(Font)              up to 1.0pt have occurred.

Package rerunfilecheck Info: File `epicsiocdevguide.out' has not changed.
(rerunfilecheck)             Checksum: 1D8953319BA7FBDD26ECE675F061A185;3792.
 ) 
Here is how much of TeX's memory you used:
 24993 strings out of 474968
 410676 string characters out of 5776089
 1477303 words of memory out of 5000000
 45712 multiletter control sequences out of 15000+600000
 479619 words of font info for 68 fonts, out of 8000000 for 9000
 1141 hyphenation exceptions out of 8191
 90i,17n,91p,650b,2085s stack positions out of 10000i,1000n,20000p,200000b,200000s
{e:/TexLive/texlive/2022/texmf-dist/fonts/enc/dvips/cm-super/cm-super-ts1.enc
}<e:/TexLive/texlive/2022/texmf-dist/fonts/type1/public/amsfonts/cm/cmbx10.pfb>
<e:/TexLive/texlive/2022/texmf-dist/fonts/type1/public/amsfonts/cm/cmbx12.pfb><
e:/TexLive/texlive/2022/texmf-dist/fonts/type1/public/amsfonts/cm/cmbx7.pfb><e:
/TexLive/texlive/2022/texmf-dist/fonts/type1/public/amsfonts/cm/cmcsc10.pfb><e:
/TexLive/texlive/2022/texmf-dist/fonts/type1/public/amsfonts/cm/cmr10.pfb><e:/T
exLive/texlive/2022/texmf-dist/fonts/type1/public/amsfonts/cm/cmr12.pfb><e:/Tex
Live/texlive/2022/texmf-dist/fonts/type1/public/amsfonts/cm/cmr5.pfb><e:/TexLiv
e/texlive/2022/texmf-dist/fonts/type1/public/amsfonts/cm/cmr7.pfb><e:/TexLive/t
exlive/2022/texmf-dist/fonts/type1/public/amsfonts/cm/cmti10.pfb><e:/TexLive/te
xlive/2022/texmf-dist/fonts/type1/public/amsfonts/cm/cmtt10.pfb><e:/TexLive/tex
live/2022/texmf-dist/fonts/type1/public/amsfonts/cm/cmtt8.pfb><e:/TexLive/texli
ve/2022/texmf-dist/fonts/type1/public/cm-super/sfrm1095.pfb><e:/TexLive/texlive
/2022/texmf-dist/fonts/type1/public/cm-super/sftt0800.pfb><e:/TexLive/texlive/2
022/texmf-dist/fonts/type1/public/cm-super/sftt1095.pfb>
Output written on epicsiocdevguide.pdf (19 pages, 976992 bytes).
PDF statistics:
 751 PDF objects out of 1000 (max. 8388607)
 682 compressed objects within 7 object streams
 407 named destinations out of 1000 (max. 500000)
 204 words of extra memory for PDF output out of 10000 (max. 10000000)

