\BOOKMARK [0][-]{section*.1}{\376\377\000=\000T\000A\000B\000L\000E\000\040\000O\000F\000\040\000C\000O\000N\000T\000E\000N\000T\000S}{}% 1
\BOOKMARK [0][-]{chapter.1}{\376\377\0001\000\040\000R\000e\000v\000i\000s\000i\000o\000n\000\040\000H\000i\000s\000t\000o\000r\000y}{}% 2
\BOOKMARK [0][-]{chapter.2}{\376\377\0002\000\040\000A\000p\000p\000r\000o\000v\000a\000l\000s}{}% 3
\BOOKMARK [0][-]{chapter.3}{\376\377\0003\000\040\000A\000b\000b\000r\000e\000v\000i\000a\000t\000i\000o\000n\000s\000\040\000a\000n\000d\000\040\000A\000c\000r\000o\000n\000y\000m\000s}{}% 4
\BOOKMARK [0][-]{chapter.4}{\376\377\0004\000\040\000I\000n\000t\000r\000o\000d\000u\000c\000t\000i\000o\000n}{}% 5
\BOOKMARK [1][-]{section.4.1}{\376\377\0004\000.\0001\000\040\000S\000c\000o\000p\000e}{chapter.4}% 6
\BOOKMARK [1][-]{section.4.2}{\376\377\0004\000.\0002\000\040\000T\000a\000r\000g\000e\000t\000\040\000A\000u\000d\000i\000e\000n\000c\000e}{chapter.4}% 7
\BOOKMARK [0][-]{chapter.5}{\376\377\0005\000\040\000B\000u\000i\000l\000d\000\040\000E\000P\000I\000C\000S\000\040\000A\000p\000p\000l\000i\000c\000a\000t\000i\000o\000n\000\040\000a\000n\000d\000\040\000a\000n\000\040\000I\000O\000C}{}% 8
\BOOKMARK [1][-]{section.5.1}{\376\377\0005\000.\0001\000\040\000I\000O\000C\000\040\000N\000a\000m\000e\000\040\000N\000a\000m\000i\000n\000g\000\040\000C\000o\000n\000v\000e\000n\000t\000i\000o\000n}{chapter.5}% 9
\BOOKMARK [1][-]{section.5.2}{\376\377\0005\000.\0002\000\040\000R\000e\000q\000u\000i\000r\000e\000m\000e\000n\000t\000s}{chapter.5}% 10
\BOOKMARK [1][-]{section.5.3}{\376\377\0005\000.\0003\000\040\000S\000t\000r\000u\000c\000t\000u\000r\000e\000\040\000a\000n\000\040\000E\000P\000I\000C\000S\000\040\000I\000O\000C}{chapter.5}% 11
\BOOKMARK [0][-]{chapter.6}{\376\377\0006\000\040\000A\000\040\000R\000e\000m\000o\000t\000e\000\040\000R\000e\000p\000o\000s\000i\000t\000o\000r\000y}{}% 12
\BOOKMARK [1][-]{section.6.1}{\376\377\0006\000.\0001\000\040\000C\000r\000e\000a\000t\000e\000\040\000a\000\040\000r\000e\000m\000o\000t\000e\000\040\000r\000e\000p\000o\000s\000i\000t\000o\000r\000y}{chapter.6}% 13
\BOOKMARK [1][-]{section.6.2}{\376\377\0006\000.\0002\000\040\000P\000u\000s\000h\000\040\000l\000o\000c\000a\000l\000\040\000s\000o\000u\000r\000c\000e\000\040\000f\000i\000l\000e\000s\000\040\000t\000o\000\040\000t\000h\000e\000\040\000r\000e\000m\000o\000t\000e\000\040\000r\000e\000p\000o\000s\000i\000t\000o\000r\000y}{chapter.6}% 14
\BOOKMARK [1][-]{section.6.3}{\376\377\0006\000.\0003\000\040\000G\000i\000t\000L\000a\000b\000\040\000C\000I\000/\000C\000D}{chapter.6}% 15
\BOOKMARK [1][-]{section.6.4}{\376\377\0006\000.\0004\000\040\000C\000u\000s\000t\000o\000m\000i\000z\000a\000t\000i\000o\000n}{chapter.6}% 16
\BOOKMARK [0][-]{chapter.7}{\376\377\0007\000\040\000A\000d\000d\000\040\000a\000n\000o\000t\000h\000e\000r\000\040\000I\000O\000C\000\040\000t\000o\000\040\000t\000h\000e\000\040\000e\000x\000i\000s\000t\000i\000n\000g\000\040\000E\000P\000I\000C\000S\000\040\000A\000p\000p\000l\000i\000c\000a\000t\000i\000o\000n}{}% 17
\BOOKMARK [0][-]{chapter.8}{\376\377\0008\000\040\000S\000o\000f\000t\000w\000a\000r\000e\000\040\000R\000e\000q\000u\000i\000r\000e\000m\000e\000n\000t\000\040\000D\000o\000c\000u\000m\000e\000n\000t}{}% 18
\BOOKMARK [0][-]{chapter.9}{\376\377\0009\000\040\000P\000r\000a\000c\000t\000i\000c\000a\000l\000\040\000G\000u\000i\000d\000e\000l\000i\000n\000e}{}% 19
\BOOKMARK [0][-]{appendix.A}{\376\377\000A\000\040\000M\000a\000k\000e\000\040\000B\000a\000s\000e\000\040\000A\000p\000p\000l\000i\000c\000a\000t\000i\000o\000n\000:\000\040\000m\000a\000n\000u\000a\000l\000\040\000p\000r\000o\000c\000e\000d\000u\000r\000e}{}% 20
\BOOKMARK [0][-]{appendix*.2}{\376\377\000B\000i\000b\000l\000i\000o\000g\000r\000a\000p\000h\000y}{}% 21
