Release 12.1 Map M.53d (nt)
Xilinx Mapping Report File for Design 'priority_encoder'

Design Information
------------------
Command Line   : map -intstyle ise -p xc6slx45-fgg676-3 -w -ol high -t 1 -xt 0
-register_duplication off -global_opt off -detail -ir off -pr off -lc off -power
off -o priority_encoder_map.ncd priority_encoder.ngd priority_encoder.pcf 
Target Device  : xc6slx45
Target Package : fgg676
Target Speed   : -3
Mapper Version : spartan6 -- $Revision: 1.52 $
Mapped Date    : Fri Apr 15 18:00:08 2011

Design Summary
--------------
Number of errors:      0
Number of warnings:    0
Slice Logic Utilization:
  Number of Slice Registers:                     0 out of  54,576    0%
  Number of Slice LUTs:                         46 out of  27,288    1%
    Number used as logic:                       45 out of  27,288    1%
      Number using O6 output only:              43
      Number using O5 output only:               0
      Number using O5 and O6:                    2
      Number used as ROM:                        0
    Number used as Memory:                       0 out of   6,408    0%
    Number used exclusively as route-thrus:      1
      Number with same-slice register load:      0
      Number with same-slice carry load:         1
      Number with other load:                    0

Slice Logic Distribution:
  Number of occupied Slices:                    22 out of   6,822    1%
  Number of LUT Flip Flop pairs used:           46
    Number with an unused Flip Flop:            46 out of      46  100%
    Number with an unused LUT:                   0 out of      46    0%
    Number of fully used LUT-FF pairs:           0 out of      46    0%
    Number of slice register sites lost
      to control set restrictions:               0 out of  54,576    0%

  A LUT Flip Flop pair for this architecture represents one LUT paired with
  one Flip Flop within a slice.  A control set is a unique combination of
  clock, reset, set, and enable signals for a registered element.
  The Slice Logic Distribution report is not meaningful if the design is
  over-mapped for a non-slice resource or if Placement fails.

IO Utilization:
  Number of bonded IOBs:                        54 out of     358   15%

Specific Feature Utilization:
  Number of RAMB16BWERs:                         0 out of     116    0%
  Number of RAMB8BWERs:                          0 out of     232    0%
  Number of BUFIO2/BUFIO2_2CLKs:                 0 out of      32    0%
  Number of BUFIO2FB/BUFIO2FB_2CLKs:             0 out of      32    0%
  Number of BUFG/BUFGMUXs:                       0 out of      16    0%
  Number of DCM/DCM_CLKGENs:                     0 out of       8    0%
  Number of ILOGIC2/ISERDES2s:                   0 out of     376    0%
  Number of IODELAY2/IODRP2/IODRP2_MCBs:         0 out of     376    0%
  Number of OLOGIC2/OSERDES2s:                   0 out of     376    0%
  Number of BSCANs:                              0 out of       4    0%
  Number of BUFHs:                               0 out of     256    0%
  Number of BUFPLLs:                             0 out of       8    0%
  Number of BUFPLL_MCBs:                         0 out of       4    0%
  Number of DSP48A1s:                            0 out of      58    0%
  Number of ICAPs:                               0 out of       1    0%
  Number of MCBs:                                0 out of       2    0%
  Number of PCILOGICSEs:                         0 out of       2    0%
  Number of PLL_ADVs:                            0 out of       4    0%
  Number of PMVs:                                0 out of       1    0%
  Number of STARTUPs:                            0 out of       1    0%
  Number of SUSPEND_SYNCs:                       0 out of       1    0%

Average Fanout of Non-Clock Nets:                2.50

Peak Memory Usage:  253 MB
Total REAL time to MAP completion:  23 secs 
Total CPU time to MAP completion:   12 secs 

Table of Contents
-----------------
Section 1 - Errors
Section 2 - Warnings
Section 3 - Informational
Section 4 - Removed Logic Summary
Section 5 - Removed Logic
Section 6 - IOB Properties
Section 7 - RPMs
Section 8 - Guide Report
Section 9 - Area Group and Partition Summary
Section 10 - Timing Report
Section 11 - Configuration String Information
Section 12 - Control Set Information
Section 13 - Utilization by Hierarchy

Section 1 - Errors
------------------

Section 2 - Warnings
--------------------
WARNING:Security:42 - Your software subscription period has lapsed. Your current
version of Xilinx tools will continue to function, but you no longer qualify for
Xilinx software updates or new releases.

Section 3 - Informational
-------------------------
INFO:Security:54 - 'xc6slx45' is a WebPack part.
INFO:MapLib:562 - No environment variables are currently set.
INFO:LIT:244 - All of the single ended outputs in this design are using slew
   rate limited output drivers. The delay on speed critical single ended outputs
   can be dramatically reduced by designating them as fast outputs.
INFO:Pack:1716 - Initializing temperature to 85.000 Celsius. (default - Range:
   0.000 to 85.000 Celsius)
INFO:Pack:1720 - Initializing voltage to 1.140 Volts. (default - Range: 1.140 to
   1.260 Volts)
INFO:Map:215 - The Interim Design Summary has been generated in the MAP Report
   (.mrp).
INFO:Pack:1650 - Map created a placed design.

Section 4 - Removed Logic Summary
---------------------------------
   2 block(s) optimized away

Section 5 - Removed Logic
-------------------------

Optimized Block(s):
TYPE 		BLOCK
GND 		example2/XST_GND
VCC 		example2/XST_VCC

Section 6 - IOB Properties
--------------------------

+---------------------------------------------------------------------------------------------------------------------------------------------------------+
| IOB Name                           | Type             | Direction | IO Standard          | Diff  | Drive    | Slew | Reg (s)      | Resistor | IOB      |
|                                    |                  |           |                      | Term  | Strength | Rate |              |          | Delay    |
+---------------------------------------------------------------------------------------------------------------------------------------------------------+
| a1<0>                              | IOB              | INPUT     | LVCMOS25             |       |          |      |              |          |          |
| a1<1>                              | IOB              | INPUT     | LVCMOS25             |       |          |      |              |          |          |
| a1<2>                              | IOB              | INPUT     | LVCMOS25             |       |          |      |              |          |          |
| a1<3>                              | IOB              | INPUT     | LVCMOS25             |       |          |      |              |          |          |
| a2<0>                              | IOB              | INPUT     | LVCMOS25             |       |          |      |              |          |          |
| a2<1>                              | IOB              | INPUT     | LVCMOS25             |       |          |      |              |          |          |
| a2<2>                              | IOB              | INPUT     | LVCMOS25             |       |          |      |              |          |          |
| a2<3>                              | IOB              | INPUT     | LVCMOS25             |       |          |      |              |          |          |
| a3<0>                              | IOB              | INPUT     | LVCMOS25             |       |          |      |              |          |          |
| a3<1>                              | IOB              | INPUT     | LVCMOS25             |       |          |      |              |          |          |
| a3<2>                              | IOB              | INPUT     | LVCMOS25             |       |          |      |              |          |          |
| a3<3>                              | IOB              | INPUT     | LVCMOS25             |       |          |      |              |          |          |
| b1<0>                              | IOB              | INPUT     | LVCMOS25             |       |          |      |              |          |          |
| b1<1>                              | IOB              | INPUT     | LVCMOS25             |       |          |      |              |          |          |
| b1<2>                              | IOB              | INPUT     | LVCMOS25             |       |          |      |              |          |          |
| b1<3>                              | IOB              | INPUT     | LVCMOS25             |       |          |      |              |          |          |
| b2<0>                              | IOB              | INPUT     | LVCMOS25             |       |          |      |              |          |          |
| b2<1>                              | IOB              | INPUT     | LVCMOS25             |       |          |      |              |          |          |
| b2<2>                              | IOB              | INPUT     | LVCMOS25             |       |          |      |              |          |          |
| b2<3>                              | IOB              | INPUT     | LVCMOS25             |       |          |      |              |          |          |
| b3<0>                              | IOB              | INPUT     | LVCMOS25             |       |          |      |              |          |          |
| b3<1>                              | IOB              | INPUT     | LVCMOS25             |       |          |      |              |          |          |
| b3<2>                              | IOB              | INPUT     | LVCMOS25             |       |          |      |              |          |          |
| b3<3>                              | IOB              | INPUT     | LVCMOS25             |       |          |      |              |          |          |
| result1<0>                         | IOB              | OUTPUT    | LVCMOS25             |       | 12       | SLOW |              |          |          |
| result1<1>                         | IOB              | OUTPUT    | LVCMOS25             |       | 12       | SLOW |              |          |          |
| result1<2>                         | IOB              | OUTPUT    | LVCMOS25             |       | 12       | SLOW |              |          |          |
| result1<3>                         | IOB              | OUTPUT    | LVCMOS25             |       | 12       | SLOW |              |          |          |
| result2<0>                         | IOB              | OUTPUT    | LVCMOS25             |       | 12       | SLOW |              |          |          |
| result2<1>                         | IOB              | OUTPUT    | LVCMOS25             |       | 12       | SLOW |              |          |          |
| result2<2>                         | IOB              | OUTPUT    | LVCMOS25             |       | 12       | SLOW |              |          |          |
| result2<3>                         | IOB              | OUTPUT    | LVCMOS25             |       | 12       | SLOW |              |          |          |
| result3<0>                         | IOB              | OUTPUT    | LVCMOS25             |       | 12       | SLOW |              |          |          |
| result3<1>                         | IOB              | OUTPUT    | LVCMOS25             |       | 12       | SLOW |              |          |          |
| result3<2>                         | IOB              | OUTPUT    | LVCMOS25             |       | 12       | SLOW |              |          |          |
| result3<3>                         | IOB              | OUTPUT    | LVCMOS25             |       | 12       | SLOW |              |          |          |
| sel1<0>                            | IOB              | INPUT     | LVCMOS25             |       |          |      |              |          |          |
| sel1<1>                            | IOB              | INPUT     | LVCMOS25             |       |          |      |              |          |          |
| sel1<2>                            | IOB              | INPUT     | LVCMOS25             |       |          |      |              |          |          |
| sel1<3>                            | IOB              | INPUT     | LVCMOS25             |       |          |      |              |          |          |
| sel1<4>                            | IOB              | INPUT     | LVCMOS25             |       |          |      |              |          |          |
| sel1<5>                            | IOB              | INPUT     | LVCMOS25             |       |          |      |              |          |          |
| sel2<0>                            | IOB              | INPUT     | LVCMOS25             |       |          |      |              |          |          |
| sel2<1>                            | IOB              | INPUT     | LVCMOS25             |       |          |      |              |          |          |
| sel2<2>                            | IOB              | INPUT     | LVCMOS25             |       |          |      |              |          |          |
| sel2<3>                            | IOB              | INPUT     | LVCMOS25             |       |          |      |              |          |          |
| sel2<4>                            | IOB              | INPUT     | LVCMOS25             |       |          |      |              |          |          |
| sel2<5>                            | IOB              | INPUT     | LVCMOS25             |       |          |      |              |          |          |
| sel3<0>                            | IOB              | INPUT     | LVCMOS25             |       |          |      |              |          |          |
| sel3<1>                            | IOB              | INPUT     | LVCMOS25             |       |          |      |              |          |          |
| sel3<2>                            | IOB              | INPUT     | LVCMOS25             |       |          |      |              |          |          |
| sel3<3>                            | IOB              | INPUT     | LVCMOS25             |       |          |      |              |          |          |
| sel3<4>                            | IOB              | INPUT     | LVCMOS25             |       |          |      |              |          |          |
| sel3<5>                            | IOB              | INPUT     | LVCMOS25             |       |          |      |              |          |          |
+---------------------------------------------------------------------------------------------------------------------------------------------------------+

Section 7 - RPMs
----------------

Section 8 - Guide Report
------------------------
Guide not run on this design.

Section 9 - Area Group and Partition Summary
--------------------------------------------

Partition Implementation Status
-------------------------------

  No Partitions were found in this design.

-------------------------------

Area Group Information
----------------------

  No area groups were found in this design.

----------------------

Section 10 - Timing Report
--------------------------
A logic-level (pre-route) timing report can be generated by using Xilinx static
timing analysis tools, Timing Analyzer (GUI) or TRCE (command line), with the
mapped NCD and PCF files. Please note that this timing report will be generated
using estimated delay information. For accurate numbers, please generate a
timing report with the post Place and Route NCD file.

For more information about the Timing Analyzer, consult the Xilinx Timing
Analyzer Reference Manual; for more information about TRCE, consult the Xilinx
Command Line Tools User Guide "TRACE" chapter.

Section 11 - Configuration String Details
-----------------------------------------

Section 12 - Control Set Information
------------------------------------
No unique control sets found in this design.

Section 13 - Utilization by Hierarchy
-------------------------------------
+-------------------------------------------------------------------------------------------------------------------------------------------------------------------------------------------------------+
| Module             | Partition | Slices*       | Slice Reg     | LUTs          | LUTRAM        | BRAM/FIFO | DSP48A1 | BUFG  | BUFIO | BUFR  | DCM   | PLL_ADV   | Full Hierarchical Name             |
+-------------------------------------------------------------------------------------------------------------------------------------------------------------------------------------------------------+
| priority_encoder/  |           | 4/26          | 0/0           | 1/46          | 0/0           | 0/0       | 0/0     | 0/0   | 0/0   | 0/0   | 0/0   | 0/0       | priority_encoder                   |
| +example1          |           | 8/8           | 0/0           | 13/13         | 0/0           | 0/0       | 0/0     | 0/0   | 0/0   | 0/0   | 0/0   | 0/0       | priority_encoder/example1          |
| +example2          |           | 6/6           | 0/0           | 16/16         | 0/0           | 0/0       | 0/0     | 0/0   | 0/0   | 0/0   | 0/0   | 0/0       | priority_encoder/example2          |
| +example3          |           | 8/8           | 0/0           | 16/16         | 0/0           | 0/0       | 0/0     | 0/0   | 0/0   | 0/0   | 0/0   | 0/0       | priority_encoder/example3          |
| +priority_encoder  |           | 0/0           | 0/0           | 0/0           | 0/0           | 0/0       | 0/0     | 0/0   | 0/0   | 0/0   | 0/0   | 0/0       | priority_encoder/priority_encoder  |
+-------------------------------------------------------------------------------------------------------------------------------------------------------------------------------------------------------+

* Slices can be packed with basic elements from multiple hierarchies.
  Therefore, a slice will be counted in every hierarchical module
  that each of its packed basic elements belong to.
** For each column, there are two numbers reported <A>/<B>.
   <A> is the number of elements that belong to that specific hierarchical module.
   <B> is the total number of elements from that hierarchical module and any lower level
   hierarchical modules below.
*** The LUTRAM column counts all LUTs used as memory including RAM, ROM, and shift registers.
