#-----------------------------------------------------------
# Vivado v2016.1 (64-bit)
# SW Build 1538259 on Fri Apr  8 15:45:23 MDT 2016
# IP Build 1537824 on Fri Apr  8 04:28:57 MDT 2016
# Start of session at: Tue Dec 20 08:11:15 2016
# Process ID: 3282
# Current directory: /home/fastprot/src/FastProtect/FastProtect.sdk/FastProtect_App/src
# Command line: vivado
# Log file: /home/fastprot/src/FastProtect/FastProtect.sdk/FastProtect_App/src/vivado.log
# Journal file: /home/fastprot/src/FastProtect/FastProtect.sdk/FastProtect_App/src/vivado.jou
#-----------------------------------------------------------
start_gui
open_project /home/fastprot/src/FastProtect/FastProtect.xpr
Scanning sources...
Finished scanning sources
INFO: [IP_Flow 19-234] Refreshing IP repositories
INFO: [IP_Flow 19-1700] Loaded user IP repository '/home/fastprot/src/AXI_DRP_BRIDGE'.
INFO: [IP_Flow 19-2313] Loaded Vivado IP repository '/opt/Xilinx/Vivado/2016.1/data/ip'.
open_project: Time (s): cpu = 00:00:22 ; elapsed = 00:00:24 . Memory (MB): peak = 6075.367 ; gain = 369.168 ; free physical = 5612 ; free virtual = 10730
update_compile_order -fileset sources_1
launch_sdk -workspace /home/fastprot/src/FastProtect/FastProtect.sdk -hwspec /home/fastprot/src/FastProtect/FastProtect.sdk/FastProtectTop.hdf
INFO: [Vivado 12-393] Launching SDK...
INFO: [Vivado 12-417] Running xsdk -workspace /home/fastprot/src/FastProtect/FastProtect.sdk -hwspec /home/fastprot/src/FastProtect/FastProtect.sdk/FastProtectTop.hdf
INFO: [Vivado 12-3157] SDK launch initiated. Please check console for any further messages.
exit
INFO: [Common 17-206] Exiting Vivado at Tue Dec 20 09:18:01 2016...
