Release 12.1 Map M.53d (nt)
Xilinx Mapping Report File for Design 'dsp48_usage'

Design Information
------------------
Command Line   : map -intstyle ise -p xc6slx45-fgg676-3 -w -ol high -t 1 -xt 0
-register_duplication off -global_opt off -detail -ir off -pr off -lc off -power
off -o dsp48_usage_map.ncd dsp48_usage.ngd dsp48_usage.pcf 
Target Device  : xc6slx45
Target Package : fgg676
Target Speed   : -3
Mapper Version : spartan6 -- $Revision: 1.52 $
Mapped Date    : Wed Feb 16 10:17:51 2011

Design Summary
--------------
Number of errors:      0
Number of warnings:    0
Slice Logic Utilization:
  Number of Slice Registers:                    48 out of  54,576    1%
    Number used as Flip Flops:                  48
    Number used as Latches:                      0
    Number used as Latch-thrus:                  0
    Number used as AND/OR logics:                0
  Number of Slice LUTs:                         23 out of  27,288    1%
    Number used as logic:                        0 out of  27,288    0%
    Number used as Memory:                       0 out of   6,408    0%
    Number used exclusively as route-thrus:     23
      Number with same-slice register load:     23
      Number with same-slice carry load:         0
      Number with other load:                    0

Slice Logic Distribution:
  Number of occupied Slices:                     7 out of   6,822    1%
  Number of LUT Flip Flop pairs used:           25
    Number with an unused Flip Flop:             0 out of      25    0%
    Number with an unused LUT:                   2 out of      25    8%
    Number of fully used LUT-FF pairs:          23 out of      25   92%
    Number of unique control sets:               1
    Number of slice register sites lost
      to control set restrictions:               0 out of  54,576    0%

  A LUT Flip Flop pair for this architecture represents one LUT paired with
  one Flip Flop within a slice.  A control set is a unique combination of
  clock, reset, set, and enable signals for a registered element.
  The Slice Logic Distribution report is not meaningful if the design is
  over-mapped for a non-slice resource or if Placement fails.

IO Utilization:
  Number of bonded IOBs:                       226 out of     358   63%

Specific Feature Utilization:
  Number of RAMB16BWERs:                         0 out of     116    0%
  Number of RAMB8BWERs:                          0 out of     232    0%
  Number of BUFIO2/BUFIO2_2CLKs:                 0 out of      32    0%
  Number of BUFIO2FB/BUFIO2FB_2CLKs:             0 out of      32    0%
  Number of BUFG/BUFGMUXs:                       1 out of      16    6%
    Number used as BUFGs:                        1
    Number used as BUFGMUX:                      0
  Number of DCM/DCM_CLKGENs:                     0 out of       8    0%
  Number of ILOGIC2/ISERDES2s:                   0 out of     376    0%
  Number of IODELAY2/IODRP2/IODRP2_MCBs:         0 out of     376    0%
  Number of OLOGIC2/OSERDES2s:                   0 out of     376    0%
  Number of BSCANs:                              0 out of       4    0%
  Number of BUFHs:                               0 out of     256    0%
  Number of BUFPLLs:                             0 out of       8    0%
  Number of BUFPLL_MCBs:                         0 out of       4    0%
  Number of DSP48A1s:                            3 out of      58    5%
  Number of ICAPs:                               0 out of       1    0%
  Number of MCBs:                                0 out of       2    0%
  Number of PCILOGICSEs:                         0 out of       2    0%
  Number of PLL_ADVs:                            0 out of       4    0%
  Number of PMVs:                                0 out of       1    0%
  Number of STARTUPs:                            0 out of       1    0%
  Number of SUSPEND_SYNCs:                       0 out of       1    0%

Average Fanout of Non-Clock Nets:                1.60

Peak Memory Usage:  258 MB
Total REAL time to MAP completion:  54 secs 
Total CPU time to MAP completion:   48 secs 

Table of Contents
-----------------
Section 1 - Errors
Section 2 - Warnings
Section 3 - Informational
Section 4 - Removed Logic Summary
Section 5 - Removed Logic
Section 6 - IOB Properties
Section 7 - RPMs
Section 8 - Guide Report
Section 9 - Area Group and Partition Summary
Section 10 - Timing Report
Section 11 - Configuration String Information
Section 12 - Control Set Information
Section 13 - Utilization by Hierarchy

Section 1 - Errors
------------------

Section 2 - Warnings
--------------------
WARNING:Security:42 - Your software subscription period has lapsed. Your current
version of Xilinx tools will continue to function, but you no longer qualify for
Xilinx software updates or new releases.

Section 3 - Informational
-------------------------
INFO:Security:54 - 'xc6slx45' is a WebPack part.
INFO:MapLib:562 - No environment variables are currently set.
INFO:LIT:244 - All of the single ended outputs in this design are using slew
   rate limited output drivers. The delay on speed critical single ended outputs
   can be dramatically reduced by designating them as fast outputs.
INFO:Pack:1716 - Initializing temperature to 85.000 Celsius. (default - Range:
   0.000 to 85.000 Celsius)
INFO:Pack:1720 - Initializing voltage to 1.140 Volts. (default - Range: 1.140 to
   1.260 Volts)
INFO:Map:215 - The Interim Design Summary has been generated in the MAP Report
   (.mrp).
INFO:Pack:1650 - Map created a placed design.

Section 4 - Removed Logic Summary
---------------------------------
   6 block(s) optimized away

Section 5 - Removed Logic
-------------------------

Optimized Block(s):
TYPE 		BLOCK
GND 		adder_async_reset/XST_GND
VCC 		adder_async_reset/XST_VCC
GND 		adder_sync_reset/XST_GND
VCC 		adder_sync_reset/XST_VCC
GND 		mult/XST_GND
VCC 		mult/XST_VCC

Section 6 - IOB Properties
--------------------------

+---------------------------------------------------------------------------------------------------------------------------------------------------------+
| IOB Name                           | Type             | Direction | IO Standard          | Diff  | Drive    | Slew | Reg (s)      | Resistor | IOB      |
|                                    |                  |           |                      | Term  | Strength | Rate |              |          | Delay    |
+---------------------------------------------------------------------------------------------------------------------------------------------------------+
| a<0>                               | IOB              | INPUT     | LVCMOS25             |       |          |      |              |          |          |
| a<1>                               | IOB              | INPUT     | LVCMOS25             |       |          |      |              |          |          |
| a<2>                               | IOB              | INPUT     | LVCMOS25             |       |          |      |              |          |          |
| a<3>                               | IOB              | INPUT     | LVCMOS25             |       |          |      |              |          |          |
| a<4>                               | IOB              | INPUT     | LVCMOS25             |       |          |      |              |          |          |
| a<5>                               | IOB              | INPUT     | LVCMOS25             |       |          |      |              |          |          |
| a<6>                               | IOB              | INPUT     | LVCMOS25             |       |          |      |              |          |          |
| a<7>                               | IOB              | INPUT     | LVCMOS25             |       |          |      |              |          |          |
| a<8>                               | IOB              | INPUT     | LVCMOS25             |       |          |      |              |          |          |
| a<9>                               | IOB              | INPUT     | LVCMOS25             |       |          |      |              |          |          |
| a<10>                              | IOB              | INPUT     | LVCMOS25             |       |          |      |              |          |          |
| a<11>                              | IOB              | INPUT     | LVCMOS25             |       |          |      |              |          |          |
| a<12>                              | IOB              | INPUT     | LVCMOS25             |       |          |      |              |          |          |
| a<13>                              | IOB              | INPUT     | LVCMOS25             |       |          |      |              |          |          |
| a<14>                              | IOB              | INPUT     | LVCMOS25             |       |          |      |              |          |          |
| a<15>                              | IOB              | INPUT     | LVCMOS25             |       |          |      |              |          |          |
| a<16>                              | IOB              | INPUT     | LVCMOS25             |       |          |      |              |          |          |
| a<17>                              | IOB              | INPUT     | LVCMOS25             |       |          |      |              |          |          |
| a<18>                              | IOB              | INPUT     | LVCMOS25             |       |          |      |              |          |          |
| a<19>                              | IOB              | INPUT     | LVCMOS25             |       |          |      |              |          |          |
| a<20>                              | IOB              | INPUT     | LVCMOS25             |       |          |      |              |          |          |
| a<21>                              | IOB              | INPUT     | LVCMOS25             |       |          |      |              |          |          |
| a<22>                              | IOB              | INPUT     | LVCMOS25             |       |          |      |              |          |          |
| a<23>                              | IOB              | INPUT     | LVCMOS25             |       |          |      |              |          |          |
| a<24>                              | IOB              | INPUT     | LVCMOS25             |       |          |      |              |          |          |
| a<25>                              | IOB              | INPUT     | LVCMOS25             |       |          |      |              |          |          |
| a<26>                              | IOB              | INPUT     | LVCMOS25             |       |          |      |              |          |          |
| a<27>                              | IOB              | INPUT     | LVCMOS25             |       |          |      |              |          |          |
| a<28>                              | IOB              | INPUT     | LVCMOS25             |       |          |      |              |          |          |
| a<29>                              | IOB              | INPUT     | LVCMOS25             |       |          |      |              |          |          |
| a<30>                              | IOB              | INPUT     | LVCMOS25             |       |          |      |              |          |          |
| a<31>                              | IOB              | INPUT     | LVCMOS25             |       |          |      |              |          |          |
| a<32>                              | IOB              | INPUT     | LVCMOS25             |       |          |      |              |          |          |
| a<33>                              | IOB              | INPUT     | LVCMOS25             |       |          |      |              |          |          |
| a<34>                              | IOB              | INPUT     | LVCMOS25             |       |          |      |              |          |          |
| a<35>                              | IOB              | INPUT     | LVCMOS25             |       |          |      |              |          |          |
| a<36>                              | IOB              | INPUT     | LVCMOS25             |       |          |      |              |          |          |
| a<37>                              | IOB              | INPUT     | LVCMOS25             |       |          |      |              |          |          |
| a<38>                              | IOB              | INPUT     | LVCMOS25             |       |          |      |              |          |          |
| a<39>                              | IOB              | INPUT     | LVCMOS25             |       |          |      |              |          |          |
| a<40>                              | IOB              | INPUT     | LVCMOS25             |       |          |      |              |          |          |
| a<41>                              | IOB              | INPUT     | LVCMOS25             |       |          |      |              |          |          |
| a<42>                              | IOB              | INPUT     | LVCMOS25             |       |          |      |              |          |          |
| a<43>                              | IOB              | INPUT     | LVCMOS25             |       |          |      |              |          |          |
| a<44>                              | IOB              | INPUT     | LVCMOS25             |       |          |      |              |          |          |
| a<45>                              | IOB              | INPUT     | LVCMOS25             |       |          |      |              |          |          |
| a<46>                              | IOB              | INPUT     | LVCMOS25             |       |          |      |              |          |          |
| a<47>                              | IOB              | INPUT     | LVCMOS25             |       |          |      |              |          |          |
| b<0>                               | IOB              | INPUT     | LVCMOS25             |       |          |      |              |          |          |
| b<1>                               | IOB              | INPUT     | LVCMOS25             |       |          |      |              |          |          |
| b<2>                               | IOB              | INPUT     | LVCMOS25             |       |          |      |              |          |          |
| b<3>                               | IOB              | INPUT     | LVCMOS25             |       |          |      |              |          |          |
| b<4>                               | IOB              | INPUT     | LVCMOS25             |       |          |      |              |          |          |
| b<5>                               | IOB              | INPUT     | LVCMOS25             |       |          |      |              |          |          |
| b<6>                               | IOB              | INPUT     | LVCMOS25             |       |          |      |              |          |          |
| b<7>                               | IOB              | INPUT     | LVCMOS25             |       |          |      |              |          |          |
| b<8>                               | IOB              | INPUT     | LVCMOS25             |       |          |      |              |          |          |
| b<9>                               | IOB              | INPUT     | LVCMOS25             |       |          |      |              |          |          |
| b<10>                              | IOB              | INPUT     | LVCMOS25             |       |          |      |              |          |          |
| b<11>                              | IOB              | INPUT     | LVCMOS25             |       |          |      |              |          |          |
| b<12>                              | IOB              | INPUT     | LVCMOS25             |       |          |      |              |          |          |
| b<13>                              | IOB              | INPUT     | LVCMOS25             |       |          |      |              |          |          |
| b<14>                              | IOB              | INPUT     | LVCMOS25             |       |          |      |              |          |          |
| b<15>                              | IOB              | INPUT     | LVCMOS25             |       |          |      |              |          |          |
| b<16>                              | IOB              | INPUT     | LVCMOS25             |       |          |      |              |          |          |
| b<17>                              | IOB              | INPUT     | LVCMOS25             |       |          |      |              |          |          |
| b<18>                              | IOB              | INPUT     | LVCMOS25             |       |          |      |              |          |          |
| b<19>                              | IOB              | INPUT     | LVCMOS25             |       |          |      |              |          |          |
| b<20>                              | IOB              | INPUT     | LVCMOS25             |       |          |      |              |          |          |
| b<21>                              | IOB              | INPUT     | LVCMOS25             |       |          |      |              |          |          |
| b<22>                              | IOB              | INPUT     | LVCMOS25             |       |          |      |              |          |          |
| b<23>                              | IOB              | INPUT     | LVCMOS25             |       |          |      |              |          |          |
| b<24>                              | IOB              | INPUT     | LVCMOS25             |       |          |      |              |          |          |
| b<25>                              | IOB              | INPUT     | LVCMOS25             |       |          |      |              |          |          |
| b<26>                              | IOB              | INPUT     | LVCMOS25             |       |          |      |              |          |          |
| b<27>                              | IOB              | INPUT     | LVCMOS25             |       |          |      |              |          |          |
| b<28>                              | IOB              | INPUT     | LVCMOS25             |       |          |      |              |          |          |
| b<29>                              | IOB              | INPUT     | LVCMOS25             |       |          |      |              |          |          |
| b<30>                              | IOB              | INPUT     | LVCMOS25             |       |          |      |              |          |          |
| b<31>                              | IOB              | INPUT     | LVCMOS25             |       |          |      |              |          |          |
| b<32>                              | IOB              | INPUT     | LVCMOS25             |       |          |      |              |          |          |
| b<33>                              | IOB              | INPUT     | LVCMOS25             |       |          |      |              |          |          |
| b<34>                              | IOB              | INPUT     | LVCMOS25             |       |          |      |              |          |          |
| b<35>                              | IOB              | INPUT     | LVCMOS25             |       |          |      |              |          |          |
| b<36>                              | IOB              | INPUT     | LVCMOS25             |       |          |      |              |          |          |
| b<37>                              | IOB              | INPUT     | LVCMOS25             |       |          |      |              |          |          |
| b<38>                              | IOB              | INPUT     | LVCMOS25             |       |          |      |              |          |          |
| b<39>                              | IOB              | INPUT     | LVCMOS25             |       |          |      |              |          |          |
| b<40>                              | IOB              | INPUT     | LVCMOS25             |       |          |      |              |          |          |
| b<41>                              | IOB              | INPUT     | LVCMOS25             |       |          |      |              |          |          |
| b<42>                              | IOB              | INPUT     | LVCMOS25             |       |          |      |              |          |          |
| b<43>                              | IOB              | INPUT     | LVCMOS25             |       |          |      |              |          |          |
| b<44>                              | IOB              | INPUT     | LVCMOS25             |       |          |      |              |          |          |
| b<45>                              | IOB              | INPUT     | LVCMOS25             |       |          |      |              |          |          |
| b<46>                              | IOB              | INPUT     | LVCMOS25             |       |          |      |              |          |          |
| b<47>                              | IOB              | INPUT     | LVCMOS25             |       |          |      |              |          |          |
| c_async_reset<0>                   | IOB              | OUTPUT    | LVCMOS25             |       | 12       | SLOW |              |          |          |
| c_async_reset<1>                   | IOB              | OUTPUT    | LVCMOS25             |       | 12       | SLOW |              |          |          |
| c_async_reset<2>                   | IOB              | OUTPUT    | LVCMOS25             |       | 12       | SLOW |              |          |          |
| c_async_reset<3>                   | IOB              | OUTPUT    | LVCMOS25             |       | 12       | SLOW |              |          |          |
| c_async_reset<4>                   | IOB              | OUTPUT    | LVCMOS25             |       | 12       | SLOW |              |          |          |
| c_async_reset<5>                   | IOB              | OUTPUT    | LVCMOS25             |       | 12       | SLOW |              |          |          |
| c_async_reset<6>                   | IOB              | OUTPUT    | LVCMOS25             |       | 12       | SLOW |              |          |          |
| c_async_reset<7>                   | IOB              | OUTPUT    | LVCMOS25             |       | 12       | SLOW |              |          |          |
| c_async_reset<8>                   | IOB              | OUTPUT    | LVCMOS25             |       | 12       | SLOW |              |          |          |
| c_async_reset<9>                   | IOB              | OUTPUT    | LVCMOS25             |       | 12       | SLOW |              |          |          |
| c_async_reset<10>                  | IOB              | OUTPUT    | LVCMOS25             |       | 12       | SLOW |              |          |          |
| c_async_reset<11>                  | IOB              | OUTPUT    | LVCMOS25             |       | 12       | SLOW |              |          |          |
| c_async_reset<12>                  | IOB              | OUTPUT    | LVCMOS25             |       | 12       | SLOW |              |          |          |
| c_async_reset<13>                  | IOB              | OUTPUT    | LVCMOS25             |       | 12       | SLOW |              |          |          |
| c_async_reset<14>                  | IOB              | OUTPUT    | LVCMOS25             |       | 12       | SLOW |              |          |          |
| c_async_reset<15>                  | IOB              | OUTPUT    | LVCMOS25             |       | 12       | SLOW |              |          |          |
| c_async_reset<16>                  | IOB              | OUTPUT    | LVCMOS25             |       | 12       | SLOW |              |          |          |
| c_async_reset<17>                  | IOB              | OUTPUT    | LVCMOS25             |       | 12       | SLOW |              |          |          |
| c_async_reset<18>                  | IOB              | OUTPUT    | LVCMOS25             |       | 12       | SLOW |              |          |          |
| c_async_reset<19>                  | IOB              | OUTPUT    | LVCMOS25             |       | 12       | SLOW |              |          |          |
| c_async_reset<20>                  | IOB              | OUTPUT    | LVCMOS25             |       | 12       | SLOW |              |          |          |
| c_async_reset<21>                  | IOB              | OUTPUT    | LVCMOS25             |       | 12       | SLOW |              |          |          |
| c_async_reset<22>                  | IOB              | OUTPUT    | LVCMOS25             |       | 12       | SLOW |              |          |          |
| c_async_reset<23>                  | IOB              | OUTPUT    | LVCMOS25             |       | 12       | SLOW |              |          |          |
| c_async_reset<24>                  | IOB              | OUTPUT    | LVCMOS25             |       | 12       | SLOW |              |          |          |
| c_async_reset<25>                  | IOB              | OUTPUT    | LVCMOS25             |       | 12       | SLOW |              |          |          |
| c_async_reset<26>                  | IOB              | OUTPUT    | LVCMOS25             |       | 12       | SLOW |              |          |          |
| c_async_reset<27>                  | IOB              | OUTPUT    | LVCMOS25             |       | 12       | SLOW |              |          |          |
| c_async_reset<28>                  | IOB              | OUTPUT    | LVCMOS25             |       | 12       | SLOW |              |          |          |
| c_async_reset<29>                  | IOB              | OUTPUT    | LVCMOS25             |       | 12       | SLOW |              |          |          |
| c_async_reset<30>                  | IOB              | OUTPUT    | LVCMOS25             |       | 12       | SLOW |              |          |          |
| c_async_reset<31>                  | IOB              | OUTPUT    | LVCMOS25             |       | 12       | SLOW |              |          |          |
| c_async_reset<32>                  | IOB              | OUTPUT    | LVCMOS25             |       | 12       | SLOW |              |          |          |
| c_async_reset<33>                  | IOB              | OUTPUT    | LVCMOS25             |       | 12       | SLOW |              |          |          |
| c_async_reset<34>                  | IOB              | OUTPUT    | LVCMOS25             |       | 12       | SLOW |              |          |          |
| c_async_reset<35>                  | IOB              | OUTPUT    | LVCMOS25             |       | 12       | SLOW |              |          |          |
| c_async_reset<36>                  | IOB              | OUTPUT    | LVCMOS25             |       | 12       | SLOW |              |          |          |
| c_async_reset<37>                  | IOB              | OUTPUT    | LVCMOS25             |       | 12       | SLOW |              |          |          |
| c_async_reset<38>                  | IOB              | OUTPUT    | LVCMOS25             |       | 12       | SLOW |              |          |          |
| c_async_reset<39>                  | IOB              | OUTPUT    | LVCMOS25             |       | 12       | SLOW |              |          |          |
| c_async_reset<40>                  | IOB              | OUTPUT    | LVCMOS25             |       | 12       | SLOW |              |          |          |
| c_async_reset<41>                  | IOB              | OUTPUT    | LVCMOS25             |       | 12       | SLOW |              |          |          |
| c_async_reset<42>                  | IOB              | OUTPUT    | LVCMOS25             |       | 12       | SLOW |              |          |          |
| c_async_reset<43>                  | IOB              | OUTPUT    | LVCMOS25             |       | 12       | SLOW |              |          |          |
| c_async_reset<44>                  | IOB              | OUTPUT    | LVCMOS25             |       | 12       | SLOW |              |          |          |
| c_async_reset<45>                  | IOB              | OUTPUT    | LVCMOS25             |       | 12       | SLOW |              |          |          |
| c_async_reset<46>                  | IOB              | OUTPUT    | LVCMOS25             |       | 12       | SLOW |              |          |          |
| c_async_reset<47>                  | IOB              | OUTPUT    | LVCMOS25             |       | 12       | SLOW |              |          |          |
| c_sync_reset<0>                    | IOB              | OUTPUT    | LVCMOS25             |       | 12       | SLOW |              |          |          |
| c_sync_reset<1>                    | IOB              | OUTPUT    | LVCMOS25             |       | 12       | SLOW |              |          |          |
| c_sync_reset<2>                    | IOB              | OUTPUT    | LVCMOS25             |       | 12       | SLOW |              |          |          |
| c_sync_reset<3>                    | IOB              | OUTPUT    | LVCMOS25             |       | 12       | SLOW |              |          |          |
| c_sync_reset<4>                    | IOB              | OUTPUT    | LVCMOS25             |       | 12       | SLOW |              |          |          |
| c_sync_reset<5>                    | IOB              | OUTPUT    | LVCMOS25             |       | 12       | SLOW |              |          |          |
| c_sync_reset<6>                    | IOB              | OUTPUT    | LVCMOS25             |       | 12       | SLOW |              |          |          |
| c_sync_reset<7>                    | IOB              | OUTPUT    | LVCMOS25             |       | 12       | SLOW |              |          |          |
| c_sync_reset<8>                    | IOB              | OUTPUT    | LVCMOS25             |       | 12       | SLOW |              |          |          |
| c_sync_reset<9>                    | IOB              | OUTPUT    | LVCMOS25             |       | 12       | SLOW |              |          |          |
| c_sync_reset<10>                   | IOB              | OUTPUT    | LVCMOS25             |       | 12       | SLOW |              |          |          |
| c_sync_reset<11>                   | IOB              | OUTPUT    | LVCMOS25             |       | 12       | SLOW |              |          |          |
| c_sync_reset<12>                   | IOB              | OUTPUT    | LVCMOS25             |       | 12       | SLOW |              |          |          |
| c_sync_reset<13>                   | IOB              | OUTPUT    | LVCMOS25             |       | 12       | SLOW |              |          |          |
| c_sync_reset<14>                   | IOB              | OUTPUT    | LVCMOS25             |       | 12       | SLOW |              |          |          |
| c_sync_reset<15>                   | IOB              | OUTPUT    | LVCMOS25             |       | 12       | SLOW |              |          |          |
| c_sync_reset<16>                   | IOB              | OUTPUT    | LVCMOS25             |       | 12       | SLOW |              |          |          |
| c_sync_reset<17>                   | IOB              | OUTPUT    | LVCMOS25             |       | 12       | SLOW |              |          |          |
| c_sync_reset<18>                   | IOB              | OUTPUT    | LVCMOS25             |       | 12       | SLOW |              |          |          |
| c_sync_reset<19>                   | IOB              | OUTPUT    | LVCMOS25             |       | 12       | SLOW |              |          |          |
| c_sync_reset<20>                   | IOB              | OUTPUT    | LVCMOS25             |       | 12       | SLOW |              |          |          |
| c_sync_reset<21>                   | IOB              | OUTPUT    | LVCMOS25             |       | 12       | SLOW |              |          |          |
| c_sync_reset<22>                   | IOB              | OUTPUT    | LVCMOS25             |       | 12       | SLOW |              |          |          |
| c_sync_reset<23>                   | IOB              | OUTPUT    | LVCMOS25             |       | 12       | SLOW |              |          |          |
| c_sync_reset<24>                   | IOB              | OUTPUT    | LVCMOS25             |       | 12       | SLOW |              |          |          |
| c_sync_reset<25>                   | IOB              | OUTPUT    | LVCMOS25             |       | 12       | SLOW |              |          |          |
| c_sync_reset<26>                   | IOB              | OUTPUT    | LVCMOS25             |       | 12       | SLOW |              |          |          |
| c_sync_reset<27>                   | IOB              | OUTPUT    | LVCMOS25             |       | 12       | SLOW |              |          |          |
| c_sync_reset<28>                   | IOB              | OUTPUT    | LVCMOS25             |       | 12       | SLOW |              |          |          |
| c_sync_reset<29>                   | IOB              | OUTPUT    | LVCMOS25             |       | 12       | SLOW |              |          |          |
| c_sync_reset<30>                   | IOB              | OUTPUT    | LVCMOS25             |       | 12       | SLOW |              |          |          |
| c_sync_reset<31>                   | IOB              | OUTPUT    | LVCMOS25             |       | 12       | SLOW |              |          |          |
| c_sync_reset<32>                   | IOB              | OUTPUT    | LVCMOS25             |       | 12       | SLOW |              |          |          |
| c_sync_reset<33>                   | IOB              | OUTPUT    | LVCMOS25             |       | 12       | SLOW |              |          |          |
| c_sync_reset<34>                   | IOB              | OUTPUT    | LVCMOS25             |       | 12       | SLOW |              |          |          |
| c_sync_reset<35>                   | IOB              | OUTPUT    | LVCMOS25             |       | 12       | SLOW |              |          |          |
| c_sync_reset<36>                   | IOB              | OUTPUT    | LVCMOS25             |       | 12       | SLOW |              |          |          |
| c_sync_reset<37>                   | IOB              | OUTPUT    | LVCMOS25             |       | 12       | SLOW |              |          |          |
| c_sync_reset<38>                   | IOB              | OUTPUT    | LVCMOS25             |       | 12       | SLOW |              |          |          |
| c_sync_reset<39>                   | IOB              | OUTPUT    | LVCMOS25             |       | 12       | SLOW |              |          |          |
| c_sync_reset<40>                   | IOB              | OUTPUT    | LVCMOS25             |       | 12       | SLOW |              |          |          |
| c_sync_reset<41>                   | IOB              | OUTPUT    | LVCMOS25             |       | 12       | SLOW |              |          |          |
| c_sync_reset<42>                   | IOB              | OUTPUT    | LVCMOS25             |       | 12       | SLOW |              |          |          |
| c_sync_reset<43>                   | IOB              | OUTPUT    | LVCMOS25             |       | 12       | SLOW |              |          |          |
| c_sync_reset<44>                   | IOB              | OUTPUT    | LVCMOS25             |       | 12       | SLOW |              |          |          |
| c_sync_reset<45>                   | IOB              | OUTPUT    | LVCMOS25             |       | 12       | SLOW |              |          |          |
| c_sync_reset<46>                   | IOB              | OUTPUT    | LVCMOS25             |       | 12       | SLOW |              |          |          |
| c_sync_reset<47>                   | IOB              | OUTPUT    | LVCMOS25             |       | 12       | SLOW |              |          |          |
| clk                                | IOB              | INPUT     | LVCMOS25             |       |          |      |              |          |          |
| mult_a<0>                          | IOB              | INPUT     | LVCMOS25             |       |          |      |              |          |          |
| mult_a<1>                          | IOB              | INPUT     | LVCMOS25             |       |          |      |              |          |          |
| mult_a<2>                          | IOB              | INPUT     | LVCMOS25             |       |          |      |              |          |          |
| mult_a<3>                          | IOB              | INPUT     | LVCMOS25             |       |          |      |              |          |          |
| mult_a<4>                          | IOB              | INPUT     | LVCMOS25             |       |          |      |              |          |          |
| mult_a<5>                          | IOB              | INPUT     | LVCMOS25             |       |          |      |              |          |          |
| mult_a<6>                          | IOB              | INPUT     | LVCMOS25             |       |          |      |              |          |          |
| mult_a<7>                          | IOB              | INPUT     | LVCMOS25             |       |          |      |              |          |          |
| mult_b<0>                          | IOB              | INPUT     | LVCMOS25             |       |          |      |              |          |          |
| mult_b<1>                          | IOB              | INPUT     | LVCMOS25             |       |          |      |              |          |          |
| mult_b<2>                          | IOB              | INPUT     | LVCMOS25             |       |          |      |              |          |          |
| mult_b<3>                          | IOB              | INPUT     | LVCMOS25             |       |          |      |              |          |          |
| mult_b<4>                          | IOB              | INPUT     | LVCMOS25             |       |          |      |              |          |          |
| mult_b<5>                          | IOB              | INPUT     | LVCMOS25             |       |          |      |              |          |          |
| mult_b<6>                          | IOB              | INPUT     | LVCMOS25             |       |          |      |              |          |          |
| mult_b<7>                          | IOB              | INPUT     | LVCMOS25             |       |          |      |              |          |          |
| mult_c<0>                          | IOB              | OUTPUT    | LVCMOS25             |       | 12       | SLOW |              |          |          |
| mult_c<1>                          | IOB              | OUTPUT    | LVCMOS25             |       | 12       | SLOW |              |          |          |
| mult_c<2>                          | IOB              | OUTPUT    | LVCMOS25             |       | 12       | SLOW |              |          |          |
| mult_c<3>                          | IOB              | OUTPUT    | LVCMOS25             |       | 12       | SLOW |              |          |          |
| mult_c<4>                          | IOB              | OUTPUT    | LVCMOS25             |       | 12       | SLOW |              |          |          |
| mult_c<5>                          | IOB              | OUTPUT    | LVCMOS25             |       | 12       | SLOW |              |          |          |
| mult_c<6>                          | IOB              | OUTPUT    | LVCMOS25             |       | 12       | SLOW |              |          |          |
| mult_c<7>                          | IOB              | OUTPUT    | LVCMOS25             |       | 12       | SLOW |              |          |          |
| mult_c<8>                          | IOB              | OUTPUT    | LVCMOS25             |       | 12       | SLOW |              |          |          |
| mult_c<9>                          | IOB              | OUTPUT    | LVCMOS25             |       | 12       | SLOW |              |          |          |
| mult_c<10>                         | IOB              | OUTPUT    | LVCMOS25             |       | 12       | SLOW |              |          |          |
| mult_c<11>                         | IOB              | OUTPUT    | LVCMOS25             |       | 12       | SLOW |              |          |          |
| mult_c<12>                         | IOB              | OUTPUT    | LVCMOS25             |       | 12       | SLOW |              |          |          |
| mult_c<13>                         | IOB              | OUTPUT    | LVCMOS25             |       | 12       | SLOW |              |          |          |
| mult_c<14>                         | IOB              | OUTPUT    | LVCMOS25             |       | 12       | SLOW |              |          |          |
| mult_c<15>                         | IOB              | OUTPUT    | LVCMOS25             |       | 12       | SLOW |              |          |          |
| reset                              | IOB              | INPUT     | LVCMOS25             |       |          |      |              |          |          |
+---------------------------------------------------------------------------------------------------------------------------------------------------------+

Section 7 - RPMs
----------------

Section 8 - Guide Report
------------------------
Guide not run on this design.

Section 9 - Area Group and Partition Summary
--------------------------------------------

Partition Implementation Status
-------------------------------

  No Partitions were found in this design.

-------------------------------

Area Group Information
----------------------

  No area groups were found in this design.

----------------------

Section 10 - Timing Report
--------------------------
A logic-level (pre-route) timing report can be generated by using Xilinx static
timing analysis tools, Timing Analyzer (GUI) or TRCE (command line), with the
mapped NCD and PCF files. Please note that this timing report will be generated
using estimated delay information. For accurate numbers, please generate a
timing report with the post Place and Route NCD file.

For more information about the Timing Analyzer, consult the Xilinx Timing
Analyzer Reference Manual; for more information about TRCE, consult the Xilinx
Command Line Tools User Guide "TRACE" chapter.

Section 11 - Configuration String Details
-----------------------------------------

Section 12 - Control Set Information
------------------------------------
+----------------------------------------------------------------------------------------------+
| Clock Signal | Reset Signal | Set Signal | Enable Signal | Slice Load Count | Bel Load Count |
+----------------------------------------------------------------------------------------------+
| clk_BUFGP    | reset_IBUF   |            |               | 7                | 48             |
+----------------------------------------------------------------------------------------------+

Section 13 - Utilization by Hierarchy
-------------------------------------
+---------------------------------------------------------------------------------------------------------------------------------------------------------------------------------------------------+
| Module             | Partition | Slices*       | Slice Reg     | LUTs          | LUTRAM        | BRAM/FIFO | DSP48A1 | BUFG  | BUFIO | BUFR  | DCM   | PLL_ADV   | Full Hierarchical Name         |
+---------------------------------------------------------------------------------------------------------------------------------------------------------------------------------------------------+
| dsp48_usage/       |           | 7/14          | 0/48          | 23/23         | 0/0           | 0/0       | 0/3     | 1/1   | 0/0   | 0/0   | 0/0   | 0/0       | dsp48_usage                    |
| +adder_async_reset |           | 7/7           | 48/48         | 0/0           | 0/0           | 0/0       | 1/1     | 0/0   | 0/0   | 0/0   | 0/0   | 0/0       | dsp48_usage/adder_async_reset  |
| +adder_sync_reset  |           | 0/0           | 0/0           | 0/0           | 0/0           | 0/0       | 1/1     | 0/0   | 0/0   | 0/0   | 0/0   | 0/0       | dsp48_usage/adder_sync_reset   |
| +dsp48_usage       |           | 0/0           | 0/0           | 0/0           | 0/0           | 0/0       | 0/0     | 0/0   | 0/0   | 0/0   | 0/0   | 0/0       | dsp48_usage/dsp48_usage        |
| +mult              |           | 0/0           | 0/0           | 0/0           | 0/0           | 0/0       | 1/1     | 0/0   | 0/0   | 0/0   | 0/0   | 0/0       | dsp48_usage/mult               |
+---------------------------------------------------------------------------------------------------------------------------------------------------------------------------------------------------+

* Slices can be packed with basic elements from multiple hierarchies.
  Therefore, a slice will be counted in every hierarchical module
  that each of its packed basic elements belong to.
** For each column, there are two numbers reported <A>/<B>.
   <A> is the number of elements that belong to that specific hierarchical module.
   <B> is the total number of elements from that hierarchical module and any lower level
   hierarchical modules below.
*** The LUTRAM column counts all LUTs used as memory including RAM, ROM, and shift registers.
