Release 12.1 Map M.53d (nt)
Xilinx Mapping Report File for Design 'pipeline'

Design Information
------------------
Command Line   : map -intstyle ise -p xc6vlx75t-ff784-3 -w -ol high -t 1 -xt 0
-register_duplication off -global_opt off -detail -ir off -pr off -lc off -power
off -o pipeline_map.ncd pipeline.ngd pipeline.pcf 
Target Device  : xc6vlx75t
Target Package : ff784
Target Speed   : -3
Mapper Version : virtex6 -- $Revision: 1.52 $
Mapped Date    : Thu Mar 24 21:51:55 2011

Design Summary
--------------
Number of errors:      0
Number of warnings:    0
Slice Logic Utilization:
  Number of Slice Registers:                   260 out of  93,120    1%
    Number used as Flip Flops:                 260
    Number used as Latches:                      0
    Number used as Latch-thrus:                  0
    Number used as AND/OR logics:                0
  Number of Slice LUTs:                        268 out of  46,560    1%
    Number used as logic:                      138 out of  46,560    1%
      Number using O6 output only:             138
      Number using O5 output only:               0
      Number using O5 and O6:                    0
      Number used as ROM:                        0
    Number used as Memory:                     128 out of  16,720    1%
      Number used as Dual Port RAM:              0
      Number used as Single Port RAM:            0
      Number used as Shift Register:           128
        Number using O6 output only:           128
        Number using O5 output only:             0
        Number using O5 and O6:                  0
    Number used exclusively as route-thrus:      2
      Number with same-slice register load:      2
      Number with same-slice carry load:         0
      Number with other load:                    0

Slice Logic Distribution:
  Number of occupied Slices:                    93 out of  11,640    1%
  Number of LUT Flip Flop pairs used:          268
    Number with an unused Flip Flop:            10 out of     268    3%
    Number with an unused LUT:                   0 out of     268    0%
    Number of fully used LUT-FF pairs:         258 out of     268   96%
    Number of unique control sets:               8
    Number of slice register sites lost
      to control set restrictions:               4 out of  93,120    1%

  A LUT Flip Flop pair for this architecture represents one LUT paired with
  one Flip Flop within a slice.  A control set is a unique combination of
  clock, reset, set, and enable signals for a registered element.
  The Slice Logic Distribution report is not meaningful if the design is
  over-mapped for a non-slice resource or if Placement fails.
  OVERMAPPING of BRAM resources should be ignored if the design is
  over-mapped for a non-BRAM resource or if placement fails.

IO Utilization:
  Number of bonded IOBs:                       259 out of     360   71%

Specific Feature Utilization:
  Number of RAMB36E1/FIFO36E1s:                  0 out of     156    0%
  Number of RAMB18E1/FIFO18E1s:                  0 out of     312    0%
  Number of BUFG/BUFGCTRLs:                      1 out of      32    3%
    Number used as BUFGs:                        1
    Number used as BUFGCTRLs:                    0
  Number of ILOGICE1/ISERDESE1s:                 0 out of     360    0%
  Number of OLOGICE1/OSERDESE1s:                 0 out of     360    0%
  Number of BSCANs:                              0 out of       4    0%
  Number of BUFHCEs:                             0 out of      72    0%
  Number of BUFOs:                               0 out of      18    0%
  Number of BUFIODQSs:                           0 out of      36    0%
  Number of BUFRs:                               0 out of      18    0%
  Number of CAPTUREs:                            0 out of       1    0%
  Number of DSP48E1s:                            0 out of     288    0%
  Number of EFUSE_USRs:                          0 out of       1    0%
  Number of GTXE1s:                              0 out of      12    0%
  Number of IBUFDS_GTXE1s:                       0 out of       6    0%
  Number of ICAPs:                               0 out of       2    0%
  Number of IDELAYCTRLs:                         0 out of       9    0%
  Number of IODELAYE1s:                          0 out of     360    0%
  Number of MMCM_ADVs:                           0 out of       6    0%
  Number of PCIE_2_0s:                           0 out of       1    0%
  Number of STARTUPs:                            1 out of       1  100%
  Number of SYSMONs:                             0 out of       1    0%
  Number of TEMAC_SINGLEs:                       0 out of       4    0%

Average Fanout of Non-Clock Nets:                2.34

Peak Memory Usage:  320 MB
Total REAL time to MAP completion:  54 secs 
Total CPU time to MAP completion:   40 secs 

Table of Contents
-----------------
Section 1 - Errors
Section 2 - Warnings
Section 3 - Informational
Section 4 - Removed Logic Summary
Section 5 - Removed Logic
Section 6 - IOB Properties
Section 7 - RPMs
Section 8 - Guide Report
Section 9 - Area Group and Partition Summary
Section 10 - Timing Report
Section 11 - Configuration String Information
Section 12 - Control Set Information
Section 13 - Utilization by Hierarchy

Section 1 - Errors
------------------

Section 2 - Warnings
--------------------
WARNING:Security:42 - Your software subscription period has lapsed. Your current
version of Xilinx tools will continue to function, but you no longer qualify for
Xilinx software updates or new releases.

Section 3 - Informational
-------------------------
INFO:Security:54 - 'xc6vlx75t' is a WebPack part.
INFO:LIT:243 - Logical network enable_IBUF_1 has no load.
INFO:LIT:243 - Logical network enable_IBUF_2 has no load.
INFO:LIT:243 - Logical network enable_IBUF_3 has no load.
INFO:LIT:243 - Logical network enable_IBUF_4 has no load.
INFO:LIT:243 - Logical network enable_IBUF_5 has no load.
INFO:LIT:243 - Logical network enable_IBUF_6 has no load.
INFO:LIT:243 - Logical network enable_IBUF_14 has no load.
INFO:LIT:243 - Logical network enable_IBUF_15 has no load.
INFO:LIT:243 - Logical network enable_IBUF_16 has no load.
INFO:LIT:243 - Logical network enable_IBUF_17 has no load.
INFO:LIT:243 - Logical network enable_IBUF_18 has no load.
INFO:LIT:243 - Logical network enable_IBUF_19 has no load.
INFO:LIT:243 - Logical network enable_IBUF_20 has no load.
INFO:LIT:243 - Logical network enable_IBUF_21 has no load.
INFO:LIT:243 - Logical network enable_IBUF_22 has no load.
INFO:LIT:243 - Logical network enable_IBUF_23 has no load.
INFO:LIT:243 - Logical network enable_IBUF_24 has no load.
INFO:LIT:243 - Logical network enable_IBUF_25 has no load.
INFO:LIT:243 - Logical network enable_IBUF_26 has no load.
INFO:LIT:243 - Logical network enable_IBUF_27 has no load.
INFO:LIT:243 - Logical network enable_IBUF_28 has no load.
INFO:LIT:243 - Logical network enable_IBUF_29 has no load.
INFO:LIT:243 - Logical network enable_IBUF_30 has no load.
INFO:LIT:243 - Logical network enable_IBUF_31 has no load.
INFO:LIT:243 - Logical network enable_IBUF_32 has no load.
INFO:LIT:243 - Logical network reset_IBUF_1 has no load.
INFO:LIT:243 - Logical network reset_IBUF_2 has no load.
INFO:LIT:243 - Logical network reset_IBUF_3 has no load.
INFO:LIT:243 - Logical network reset_IBUF_4 has no load.
INFO:LIT:243 - Logical network reset_IBUF_5 has no load.
INFO:LIT:243 - Logical network reset_IBUF_6 has no load.
INFO:LIT:243 - Logical network reset_IBUF_7 has no load.
INFO:LIT:243 - Logical network reset_IBUF_8 has no load.
INFO:LIT:243 - Logical network reset_IBUF_9 has no load.
INFO:LIT:243 - Logical network reset_IBUF_10 has no load.
INFO:LIT:243 - Logical network reset_IBUF_11 has no load.
INFO:LIT:243 - Logical network reset_IBUF_12 has no load.
INFO:LIT:243 - Logical network reset_IBUF_14 has no load.
INFO:LIT:243 - Logical network reset_IBUF_15 has no load.
INFO:LIT:243 - Logical network reset_IBUF_16 has no load.
INFO:LIT:243 - Logical network reset_IBUF_17 has no load.
INFO:LIT:243 - Logical network reset_IBUF_18 has no load.
INFO:LIT:243 - Logical network reset_IBUF_19 has no load.
INFO:LIT:243 - Logical network reset_IBUF_20 has no load.
INFO:LIT:243 - Logical network reset_IBUF_21 has no load.
INFO:LIT:243 - Logical network reset_IBUF_22 has no load.
INFO:LIT:243 - Logical network reset_IBUF_23 has no load.
INFO:LIT:243 - Logical network reset_IBUF_24 has no load.
INFO:LIT:243 - Logical network reset_IBUF_25 has no load.
INFO:LIT:243 - Logical network reset_IBUF_26 has no load.
INFO:LIT:243 - Logical network reset_IBUF_27 has no load.
INFO:LIT:243 - Logical network reset_IBUF_28 has no load.
INFO:LIT:243 - Logical network reset_IBUF_29 has no load.
INFO:LIT:243 - Logical network reset_IBUF_30 has no load.
INFO:LIT:243 - Logical network reset_IBUF_31 has no load.
INFO:LIT:243 - Logical network reset_IBUF_32 has no load.
INFO:MapLib:562 - No environment variables are currently set.
INFO:LIT:244 - All of the single ended outputs in this design are using slew
   rate limited output drivers. The delay on speed critical single ended outputs
   can be dramatically reduced by designating them as fast outputs.
INFO:Pack:1716 - Initializing temperature to 85.000 Celsius. (default - Range:
   0.000 to 85.000 Celsius)
INFO:Pack:1720 - Initializing voltage to 0.950 Volts. (default - Range: 0.950 to
   1.050 Volts)
INFO:Map:215 - The Interim Design Summary has been generated in the MAP Report
   (.mrp).
INFO:Pack:1650 - Map created a placed design.

Section 4 - Removed Logic Summary
---------------------------------
  56 block(s) removed
   2 block(s) optimized away
  56 signal(s) removed

Section 5 - Removed Logic
-------------------------

The trimmed logic report below shows the logic removed from your design due to
sourceless or loadless signals, and VCC or ground connections.  If the removal
of a signal or symbol results in the subsequent removal of an additional signal
or symbol, the message explaining that second removal will be indented.  This
indentation will be repeated as a chain of related logic is removed.

To quickly locate the original cause for the removal of a chain of logic, look
above the place where that logic is listed in the trimming report, then locate
the lines that are least indented (begin at the leftmost edge).

The signal "enable_IBUF_1" is loadless and has been removed.
 Loadless block "enable_IBUF_1" (BUF) removed.
The signal "enable_IBUF_2" is loadless and has been removed.
 Loadless block "enable_IBUF_2" (BUF) removed.
The signal "enable_IBUF_3" is loadless and has been removed.
 Loadless block "enable_IBUF_3" (BUF) removed.
The signal "enable_IBUF_4" is loadless and has been removed.
 Loadless block "enable_IBUF_4" (BUF) removed.
The signal "enable_IBUF_5" is loadless and has been removed.
 Loadless block "enable_IBUF_5" (BUF) removed.
The signal "enable_IBUF_6" is loadless and has been removed.
 Loadless block "enable_IBUF_6" (BUF) removed.
The signal "enable_IBUF_14" is loadless and has been removed.
 Loadless block "enable_IBUF_14" (BUF) removed.
The signal "enable_IBUF_15" is loadless and has been removed.
 Loadless block "enable_IBUF_15" (BUF) removed.
The signal "enable_IBUF_16" is loadless and has been removed.
 Loadless block "enable_IBUF_16" (BUF) removed.
The signal "enable_IBUF_17" is loadless and has been removed.
 Loadless block "enable_IBUF_17" (BUF) removed.
The signal "enable_IBUF_18" is loadless and has been removed.
 Loadless block "enable_IBUF_18" (BUF) removed.
The signal "enable_IBUF_19" is loadless and has been removed.
 Loadless block "enable_IBUF_19" (BUF) removed.
The signal "enable_IBUF_20" is loadless and has been removed.
 Loadless block "enable_IBUF_20" (BUF) removed.
The signal "enable_IBUF_21" is loadless and has been removed.
 Loadless block "enable_IBUF_21" (BUF) removed.
The signal "enable_IBUF_22" is loadless and has been removed.
 Loadless block "enable_IBUF_22" (BUF) removed.
The signal "enable_IBUF_23" is loadless and has been removed.
 Loadless block "enable_IBUF_23" (BUF) removed.
The signal "enable_IBUF_24" is loadless and has been removed.
 Loadless block "enable_IBUF_24" (BUF) removed.
The signal "enable_IBUF_25" is loadless and has been removed.
 Loadless block "enable_IBUF_25" (BUF) removed.
The signal "enable_IBUF_26" is loadless and has been removed.
 Loadless block "enable_IBUF_26" (BUF) removed.
The signal "enable_IBUF_27" is loadless and has been removed.
 Loadless block "enable_IBUF_27" (BUF) removed.
The signal "enable_IBUF_28" is loadless and has been removed.
 Loadless block "enable_IBUF_28" (BUF) removed.
The signal "enable_IBUF_29" is loadless and has been removed.
 Loadless block "enable_IBUF_29" (BUF) removed.
The signal "enable_IBUF_30" is loadless and has been removed.
 Loadless block "enable_IBUF_30" (BUF) removed.
The signal "enable_IBUF_31" is loadless and has been removed.
 Loadless block "enable_IBUF_31" (BUF) removed.
The signal "enable_IBUF_32" is loadless and has been removed.
 Loadless block "enable_IBUF_32" (BUF) removed.
The signal "reset_IBUF_1" is loadless and has been removed.
 Loadless block "reset_IBUF_1" (BUF) removed.
The signal "reset_IBUF_2" is loadless and has been removed.
 Loadless block "reset_IBUF_2" (BUF) removed.
The signal "reset_IBUF_3" is loadless and has been removed.
 Loadless block "reset_IBUF_3" (BUF) removed.
The signal "reset_IBUF_4" is loadless and has been removed.
 Loadless block "reset_IBUF_4" (BUF) removed.
The signal "reset_IBUF_5" is loadless and has been removed.
 Loadless block "reset_IBUF_5" (BUF) removed.
The signal "reset_IBUF_6" is loadless and has been removed.
 Loadless block "reset_IBUF_6" (BUF) removed.
The signal "reset_IBUF_7" is loadless and has been removed.
 Loadless block "reset_IBUF_7" (BUF) removed.
The signal "reset_IBUF_8" is loadless and has been removed.
 Loadless block "reset_IBUF_8" (BUF) removed.
The signal "reset_IBUF_9" is loadless and has been removed.
 Loadless block "reset_IBUF_9" (BUF) removed.
The signal "reset_IBUF_10" is loadless and has been removed.
 Loadless block "reset_IBUF_10" (BUF) removed.
The signal "reset_IBUF_11" is loadless and has been removed.
 Loadless block "reset_IBUF_11" (BUF) removed.
The signal "reset_IBUF_12" is loadless and has been removed.
 Loadless block "reset_IBUF_12" (BUF) removed.
The signal "reset_IBUF_14" is loadless and has been removed.
 Loadless block "reset_IBUF_14" (BUF) removed.
The signal "reset_IBUF_15" is loadless and has been removed.
 Loadless block "reset_IBUF_15" (BUF) removed.
The signal "reset_IBUF_16" is loadless and has been removed.
 Loadless block "reset_IBUF_16" (BUF) removed.
The signal "reset_IBUF_17" is loadless and has been removed.
 Loadless block "reset_IBUF_17" (BUF) removed.
The signal "reset_IBUF_18" is loadless and has been removed.
 Loadless block "reset_IBUF_18" (BUF) removed.
The signal "reset_IBUF_19" is loadless and has been removed.
 Loadless block "reset_IBUF_19" (BUF) removed.
The signal "reset_IBUF_20" is loadless and has been removed.
 Loadless block "reset_IBUF_20" (BUF) removed.
The signal "reset_IBUF_21" is loadless and has been removed.
 Loadless block "reset_IBUF_21" (BUF) removed.
The signal "reset_IBUF_22" is loadless and has been removed.
 Loadless block "reset_IBUF_22" (BUF) removed.
The signal "reset_IBUF_23" is loadless and has been removed.
 Loadless block "reset_IBUF_23" (BUF) removed.
The signal "reset_IBUF_24" is loadless and has been removed.
 Loadless block "reset_IBUF_24" (BUF) removed.
The signal "reset_IBUF_25" is loadless and has been removed.
 Loadless block "reset_IBUF_25" (BUF) removed.
The signal "reset_IBUF_26" is loadless and has been removed.
 Loadless block "reset_IBUF_26" (BUF) removed.
The signal "reset_IBUF_27" is loadless and has been removed.
 Loadless block "reset_IBUF_27" (BUF) removed.
The signal "reset_IBUF_28" is loadless and has been removed.
 Loadless block "reset_IBUF_28" (BUF) removed.
The signal "reset_IBUF_29" is loadless and has been removed.
 Loadless block "reset_IBUF_29" (BUF) removed.
The signal "reset_IBUF_30" is loadless and has been removed.
 Loadless block "reset_IBUF_30" (BUF) removed.
The signal "reset_IBUF_31" is loadless and has been removed.
 Loadless block "reset_IBUF_31" (BUF) removed.
The signal "reset_IBUF_32" is loadless and has been removed.
 Loadless block "reset_IBUF_32" (BUF) removed.

Optimized Block(s):
TYPE 		BLOCK
GND 		XST_GND
VCC 		XST_VCC

Section 6 - IOB Properties
--------------------------

+---------------------------------------------------------------------------------------------------------------------------------------------------------+
| IOB Name                           | Type             | Direction | IO Standard          | Diff  | Drive    | Slew | Reg (s)      | Resistor | IOB      |
|                                    |                  |           |                      | Term  | Strength | Rate |              |          | Delay    |
+---------------------------------------------------------------------------------------------------------------------------------------------------------+
| clk                                | IOB              | INPUT     | LVCMOS25             |       |          |      |              |          |          |
| data_in<0>                         | IOB              | INPUT     | LVCMOS25             |       |          |      |              |          |          |
| data_in<1>                         | IOB              | INPUT     | LVCMOS25             |       |          |      |              |          |          |
| data_in<2>                         | IOB              | INPUT     | LVCMOS25             |       |          |      |              |          |          |
| data_in<3>                         | IOB              | INPUT     | LVCMOS25             |       |          |      |              |          |          |
| data_in<4>                         | IOB              | INPUT     | LVCMOS25             |       |          |      |              |          |          |
| data_in<5>                         | IOB              | INPUT     | LVCMOS25             |       |          |      |              |          |          |
| data_in<6>                         | IOB              | INPUT     | LVCMOS25             |       |          |      |              |          |          |
| data_in<7>                         | IOB              | INPUT     | LVCMOS25             |       |          |      |              |          |          |
| data_in<8>                         | IOB              | INPUT     | LVCMOS25             |       |          |      |              |          |          |
| data_in<9>                         | IOB              | INPUT     | LVCMOS25             |       |          |      |              |          |          |
| data_in<10>                        | IOB              | INPUT     | LVCMOS25             |       |          |      |              |          |          |
| data_in<11>                        | IOB              | INPUT     | LVCMOS25             |       |          |      |              |          |          |
| data_in<12>                        | IOB              | INPUT     | LVCMOS25             |       |          |      |              |          |          |
| data_in<13>                        | IOB              | INPUT     | LVCMOS25             |       |          |      |              |          |          |
| data_in<14>                        | IOB              | INPUT     | LVCMOS25             |       |          |      |              |          |          |
| data_in<15>                        | IOB              | INPUT     | LVCMOS25             |       |          |      |              |          |          |
| data_in<16>                        | IOB              | INPUT     | LVCMOS25             |       |          |      |              |          |          |
| data_in<17>                        | IOB              | INPUT     | LVCMOS25             |       |          |      |              |          |          |
| data_in<18>                        | IOB              | INPUT     | LVCMOS25             |       |          |      |              |          |          |
| data_in<19>                        | IOB              | INPUT     | LVCMOS25             |       |          |      |              |          |          |
| data_in<20>                        | IOB              | INPUT     | LVCMOS25             |       |          |      |              |          |          |
| data_in<21>                        | IOB              | INPUT     | LVCMOS25             |       |          |      |              |          |          |
| data_in<22>                        | IOB              | INPUT     | LVCMOS25             |       |          |      |              |          |          |
| data_in<23>                        | IOB              | INPUT     | LVCMOS25             |       |          |      |              |          |          |
| data_in<24>                        | IOB              | INPUT     | LVCMOS25             |       |          |      |              |          |          |
| data_in<25>                        | IOB              | INPUT     | LVCMOS25             |       |          |      |              |          |          |
| data_in<26>                        | IOB              | INPUT     | LVCMOS25             |       |          |      |              |          |          |
| data_in<27>                        | IOB              | INPUT     | LVCMOS25             |       |          |      |              |          |          |
| data_in<28>                        | IOB              | INPUT     | LVCMOS25             |       |          |      |              |          |          |
| data_in<29>                        | IOB              | INPUT     | LVCMOS25             |       |          |      |              |          |          |
| data_in<30>                        | IOB              | INPUT     | LVCMOS25             |       |          |      |              |          |          |
| data_in<31>                        | IOB              | INPUT     | LVCMOS25             |       |          |      |              |          |          |
| data_in<32>                        | IOB              | INPUT     | LVCMOS25             |       |          |      |              |          |          |
| data_in<33>                        | IOB              | INPUT     | LVCMOS25             |       |          |      |              |          |          |
| data_in<34>                        | IOB              | INPUT     | LVCMOS25             |       |          |      |              |          |          |
| data_in<35>                        | IOB              | INPUT     | LVCMOS25             |       |          |      |              |          |          |
| data_in<36>                        | IOB              | INPUT     | LVCMOS25             |       |          |      |              |          |          |
| data_in<37>                        | IOB              | INPUT     | LVCMOS25             |       |          |      |              |          |          |
| data_in<38>                        | IOB              | INPUT     | LVCMOS25             |       |          |      |              |          |          |
| data_in<39>                        | IOB              | INPUT     | LVCMOS25             |       |          |      |              |          |          |
| data_in<40>                        | IOB              | INPUT     | LVCMOS25             |       |          |      |              |          |          |
| data_in<41>                        | IOB              | INPUT     | LVCMOS25             |       |          |      |              |          |          |
| data_in<42>                        | IOB              | INPUT     | LVCMOS25             |       |          |      |              |          |          |
| data_in<43>                        | IOB              | INPUT     | LVCMOS25             |       |          |      |              |          |          |
| data_in<44>                        | IOB              | INPUT     | LVCMOS25             |       |          |      |              |          |          |
| data_in<45>                        | IOB              | INPUT     | LVCMOS25             |       |          |      |              |          |          |
| data_in<46>                        | IOB              | INPUT     | LVCMOS25             |       |          |      |              |          |          |
| data_in<47>                        | IOB              | INPUT     | LVCMOS25             |       |          |      |              |          |          |
| data_in<48>                        | IOB              | INPUT     | LVCMOS25             |       |          |      |              |          |          |
| data_in<49>                        | IOB              | INPUT     | LVCMOS25             |       |          |      |              |          |          |
| data_in<50>                        | IOB              | INPUT     | LVCMOS25             |       |          |      |              |          |          |
| data_in<51>                        | IOB              | INPUT     | LVCMOS25             |       |          |      |              |          |          |
| data_in<52>                        | IOB              | INPUT     | LVCMOS25             |       |          |      |              |          |          |
| data_in<53>                        | IOB              | INPUT     | LVCMOS25             |       |          |      |              |          |          |
| data_in<54>                        | IOB              | INPUT     | LVCMOS25             |       |          |      |              |          |          |
| data_in<55>                        | IOB              | INPUT     | LVCMOS25             |       |          |      |              |          |          |
| data_in<56>                        | IOB              | INPUT     | LVCMOS25             |       |          |      |              |          |          |
| data_in<57>                        | IOB              | INPUT     | LVCMOS25             |       |          |      |              |          |          |
| data_in<58>                        | IOB              | INPUT     | LVCMOS25             |       |          |      |              |          |          |
| data_in<59>                        | IOB              | INPUT     | LVCMOS25             |       |          |      |              |          |          |
| data_in<60>                        | IOB              | INPUT     | LVCMOS25             |       |          |      |              |          |          |
| data_in<61>                        | IOB              | INPUT     | LVCMOS25             |       |          |      |              |          |          |
| data_in<62>                        | IOB              | INPUT     | LVCMOS25             |       |          |      |              |          |          |
| data_in<63>                        | IOB              | INPUT     | LVCMOS25             |       |          |      |              |          |          |
| data_in<64>                        | IOB              | INPUT     | LVCMOS25             |       |          |      |              |          |          |
| data_in<65>                        | IOB              | INPUT     | LVCMOS25             |       |          |      |              |          |          |
| data_in<66>                        | IOB              | INPUT     | LVCMOS25             |       |          |      |              |          |          |
| data_in<67>                        | IOB              | INPUT     | LVCMOS25             |       |          |      |              |          |          |
| data_in<68>                        | IOB              | INPUT     | LVCMOS25             |       |          |      |              |          |          |
| data_in<69>                        | IOB              | INPUT     | LVCMOS25             |       |          |      |              |          |          |
| data_in<70>                        | IOB              | INPUT     | LVCMOS25             |       |          |      |              |          |          |
| data_in<71>                        | IOB              | INPUT     | LVCMOS25             |       |          |      |              |          |          |
| data_in<72>                        | IOB              | INPUT     | LVCMOS25             |       |          |      |              |          |          |
| data_in<73>                        | IOB              | INPUT     | LVCMOS25             |       |          |      |              |          |          |
| data_in<74>                        | IOB              | INPUT     | LVCMOS25             |       |          |      |              |          |          |
| data_in<75>                        | IOB              | INPUT     | LVCMOS25             |       |          |      |              |          |          |
| data_in<76>                        | IOB              | INPUT     | LVCMOS25             |       |          |      |              |          |          |
| data_in<77>                        | IOB              | INPUT     | LVCMOS25             |       |          |      |              |          |          |
| data_in<78>                        | IOB              | INPUT     | LVCMOS25             |       |          |      |              |          |          |
| data_in<79>                        | IOB              | INPUT     | LVCMOS25             |       |          |      |              |          |          |
| data_in<80>                        | IOB              | INPUT     | LVCMOS25             |       |          |      |              |          |          |
| data_in<81>                        | IOB              | INPUT     | LVCMOS25             |       |          |      |              |          |          |
| data_in<82>                        | IOB              | INPUT     | LVCMOS25             |       |          |      |              |          |          |
| data_in<83>                        | IOB              | INPUT     | LVCMOS25             |       |          |      |              |          |          |
| data_in<84>                        | IOB              | INPUT     | LVCMOS25             |       |          |      |              |          |          |
| data_in<85>                        | IOB              | INPUT     | LVCMOS25             |       |          |      |              |          |          |
| data_in<86>                        | IOB              | INPUT     | LVCMOS25             |       |          |      |              |          |          |
| data_in<87>                        | IOB              | INPUT     | LVCMOS25             |       |          |      |              |          |          |
| data_in<88>                        | IOB              | INPUT     | LVCMOS25             |       |          |      |              |          |          |
| data_in<89>                        | IOB              | INPUT     | LVCMOS25             |       |          |      |              |          |          |
| data_in<90>                        | IOB              | INPUT     | LVCMOS25             |       |          |      |              |          |          |
| data_in<91>                        | IOB              | INPUT     | LVCMOS25             |       |          |      |              |          |          |
| data_in<92>                        | IOB              | INPUT     | LVCMOS25             |       |          |      |              |          |          |
| data_in<93>                        | IOB              | INPUT     | LVCMOS25             |       |          |      |              |          |          |
| data_in<94>                        | IOB              | INPUT     | LVCMOS25             |       |          |      |              |          |          |
| data_in<95>                        | IOB              | INPUT     | LVCMOS25             |       |          |      |              |          |          |
| data_in<96>                        | IOB              | INPUT     | LVCMOS25             |       |          |      |              |          |          |
| data_in<97>                        | IOB              | INPUT     | LVCMOS25             |       |          |      |              |          |          |
| data_in<98>                        | IOB              | INPUT     | LVCMOS25             |       |          |      |              |          |          |
| data_in<99>                        | IOB              | INPUT     | LVCMOS25             |       |          |      |              |          |          |
| data_in<100>                       | IOB              | INPUT     | LVCMOS25             |       |          |      |              |          |          |
| data_in<101>                       | IOB              | INPUT     | LVCMOS25             |       |          |      |              |          |          |
| data_in<102>                       | IOB              | INPUT     | LVCMOS25             |       |          |      |              |          |          |
| data_in<103>                       | IOB              | INPUT     | LVCMOS25             |       |          |      |              |          |          |
| data_in<104>                       | IOB              | INPUT     | LVCMOS25             |       |          |      |              |          |          |
| data_in<105>                       | IOB              | INPUT     | LVCMOS25             |       |          |      |              |          |          |
| data_in<106>                       | IOB              | INPUT     | LVCMOS25             |       |          |      |              |          |          |
| data_in<107>                       | IOB              | INPUT     | LVCMOS25             |       |          |      |              |          |          |
| data_in<108>                       | IOB              | INPUT     | LVCMOS25             |       |          |      |              |          |          |
| data_in<109>                       | IOB              | INPUT     | LVCMOS25             |       |          |      |              |          |          |
| data_in<110>                       | IOB              | INPUT     | LVCMOS25             |       |          |      |              |          |          |
| data_in<111>                       | IOB              | INPUT     | LVCMOS25             |       |          |      |              |          |          |
| data_in<112>                       | IOB              | INPUT     | LVCMOS25             |       |          |      |              |          |          |
| data_in<113>                       | IOB              | INPUT     | LVCMOS25             |       |          |      |              |          |          |
| data_in<114>                       | IOB              | INPUT     | LVCMOS25             |       |          |      |              |          |          |
| data_in<115>                       | IOB              | INPUT     | LVCMOS25             |       |          |      |              |          |          |
| data_in<116>                       | IOB              | INPUT     | LVCMOS25             |       |          |      |              |          |          |
| data_in<117>                       | IOB              | INPUT     | LVCMOS25             |       |          |      |              |          |          |
| data_in<118>                       | IOB              | INPUT     | LVCMOS25             |       |          |      |              |          |          |
| data_in<119>                       | IOB              | INPUT     | LVCMOS25             |       |          |      |              |          |          |
| data_in<120>                       | IOB              | INPUT     | LVCMOS25             |       |          |      |              |          |          |
| data_in<121>                       | IOB              | INPUT     | LVCMOS25             |       |          |      |              |          |          |
| data_in<122>                       | IOB              | INPUT     | LVCMOS25             |       |          |      |              |          |          |
| data_in<123>                       | IOB              | INPUT     | LVCMOS25             |       |          |      |              |          |          |
| data_in<124>                       | IOB              | INPUT     | LVCMOS25             |       |          |      |              |          |          |
| data_in<125>                       | IOB              | INPUT     | LVCMOS25             |       |          |      |              |          |          |
| data_in<126>                       | IOB              | INPUT     | LVCMOS25             |       |          |      |              |          |          |
| data_in<127>                       | IOB              | INPUT     | LVCMOS25             |       |          |      |              |          |          |
| data_out<0>                        | IOB              | OUTPUT    | LVCMOS25             |       | 12       | SLOW |              |          |          |
| data_out<1>                        | IOB              | OUTPUT    | LVCMOS25             |       | 12       | SLOW |              |          |          |
| data_out<2>                        | IOB              | OUTPUT    | LVCMOS25             |       | 12       | SLOW |              |          |          |
| data_out<3>                        | IOB              | OUTPUT    | LVCMOS25             |       | 12       | SLOW |              |          |          |
| data_out<4>                        | IOB              | OUTPUT    | LVCMOS25             |       | 12       | SLOW |              |          |          |
| data_out<5>                        | IOB              | OUTPUT    | LVCMOS25             |       | 12       | SLOW |              |          |          |
| data_out<6>                        | IOB              | OUTPUT    | LVCMOS25             |       | 12       | SLOW |              |          |          |
| data_out<7>                        | IOB              | OUTPUT    | LVCMOS25             |       | 12       | SLOW |              |          |          |
| data_out<8>                        | IOB              | OUTPUT    | LVCMOS25             |       | 12       | SLOW |              |          |          |
| data_out<9>                        | IOB              | OUTPUT    | LVCMOS25             |       | 12       | SLOW |              |          |          |
| data_out<10>                       | IOB              | OUTPUT    | LVCMOS25             |       | 12       | SLOW |              |          |          |
| data_out<11>                       | IOB              | OUTPUT    | LVCMOS25             |       | 12       | SLOW |              |          |          |
| data_out<12>                       | IOB              | OUTPUT    | LVCMOS25             |       | 12       | SLOW |              |          |          |
| data_out<13>                       | IOB              | OUTPUT    | LVCMOS25             |       | 12       | SLOW |              |          |          |
| data_out<14>                       | IOB              | OUTPUT    | LVCMOS25             |       | 12       | SLOW |              |          |          |
| data_out<15>                       | IOB              | OUTPUT    | LVCMOS25             |       | 12       | SLOW |              |          |          |
| data_out<16>                       | IOB              | OUTPUT    | LVCMOS25             |       | 12       | SLOW |              |          |          |
| data_out<17>                       | IOB              | OUTPUT    | LVCMOS25             |       | 12       | SLOW |              |          |          |
| data_out<18>                       | IOB              | OUTPUT    | LVCMOS25             |       | 12       | SLOW |              |          |          |
| data_out<19>                       | IOB              | OUTPUT    | LVCMOS25             |       | 12       | SLOW |              |          |          |
| data_out<20>                       | IOB              | OUTPUT    | LVCMOS25             |       | 12       | SLOW |              |          |          |
| data_out<21>                       | IOB              | OUTPUT    | LVCMOS25             |       | 12       | SLOW |              |          |          |
| data_out<22>                       | IOB              | OUTPUT    | LVCMOS25             |       | 12       | SLOW |              |          |          |
| data_out<23>                       | IOB              | OUTPUT    | LVCMOS25             |       | 12       | SLOW |              |          |          |
| data_out<24>                       | IOB              | OUTPUT    | LVCMOS25             |       | 12       | SLOW |              |          |          |
| data_out<25>                       | IOB              | OUTPUT    | LVCMOS25             |       | 12       | SLOW |              |          |          |
| data_out<26>                       | IOB              | OUTPUT    | LVCMOS25             |       | 12       | SLOW |              |          |          |
| data_out<27>                       | IOB              | OUTPUT    | LVCMOS25             |       | 12       | SLOW |              |          |          |
| data_out<28>                       | IOB              | OUTPUT    | LVCMOS25             |       | 12       | SLOW |              |          |          |
| data_out<29>                       | IOB              | OUTPUT    | LVCMOS25             |       | 12       | SLOW |              |          |          |
| data_out<30>                       | IOB              | OUTPUT    | LVCMOS25             |       | 12       | SLOW |              |          |          |
| data_out<31>                       | IOB              | OUTPUT    | LVCMOS25             |       | 12       | SLOW |              |          |          |
| data_out<32>                       | IOB              | OUTPUT    | LVCMOS25             |       | 12       | SLOW |              |          |          |
| data_out<33>                       | IOB              | OUTPUT    | LVCMOS25             |       | 12       | SLOW |              |          |          |
| data_out<34>                       | IOB              | OUTPUT    | LVCMOS25             |       | 12       | SLOW |              |          |          |
| data_out<35>                       | IOB              | OUTPUT    | LVCMOS25             |       | 12       | SLOW |              |          |          |
| data_out<36>                       | IOB              | OUTPUT    | LVCMOS25             |       | 12       | SLOW |              |          |          |
| data_out<37>                       | IOB              | OUTPUT    | LVCMOS25             |       | 12       | SLOW |              |          |          |
| data_out<38>                       | IOB              | OUTPUT    | LVCMOS25             |       | 12       | SLOW |              |          |          |
| data_out<39>                       | IOB              | OUTPUT    | LVCMOS25             |       | 12       | SLOW |              |          |          |
| data_out<40>                       | IOB              | OUTPUT    | LVCMOS25             |       | 12       | SLOW |              |          |          |
| data_out<41>                       | IOB              | OUTPUT    | LVCMOS25             |       | 12       | SLOW |              |          |          |
| data_out<42>                       | IOB              | OUTPUT    | LVCMOS25             |       | 12       | SLOW |              |          |          |
| data_out<43>                       | IOB              | OUTPUT    | LVCMOS25             |       | 12       | SLOW |              |          |          |
| data_out<44>                       | IOB              | OUTPUT    | LVCMOS25             |       | 12       | SLOW |              |          |          |
| data_out<45>                       | IOB              | OUTPUT    | LVCMOS25             |       | 12       | SLOW |              |          |          |
| data_out<46>                       | IOB              | OUTPUT    | LVCMOS25             |       | 12       | SLOW |              |          |          |
| data_out<47>                       | IOB              | OUTPUT    | LVCMOS25             |       | 12       | SLOW |              |          |          |
| data_out<48>                       | IOB              | OUTPUT    | LVCMOS25             |       | 12       | SLOW |              |          |          |
| data_out<49>                       | IOB              | OUTPUT    | LVCMOS25             |       | 12       | SLOW |              |          |          |
| data_out<50>                       | IOB              | OUTPUT    | LVCMOS25             |       | 12       | SLOW |              |          |          |
| data_out<51>                       | IOB              | OUTPUT    | LVCMOS25             |       | 12       | SLOW |              |          |          |
| data_out<52>                       | IOB              | OUTPUT    | LVCMOS25             |       | 12       | SLOW |              |          |          |
| data_out<53>                       | IOB              | OUTPUT    | LVCMOS25             |       | 12       | SLOW |              |          |          |
| data_out<54>                       | IOB              | OUTPUT    | LVCMOS25             |       | 12       | SLOW |              |          |          |
| data_out<55>                       | IOB              | OUTPUT    | LVCMOS25             |       | 12       | SLOW |              |          |          |
| data_out<56>                       | IOB              | OUTPUT    | LVCMOS25             |       | 12       | SLOW |              |          |          |
| data_out<57>                       | IOB              | OUTPUT    | LVCMOS25             |       | 12       | SLOW |              |          |          |
| data_out<58>                       | IOB              | OUTPUT    | LVCMOS25             |       | 12       | SLOW |              |          |          |
| data_out<59>                       | IOB              | OUTPUT    | LVCMOS25             |       | 12       | SLOW |              |          |          |
| data_out<60>                       | IOB              | OUTPUT    | LVCMOS25             |       | 12       | SLOW |              |          |          |
| data_out<61>                       | IOB              | OUTPUT    | LVCMOS25             |       | 12       | SLOW |              |          |          |
| data_out<62>                       | IOB              | OUTPUT    | LVCMOS25             |       | 12       | SLOW |              |          |          |
| data_out<63>                       | IOB              | OUTPUT    | LVCMOS25             |       | 12       | SLOW |              |          |          |
| data_out<64>                       | IOB              | OUTPUT    | LVCMOS25             |       | 12       | SLOW |              |          |          |
| data_out<65>                       | IOB              | OUTPUT    | LVCMOS25             |       | 12       | SLOW |              |          |          |
| data_out<66>                       | IOB              | OUTPUT    | LVCMOS25             |       | 12       | SLOW |              |          |          |
| data_out<67>                       | IOB              | OUTPUT    | LVCMOS25             |       | 12       | SLOW |              |          |          |
| data_out<68>                       | IOB              | OUTPUT    | LVCMOS25             |       | 12       | SLOW |              |          |          |
| data_out<69>                       | IOB              | OUTPUT    | LVCMOS25             |       | 12       | SLOW |              |          |          |
| data_out<70>                       | IOB              | OUTPUT    | LVCMOS25             |       | 12       | SLOW |              |          |          |
| data_out<71>                       | IOB              | OUTPUT    | LVCMOS25             |       | 12       | SLOW |              |          |          |
| data_out<72>                       | IOB              | OUTPUT    | LVCMOS25             |       | 12       | SLOW |              |          |          |
| data_out<73>                       | IOB              | OUTPUT    | LVCMOS25             |       | 12       | SLOW |              |          |          |
| data_out<74>                       | IOB              | OUTPUT    | LVCMOS25             |       | 12       | SLOW |              |          |          |
| data_out<75>                       | IOB              | OUTPUT    | LVCMOS25             |       | 12       | SLOW |              |          |          |
| data_out<76>                       | IOB              | OUTPUT    | LVCMOS25             |       | 12       | SLOW |              |          |          |
| data_out<77>                       | IOB              | OUTPUT    | LVCMOS25             |       | 12       | SLOW |              |          |          |
| data_out<78>                       | IOB              | OUTPUT    | LVCMOS25             |       | 12       | SLOW |              |          |          |
| data_out<79>                       | IOB              | OUTPUT    | LVCMOS25             |       | 12       | SLOW |              |          |          |
| data_out<80>                       | IOB              | OUTPUT    | LVCMOS25             |       | 12       | SLOW |              |          |          |
| data_out<81>                       | IOB              | OUTPUT    | LVCMOS25             |       | 12       | SLOW |              |          |          |
| data_out<82>                       | IOB              | OUTPUT    | LVCMOS25             |       | 12       | SLOW |              |          |          |
| data_out<83>                       | IOB              | OUTPUT    | LVCMOS25             |       | 12       | SLOW |              |          |          |
| data_out<84>                       | IOB              | OUTPUT    | LVCMOS25             |       | 12       | SLOW |              |          |          |
| data_out<85>                       | IOB              | OUTPUT    | LVCMOS25             |       | 12       | SLOW |              |          |          |
| data_out<86>                       | IOB              | OUTPUT    | LVCMOS25             |       | 12       | SLOW |              |          |          |
| data_out<87>                       | IOB              | OUTPUT    | LVCMOS25             |       | 12       | SLOW |              |          |          |
| data_out<88>                       | IOB              | OUTPUT    | LVCMOS25             |       | 12       | SLOW |              |          |          |
| data_out<89>                       | IOB              | OUTPUT    | LVCMOS25             |       | 12       | SLOW |              |          |          |
| data_out<90>                       | IOB              | OUTPUT    | LVCMOS25             |       | 12       | SLOW |              |          |          |
| data_out<91>                       | IOB              | OUTPUT    | LVCMOS25             |       | 12       | SLOW |              |          |          |
| data_out<92>                       | IOB              | OUTPUT    | LVCMOS25             |       | 12       | SLOW |              |          |          |
| data_out<93>                       | IOB              | OUTPUT    | LVCMOS25             |       | 12       | SLOW |              |          |          |
| data_out<94>                       | IOB              | OUTPUT    | LVCMOS25             |       | 12       | SLOW |              |          |          |
| data_out<95>                       | IOB              | OUTPUT    | LVCMOS25             |       | 12       | SLOW |              |          |          |
| data_out<96>                       | IOB              | OUTPUT    | LVCMOS25             |       | 12       | SLOW |              |          |          |
| data_out<97>                       | IOB              | OUTPUT    | LVCMOS25             |       | 12       | SLOW |              |          |          |
| data_out<98>                       | IOB              | OUTPUT    | LVCMOS25             |       | 12       | SLOW |              |          |          |
| data_out<99>                       | IOB              | OUTPUT    | LVCMOS25             |       | 12       | SLOW |              |          |          |
| data_out<100>                      | IOB              | OUTPUT    | LVCMOS25             |       | 12       | SLOW |              |          |          |
| data_out<101>                      | IOB              | OUTPUT    | LVCMOS25             |       | 12       | SLOW |              |          |          |
| data_out<102>                      | IOB              | OUTPUT    | LVCMOS25             |       | 12       | SLOW |              |          |          |
| data_out<103>                      | IOB              | OUTPUT    | LVCMOS25             |       | 12       | SLOW |              |          |          |
| data_out<104>                      | IOB              | OUTPUT    | LVCMOS25             |       | 12       | SLOW |              |          |          |
| data_out<105>                      | IOB              | OUTPUT    | LVCMOS25             |       | 12       | SLOW |              |          |          |
| data_out<106>                      | IOB              | OUTPUT    | LVCMOS25             |       | 12       | SLOW |              |          |          |
| data_out<107>                      | IOB              | OUTPUT    | LVCMOS25             |       | 12       | SLOW |              |          |          |
| data_out<108>                      | IOB              | OUTPUT    | LVCMOS25             |       | 12       | SLOW |              |          |          |
| data_out<109>                      | IOB              | OUTPUT    | LVCMOS25             |       | 12       | SLOW |              |          |          |
| data_out<110>                      | IOB              | OUTPUT    | LVCMOS25             |       | 12       | SLOW |              |          |          |
| data_out<111>                      | IOB              | OUTPUT    | LVCMOS25             |       | 12       | SLOW |              |          |          |
| data_out<112>                      | IOB              | OUTPUT    | LVCMOS25             |       | 12       | SLOW |              |          |          |
| data_out<113>                      | IOB              | OUTPUT    | LVCMOS25             |       | 12       | SLOW |              |          |          |
| data_out<114>                      | IOB              | OUTPUT    | LVCMOS25             |       | 12       | SLOW |              |          |          |
| data_out<115>                      | IOB              | OUTPUT    | LVCMOS25             |       | 12       | SLOW |              |          |          |
| data_out<116>                      | IOB              | OUTPUT    | LVCMOS25             |       | 12       | SLOW |              |          |          |
| data_out<117>                      | IOB              | OUTPUT    | LVCMOS25             |       | 12       | SLOW |              |          |          |
| data_out<118>                      | IOB              | OUTPUT    | LVCMOS25             |       | 12       | SLOW |              |          |          |
| data_out<119>                      | IOB              | OUTPUT    | LVCMOS25             |       | 12       | SLOW |              |          |          |
| data_out<120>                      | IOB              | OUTPUT    | LVCMOS25             |       | 12       | SLOW |              |          |          |
| data_out<121>                      | IOB              | OUTPUT    | LVCMOS25             |       | 12       | SLOW |              |          |          |
| data_out<122>                      | IOB              | OUTPUT    | LVCMOS25             |       | 12       | SLOW |              |          |          |
| data_out<123>                      | IOB              | OUTPUT    | LVCMOS25             |       | 12       | SLOW |              |          |          |
| data_out<124>                      | IOB              | OUTPUT    | LVCMOS25             |       | 12       | SLOW |              |          |          |
| data_out<125>                      | IOB              | OUTPUT    | LVCMOS25             |       | 12       | SLOW |              |          |          |
| data_out<126>                      | IOB              | OUTPUT    | LVCMOS25             |       | 12       | SLOW |              |          |          |
| data_out<127>                      | IOB              | OUTPUT    | LVCMOS25             |       | 12       | SLOW |              |          |          |
| enable                             | IOB              | INPUT     | LVCMOS25             |       |          |      |              |          |          |
| reset                              | IOB              | INPUT     | LVCMOS25             |       |          |      |              |          |          |
+---------------------------------------------------------------------------------------------------------------------------------------------------------+

Section 7 - RPMs
----------------

Section 8 - Guide Report
------------------------
Guide not run on this design.

Section 9 - Area Group and Partition Summary
--------------------------------------------

Partition Implementation Status
-------------------------------

  No Partitions were found in this design.

-------------------------------

Area Group Information
----------------------

  No area groups were found in this design.

----------------------

Section 10 - Timing Report
--------------------------
A logic-level (pre-route) timing report can be generated by using Xilinx static
timing analysis tools, Timing Analyzer (GUI) or TRCE (command line), with the
mapped NCD and PCF files. Please note that this timing report will be generated
using estimated delay information. For accurate numbers, please generate a
timing report with the post Place and Route NCD file.

For more information about the Timing Analyzer, consult the Xilinx Timing
Analyzer Reference Manual; for more information about TRCE, consult the Xilinx
Command Line Tools User Guide "TRACE" chapter.

Section 11 - Configuration String Details
-----------------------------------------

Section 12 - Control Set Information
------------------------------------
+------------------------------------------------------------------------------------------------+
| Clock Signal | Reset Signal  | Set Signal | Enable Signal  | Slice Load Count | Bel Load Count |
+------------------------------------------------------------------------------------------------+
| clk_BUFGP    |               |            | enable_IBUF_7  | 8                | 24             |
| clk_BUFGP    |               |            | enable_IBUF_8  | 12               | 40             |
| clk_BUFGP    |               |            | enable_IBUF_9  | 14               | 40             |
| clk_BUFGP    |               |            | enable_IBUF_10 | 12               | 40             |
| clk_BUFGP    |               |            | enable_IBUF_11 | 14               | 40             |
| clk_BUFGP    |               |            | enable_IBUF_12 | 16               | 40             |
| clk_BUFGP    |               |            | enable_IBUF_13 | 12               | 32             |
| clk_BUFGP    | reset_IBUF_13 |            | enable_IBUF_13 | 41               | 132            |
+------------------------------------------------------------------------------------------------+

Section 13 - Utilization by Hierarchy
-------------------------------------
+-------------------------------------------------------------------------------------------------------------------------------------------------------------------------------+
| Module             | Partition | Slices*       | Slice Reg     | LUTs          | LUTRAM        | BRAM/FIFO | DSP48E1 | BUFG  | BUFIO | BUFR  | MMCM_ADV  | Full Hierarchical  |
+-------------------------------------------------------------------------------------------------------------------------------------------------------------------------------+
| pipeline/          |           | 93/93         | 260/260       | 268/268       | 128/128       | 0/0       | 0/0     | 1/1   | 0/0   | 0/0   | 0/0       | pipeline           |
+-------------------------------------------------------------------------------------------------------------------------------------------------------------------------------+

* Slices can be packed with basic elements from multiple hierarchies.
  Therefore, a slice will be counted in every hierarchical module
  that each of its packed basic elements belong to.
** For each column, there are two numbers reported <A>/<B>.
   <A> is the number of elements that belong to that specific hierarchical module.
   <B> is the total number of elements from that hierarchical module and any lower level
   hierarchical modules below.
*** The LUTRAM column counts all LUTs used as memory including RAM, ROM, and shift registers.
