Release 12.1 Map M.53d (nt)
Xilinx Mapping Report File for Design 'bram_floorplanning'

Design Information
------------------
Command Line   : map -intstyle ise -p xc6slx25-csg324-2 -w -ol high -t 1 -xt 0
-register_duplication off -global_opt off -detail -ir off -pr b -lc off -power
off -o bram_floorplanning_map.ncd bram_floorplanning.ngd bram_floorplanning.pcf 
Target Device  : xc6slx25
Target Package : csg324
Target Speed   : -2
Mapper Version : spartan6 -- $Revision: 1.52 $
Mapped Date    : Tue Apr 12 19:32:36 2011

Design Summary
--------------
Number of errors:      0
Number of warnings:    1
Slice Logic Utilization:
  Number of Slice Registers:                    32 out of  30,064    1%
    Number used as Flip Flops:                  32
    Number used as Latches:                      0
    Number used as Latch-thrus:                  0
    Number used as AND/OR logics:                0
  Number of Slice LUTs:                         16 out of  15,032    1%
    Number used as logic:                        0 out of  15,032    0%
    Number used as Memory:                       0 out of   3,664    0%
    Number used exclusively as route-thrus:     16
      Number with same-slice register load:     16
      Number with same-slice carry load:         0
      Number with other load:                    0

Slice Logic Distribution:
  Number of occupied Slices:                     7 out of   3,758    1%
  Number of LUT Flip Flop pairs used:           18
    Number with an unused Flip Flop:             0 out of      18    0%
    Number with an unused LUT:                   2 out of      18   11%
    Number of fully used LUT-FF pairs:          16 out of      18   88%
    Number of unique control sets:               1
    Number of slice register sites lost
      to control set restrictions:               0 out of  30,064    0%

  A LUT Flip Flop pair for this architecture represents one LUT paired with
  one Flip Flop within a slice.  A control set is a unique combination of
  clock, reset, set, and enable signals for a registered element.
  The Slice Logic Distribution report is not meaningful if the design is
  over-mapped for a non-slice resource or if Placement fails.

IO Utilization:
  Number of bonded IOBs:                        44 out of     226   19%
    IOB Flip Flops:                             32

Specific Feature Utilization:
  Number of RAMB16BWERs:                         2 out of      52    3%
  Number of RAMB8BWERs:                          0 out of     104    0%
  Number of BUFIO2/BUFIO2_2CLKs:                 0 out of      32    0%
  Number of BUFIO2FB/BUFIO2FB_2CLKs:             0 out of      32    0%
  Number of BUFG/BUFGMUXs:                       1 out of      16    6%
    Number used as BUFGs:                        1
    Number used as BUFGMUX:                      0
  Number of DCM/DCM_CLKGENs:                     0 out of       4    0%
  Number of ILOGIC2/ISERDES2s:                   0 out of     272    0%
  Number of IODELAY2/IODRP2/IODRP2_MCBs:         0 out of     272    0%
  Number of OLOGIC2/OSERDES2s:                  32 out of     272   11%
    Number used as OLOGIC2s:                    32
    Number used as OSERDES2s:                    0
  Number of BSCANs:                              0 out of       4    0%
  Number of BUFHs:                               0 out of     160    0%
  Number of BUFPLLs:                             0 out of       8    0%
  Number of BUFPLL_MCBs:                         0 out of       4    0%
  Number of DSP48A1s:                            0 out of      38    0%
  Number of ICAPs:                               0 out of       1    0%
  Number of MCBs:                                0 out of       2    0%
  Number of PCILOGICSEs:                         0 out of       2    0%
  Number of PLL_ADVs:                            0 out of       2    0%
  Number of PMVs:                                0 out of       1    0%
  Number of STARTUPs:                            0 out of       1    0%
  Number of SUSPEND_SYNCs:                       0 out of       1    0%

Average Fanout of Non-Clock Nets:                1.38

Peak Memory Usage:  227 MB
Total REAL time to MAP completion:  37 secs 
Total CPU time to MAP completion:   21 secs 

Table of Contents
-----------------
Section 1 - Errors
Section 2 - Warnings
Section 3 - Informational
Section 4 - Removed Logic Summary
Section 5 - Removed Logic
Section 6 - IOB Properties
Section 7 - RPMs
Section 8 - Guide Report
Section 9 - Area Group and Partition Summary
Section 10 - Timing Report
Section 11 - Configuration String Information
Section 12 - Control Set Information
Section 13 - Utilization by Hierarchy

Section 1 - Errors
------------------

Section 2 - Warnings
--------------------
WARNING:Security:42 - Your software subscription period has lapsed. Your current
version of Xilinx tools will continue to function, but you no longer qualify for
Xilinx software updates or new releases.
WARNING:Map:83 - The range defined by columns 41, 48 and rows 40, 49 in area
   group "data_sink" does not fall on CLB boundary.  The constraint value equals
   SLICE_X41Y40:SLICE_X48Y49.  This practice is dangerous and will likely lead
   to overlapping area group warnings in PAR as well as possibly undesirable RPM
   placements.

Section 3 - Informational
-------------------------
INFO:Security:54 - 'xc6slx25' is a WebPack part.
INFO:MapLib:562 - No environment variables are currently set.
INFO:LIT:244 - All of the single ended outputs in this design are using slew
   rate limited output drivers. The delay on speed critical single ended outputs
   can be dramatically reduced by designating them as fast outputs.
INFO:Pack:1716 - Initializing temperature to 85.000 Celsius. (default - Range:
   0.000 to 85.000 Celsius)
INFO:Pack:1720 - Initializing voltage to 1.140 Volts. (default - Range: 1.140 to
   1.260 Volts)
INFO:Map:215 - The Interim Design Summary has been generated in the MAP Report
   (.mrp).
INFO:Pack:1650 - Map created a placed design.

Section 4 - Removed Logic Summary
---------------------------------
   2 block(s) removed
   2 block(s) optimized away

Section 5 - Removed Logic
-------------------------
Unused block "rom/GND" (ZERO) removed.
Unused block "rom/VCC" (ONE) removed.

Optimized Block(s):
TYPE 		BLOCK
GND 		rom/BU2/XST_GND
VCC 		rom/BU2/XST_VCC

Section 6 - IOB Properties
--------------------------

+---------------------------------------------------------------------------------------------------------------------------------------------------------+
| IOB Name                           | Type             | Direction | IO Standard          | Diff  | Drive    | Slew | Reg (s)      | Resistor | IOB      |
|                                    |                  |           |                      | Term  | Strength | Rate |              |          | Delay    |
+---------------------------------------------------------------------------------------------------------------------------------------------------------+
| clk                                | IOB              | INPUT     | LVCMOS25             |       |          |      |              |          |          |
| data_out<0>                        | IOB              | OUTPUT    | LVCMOS25             |       | 12       | SLOW | OFF          |          |          |
| data_out<1>                        | IOB              | OUTPUT    | LVCMOS25             |       | 12       | SLOW | OFF          |          |          |
| data_out<2>                        | IOB              | OUTPUT    | LVCMOS25             |       | 12       | SLOW | OFF          |          |          |
| data_out<3>                        | IOB              | OUTPUT    | LVCMOS25             |       | 12       | SLOW | OFF          |          |          |
| data_out<4>                        | IOB              | OUTPUT    | LVCMOS25             |       | 12       | SLOW | OFF          |          |          |
| data_out<5>                        | IOB              | OUTPUT    | LVCMOS25             |       | 12       | SLOW | OFF          |          |          |
| data_out<6>                        | IOB              | OUTPUT    | LVCMOS25             |       | 12       | SLOW | OFF          |          |          |
| data_out<7>                        | IOB              | OUTPUT    | LVCMOS25             |       | 12       | SLOW | OFF          |          |          |
| data_out<8>                        | IOB              | OUTPUT    | LVCMOS25             |       | 12       | SLOW | OFF          |          |          |
| data_out<9>                        | IOB              | OUTPUT    | LVCMOS25             |       | 12       | SLOW | OFF          |          |          |
| data_out<10>                       | IOB              | OUTPUT    | LVCMOS25             |       | 12       | SLOW | OFF          |          |          |
| data_out<11>                       | IOB              | OUTPUT    | LVCMOS25             |       | 12       | SLOW | OFF          |          |          |
| data_out<12>                       | IOB              | OUTPUT    | LVCMOS25             |       | 12       | SLOW | OFF          |          |          |
| data_out<13>                       | IOB              | OUTPUT    | LVCMOS25             |       | 12       | SLOW | OFF          |          |          |
| data_out<14>                       | IOB              | OUTPUT    | LVCMOS25             |       | 12       | SLOW | OFF          |          |          |
| data_out<15>                       | IOB              | OUTPUT    | LVCMOS25             |       | 12       | SLOW | OFF          |          |          |
| data_out<16>                       | IOB              | OUTPUT    | LVCMOS25             |       | 12       | SLOW | OFF          |          |          |
| data_out<17>                       | IOB              | OUTPUT    | LVCMOS25             |       | 12       | SLOW | OFF          |          |          |
| data_out<18>                       | IOB              | OUTPUT    | LVCMOS25             |       | 12       | SLOW | OFF          |          |          |
| data_out<19>                       | IOB              | OUTPUT    | LVCMOS25             |       | 12       | SLOW | OFF          |          |          |
| data_out<20>                       | IOB              | OUTPUT    | LVCMOS25             |       | 12       | SLOW | OFF          |          |          |
| data_out<21>                       | IOB              | OUTPUT    | LVCMOS25             |       | 12       | SLOW | OFF          |          |          |
| data_out<22>                       | IOB              | OUTPUT    | LVCMOS25             |       | 12       | SLOW | OFF          |          |          |
| data_out<23>                       | IOB              | OUTPUT    | LVCMOS25             |       | 12       | SLOW | OFF          |          |          |
| data_out<24>                       | IOB              | OUTPUT    | LVCMOS25             |       | 12       | SLOW | OFF          |          |          |
| data_out<25>                       | IOB              | OUTPUT    | LVCMOS25             |       | 12       | SLOW | OFF          |          |          |
| data_out<26>                       | IOB              | OUTPUT    | LVCMOS25             |       | 12       | SLOW | OFF          |          |          |
| data_out<27>                       | IOB              | OUTPUT    | LVCMOS25             |       | 12       | SLOW | OFF          |          |          |
| data_out<28>                       | IOB              | OUTPUT    | LVCMOS25             |       | 12       | SLOW | OFF          |          |          |
| data_out<29>                       | IOB              | OUTPUT    | LVCMOS25             |       | 12       | SLOW | OFF          |          |          |
| data_out<30>                       | IOB              | OUTPUT    | LVCMOS25             |       | 12       | SLOW | OFF          |          |          |
| data_out<31>                       | IOB              | OUTPUT    | LVCMOS25             |       | 12       | SLOW | OFF          |          |          |
| reset                              | IOB              | INPUT     | LVCMOS25             |       |          |      |              |          |          |
| rom_addr<0>                        | IOB              | INPUT     | LVCMOS25             |       |          |      |              |          |          |
| rom_addr<1>                        | IOB              | INPUT     | LVCMOS25             |       |          |      |              |          |          |
| rom_addr<2>                        | IOB              | INPUT     | LVCMOS25             |       |          |      |              |          |          |
| rom_addr<3>                        | IOB              | INPUT     | LVCMOS25             |       |          |      |              |          |          |
| rom_addr<4>                        | IOB              | INPUT     | LVCMOS25             |       |          |      |              |          |          |
| rom_addr<5>                        | IOB              | INPUT     | LVCMOS25             |       |          |      |              |          |          |
| rom_addr<6>                        | IOB              | INPUT     | LVCMOS25             |       |          |      |              |          |          |
| rom_addr<7>                        | IOB              | INPUT     | LVCMOS25             |       |          |      |              |          |          |
| rom_addr<8>                        | IOB              | INPUT     | LVCMOS25             |       |          |      |              |          |          |
| rom_addr<9>                        | IOB              | INPUT     | LVCMOS25             |       |          |      |              |          |          |
+---------------------------------------------------------------------------------------------------------------------------------------------------------+

Section 7 - RPMs
----------------

Section 8 - Guide Report
------------------------
Guide not run on this design.

Section 9 - Area Group and Partition Summary
--------------------------------------------

Partition Implementation Status
-------------------------------

  No Partitions were found in this design.

-------------------------------

Area Group Information
----------------------

Area Group "data_sink"
  No COMPRESSION specified for Area Group "data_sink"
  RANGE: SLICE_X41Y40:SLICE_X48Y49
  Slice Logic Utilization:
    Number of Slice Registers:              32 out of    640    5%
  Slice Logic Distribution:
    Number of occupied Slices:               7 out of     80    8%
    Number of LUT Flip Flop pairs used:     18
      Number with an unused Flip Flop:       0 out of     18    0%
      Number with an unused LUT:             2 out of     18   11%
      Number of fully used LUT-FF pairs:    16 out of     18   88%

Area Group "rom"
  No COMPRESSION specified for Area Group "rom"
  No RANGE specified for Area Group "rom"
  Slice Logic Utilization:
  Number of RAMB16BWER:                      2 out of      3   66%


Section 10 - Timing Report
--------------------------
A logic-level (pre-route) timing report can be generated by using Xilinx static
timing analysis tools, Timing Analyzer (GUI) or TRCE (command line), with the
mapped NCD and PCF files. Please note that this timing report will be generated
using estimated delay information. For accurate numbers, please generate a
timing report with the post Place and Route NCD file.

For more information about the Timing Analyzer, consult the Xilinx Timing
Analyzer Reference Manual; for more information about TRCE, consult the Xilinx
Command Line Tools User Guide "TRACE" chapter.

Section 11 - Configuration String Details
-----------------------------------------

Section 12 - Control Set Information
------------------------------------
+----------------------------------------------------------------------------------------------+
| Clock Signal | Reset Signal | Set Signal | Enable Signal | Slice Load Count | Bel Load Count |
+----------------------------------------------------------------------------------------------+
| clk_BUFGP    | reset_IBUF   |            |               | 7                | 32             |
+----------------------------------------------------------------------------------------------+

Section 13 - Utilization by Hierarchy
-------------------------------------
+-------------------------------------------------------------------------------------------------------------------------------------------------------------------------------------------------------------------------------------------------------------------+
| Module                 | Partition | Slices*       | Slice Reg     | LUTs          | LUTRAM        | BRAM/FIFO | DSP48A1 | BUFG  | BUFIO | BUFR  | DCM   | PLL_ADV   | Full Hierarchical Name                                                                     |
+-------------------------------------------------------------------------------------------------------------------------------------------------------------------------------------------------------------------------------------------------------------------+
| bram_floorplanning/    |           | 5/12          | 0/32          | 16/16         | 0/0           | 0/2       | 0/0     | 1/1   | 0/0   | 0/0   | 0/0   | 0/0       | bram_floorplanning                                                                         |
| +bram_floorplanning    |           | 0/0           | 0/0           | 0/0           | 0/0           | 0/0       | 0/0     | 0/0   | 0/0   | 0/0   | 0/0   | 0/0       | bram_floorplanning/bram_floorplanning                                                      |
| +data_sink             |           | 7/7           | 32/32         | 0/0           | 0/0           | 0/0       | 0/0     | 0/0   | 0/0   | 0/0   | 0/0   | 0/0       | bram_floorplanning/data_sink                                                               |
| +rom                   |           | 0/0           | 0/0           | 0/0           | 0/0           | 0/2       | 0/0     | 0/0   | 0/0   | 0/0   | 0/0   | 0/0       | bram_floorplanning/rom                                                                     |
| ++BU2                  |           | 0/0           | 0/0           | 0/0           | 0/0           | 0/2       | 0/0     | 0/0   | 0/0   | 0/0   | 0/0   | 0/0       | bram_floorplanning/rom/BU2                                                                 |
| +++U0                  |           | 0/0           | 0/0           | 0/0           | 0/0           | 0/2       | 0/0     | 0/0   | 0/0   | 0/0   | 0/0   | 0/0       | bram_floorplanning/rom/BU2/U0                                                              |
| ++++blk_mem_generator  |           | 0/0           | 0/0           | 0/0           | 0/0           | 0/2       | 0/0     | 0/0   | 0/0   | 0/0   | 0/0   | 0/0       | bram_floorplanning/rom/BU2/U0/blk_mem_generator                                            |
| +++++valid.cstr        |           | 0/0           | 0/0           | 0/0           | 0/0           | 0/2       | 0/0     | 0/0   | 0/0   | 0/0   | 0/0   | 0/0       | bram_floorplanning/rom/BU2/U0/blk_mem_generator/valid.cstr                                 |
| ++++++ramloop[0].ram.r |           | 0/0           | 0/0           | 0/0           | 0/0           | 0/1       | 0/0     | 0/0   | 0/0   | 0/0   | 0/0   | 0/0       | bram_floorplanning/rom/BU2/U0/blk_mem_generator/valid.cstr/ramloop[0].ram.r                |
| +++++++s6_noinit.ram   |           | 0/0           | 0/0           | 0/0           | 0/0           | 1/1       | 0/0     | 0/0   | 0/0   | 0/0   | 0/0   | 0/0       | bram_floorplanning/rom/BU2/U0/blk_mem_generator/valid.cstr/ramloop[0].ram.r/s6_noinit.ram  |
| ++++++ramloop[1].ram.r |           | 0/0           | 0/0           | 0/0           | 0/0           | 0/1       | 0/0     | 0/0   | 0/0   | 0/0   | 0/0   | 0/0       | bram_floorplanning/rom/BU2/U0/blk_mem_generator/valid.cstr/ramloop[1].ram.r                |
| +++++++s6_noinit.ram   |           | 0/0           | 0/0           | 0/0           | 0/0           | 1/1       | 0/0     | 0/0   | 0/0   | 0/0   | 0/0   | 0/0       | bram_floorplanning/rom/BU2/U0/blk_mem_generator/valid.cstr/ramloop[1].ram.r/s6_noinit.ram  |
+-------------------------------------------------------------------------------------------------------------------------------------------------------------------------------------------------------------------------------------------------------------------+

* Slices can be packed with basic elements from multiple hierarchies.
  Therefore, a slice will be counted in every hierarchical module
  that each of its packed basic elements belong to.
** For each column, there are two numbers reported <A>/<B>.
   <A> is the number of elements that belong to that specific hierarchical module.
   <B> is the total number of elements from that hierarchical module and any lower level
   hierarchical modules below.
*** The LUTRAM column counts all LUTs used as memory including RAM, ROM, and shift registers.
