Release 12.4 Map M.81d (nt)
Xilinx Mapping Report File for Design 'crc_floorplan'

Design Information
------------------
Command Line   : map -intstyle ise -p xc6slx9-csg225-2 -w -logic_opt off -ol
high -t 1 -xt 0 -register_duplication off -r 4 -global_opt off -mt off -detail
-ir off -pr off -lc off -power off -o crc_floorplan_map.ncd crc_floorplan.ngd
crc_floorplan.pcf 
Target Device  : xc6slx9
Target Package : csg225
Target Speed   : -2
Mapper Version : spartan6 -- $Revision: 1.52.76.2 $
Mapped Date    : Mon Apr 25 21:25:24 2011

Design Summary
--------------
Number of errors:      0
Number of warnings:    0
Slice Logic Utilization:
  Number of Slice Registers:                   520 out of  11,440    4%
    Number used as Flip Flops:                 520
    Number used as Latches:                      0
    Number used as Latch-thrus:                  0
    Number used as AND/OR logics:                0
  Number of Slice LUTs:                        323 out of   5,720    5%
    Number used as logic:                      272 out of   5,720    4%
      Number using O6 output only:             272
      Number using O5 output only:               0
      Number using O5 and O6:                    0
      Number used as ROM:                        0
    Number used as Memory:                       0 out of   1,440    0%
    Number used exclusively as route-thrus:     51
      Number with same-slice register load:     51
      Number with same-slice carry load:         0
      Number with other load:                    0

Slice Logic Distribution:
  Number of occupied Slices:                   156 out of   1,430   10%
  Number of LUT Flip Flop pairs used:          549
    Number with an unused Flip Flop:           105 out of     549   19%
    Number with an unused LUT:                 226 out of     549   41%
    Number of fully used LUT-FF pairs:         218 out of     549   39%
    Number of unique control sets:               8
    Number of slice register sites lost
      to control set restrictions:              24 out of  11,440    1%

  A LUT Flip Flop pair for this architecture represents one LUT paired with
  one Flip Flop within a slice.  A control set is a unique combination of
  clock, reset, set, and enable signals for a registered element.
  The Slice Logic Distribution report is not meaningful if the design is
  over-mapped for a non-slice resource or if Placement fails.

IO Utilization:
  Number of bonded IOBs:                       153 out of     160   95%

Specific Feature Utilization:
  Number of RAMB16BWERs:                         0 out of      32    0%
  Number of RAMB8BWERs:                          0 out of      64    0%
  Number of BUFIO2/BUFIO2_2CLKs:                 0 out of      32    0%
  Number of BUFIO2FB/BUFIO2FB_2CLKs:             0 out of      32    0%
  Number of BUFG/BUFGMUXs:                       4 out of      16   25%
    Number used as BUFGs:                        4
    Number used as BUFGMUX:                      0
  Number of DCM/DCM_CLKGENs:                     0 out of       4    0%
  Number of ILOGIC2/ISERDES2s:                   0 out of     200    0%
  Number of IODELAY2/IODRP2/IODRP2_MCBs:         0 out of     200    0%
  Number of OLOGIC2/OSERDES2s:                   0 out of     200    0%
  Number of BSCANs:                              0 out of       4    0%
  Number of BUFHs:                               0 out of     128    0%
  Number of BUFPLLs:                             0 out of       8    0%
  Number of BUFPLL_MCBs:                         0 out of       4    0%
  Number of DSP48A1s:                            0 out of      16    0%
  Number of ICAPs:                               0 out of       1    0%
  Number of MCBs:                                0 out of       2    0%
  Number of PCILOGICSEs:                         0 out of       2    0%
  Number of PLL_ADVs:                            0 out of       2    0%
  Number of PMVs:                                0 out of       1    0%
  Number of STARTUPs:                            0 out of       1    0%
  Number of SUSPEND_SYNCs:                       0 out of       1    0%

Average Fanout of Non-Clock Nets:                3.62

Peak Memory Usage:  211 MB
Total REAL time to MAP completion:  1 mins 30 secs 
Total CPU time to MAP completion:   1 mins 16 secs 

Table of Contents
-----------------
Section 1 - Errors
Section 2 - Warnings
Section 3 - Informational
Section 4 - Removed Logic Summary
Section 5 - Removed Logic
Section 6 - IOB Properties
Section 7 - RPMs
Section 8 - Guide Report
Section 9 - Area Group and Partition Summary
Section 10 - Timing Report
Section 11 - Configuration String Information
Section 12 - Control Set Information
Section 13 - Utilization by Hierarchy

Section 1 - Errors
------------------

Section 2 - Warnings
--------------------

Section 3 - Informational
-------------------------
INFO:MapLib:562 - No environment variables are currently set.
INFO:LIT:244 - All of the single ended outputs in this design are using slew
   rate limited output drivers. The delay on speed critical single ended outputs
   can be dramatically reduced by designating them as fast outputs.
INFO:Pack:1716 - Initializing temperature to 85.000 Celsius. (default - Range:
   0.000 to 85.000 Celsius)
INFO:Pack:1720 - Initializing voltage to 1.140 Volts. (default - Range: 1.140 to
   1.260 Volts)
INFO:Map:215 - The Interim Design Summary has been generated in the MAP Report
   (.mrp).
INFO:Pack:1650 - Map created a placed design.

Section 4 - Removed Logic Summary
---------------------------------

Section 5 - Removed Logic
-------------------------

Section 6 - IOB Properties
--------------------------

+---------------------------------------------------------------------------------------------------------------------------------------------------------+
| IOB Name                           | Type             | Direction | IO Standard          | Diff  | Drive    | Slew | Reg (s)      | Resistor | IOB      |
|                                    |                  |           |                      | Term  | Strength | Rate |              |          | Delay    |
+---------------------------------------------------------------------------------------------------------------------------------------------------------+
| clk1                               | IOB              | INPUT     | LVCMOS25             |       |          |      |              |          |          |
| clk2                               | IOB              | INPUT     | LVCMOS25             |       |          |      |              |          |          |
| clk3                               | IOB              | INPUT     | LVCMOS25             |       |          |      |              |          |          |
| clk4                               | IOB              | INPUT     | LVCMOS25             |       |          |      |              |          |          |
| crc_en1                            | IOB              | INPUT     | LVCMOS25             |       |          |      |              |          |          |
| crc_en2                            | IOB              | INPUT     | LVCMOS25             |       |          |      |              |          |          |
| crc_en3                            | IOB              | INPUT     | LVCMOS25             |       |          |      |              |          |          |
| crc_en4                            | IOB              | INPUT     | LVCMOS25             |       |          |      |              |          |          |
| crc_out1<0>                        | IOB              | OUTPUT    | LVCMOS25             |       | 12       | SLOW |              |          |          |
| crc_out1<1>                        | IOB              | OUTPUT    | LVCMOS25             |       | 12       | SLOW |              |          |          |
| crc_out1<2>                        | IOB              | OUTPUT    | LVCMOS25             |       | 12       | SLOW |              |          |          |
| crc_out1<3>                        | IOB              | OUTPUT    | LVCMOS25             |       | 12       | SLOW |              |          |          |
| crc_out1<4>                        | IOB              | OUTPUT    | LVCMOS25             |       | 12       | SLOW |              |          |          |
| crc_out1<5>                        | IOB              | OUTPUT    | LVCMOS25             |       | 12       | SLOW |              |          |          |
| crc_out1<6>                        | IOB              | OUTPUT    | LVCMOS25             |       | 12       | SLOW |              |          |          |
| crc_out1<7>                        | IOB              | OUTPUT    | LVCMOS25             |       | 12       | SLOW |              |          |          |
| crc_out1<8>                        | IOB              | OUTPUT    | LVCMOS25             |       | 12       | SLOW |              |          |          |
| crc_out1<9>                        | IOB              | OUTPUT    | LVCMOS25             |       | 12       | SLOW |              |          |          |
| crc_out1<10>                       | IOB              | OUTPUT    | LVCMOS25             |       | 12       | SLOW |              |          |          |
| crc_out1<11>                       | IOB              | OUTPUT    | LVCMOS25             |       | 12       | SLOW |              |          |          |
| crc_out1<12>                       | IOB              | OUTPUT    | LVCMOS25             |       | 12       | SLOW |              |          |          |
| crc_out1<13>                       | IOB              | OUTPUT    | LVCMOS25             |       | 12       | SLOW |              |          |          |
| crc_out1<14>                       | IOB              | OUTPUT    | LVCMOS25             |       | 12       | SLOW |              |          |          |
| crc_out1<15>                       | IOB              | OUTPUT    | LVCMOS25             |       | 12       | SLOW |              |          |          |
| crc_out1<16>                       | IOB              | OUTPUT    | LVCMOS25             |       | 12       | SLOW |              |          |          |
| crc_out1<17>                       | IOB              | OUTPUT    | LVCMOS25             |       | 12       | SLOW |              |          |          |
| crc_out1<18>                       | IOB              | OUTPUT    | LVCMOS25             |       | 12       | SLOW |              |          |          |
| crc_out1<19>                       | IOB              | OUTPUT    | LVCMOS25             |       | 12       | SLOW |              |          |          |
| crc_out1<20>                       | IOB              | OUTPUT    | LVCMOS25             |       | 12       | SLOW |              |          |          |
| crc_out1<21>                       | IOB              | OUTPUT    | LVCMOS25             |       | 12       | SLOW |              |          |          |
| crc_out1<22>                       | IOB              | OUTPUT    | LVCMOS25             |       | 12       | SLOW |              |          |          |
| crc_out1<23>                       | IOB              | OUTPUT    | LVCMOS25             |       | 12       | SLOW |              |          |          |
| crc_out1<24>                       | IOB              | OUTPUT    | LVCMOS25             |       | 12       | SLOW |              |          |          |
| crc_out1<25>                       | IOB              | OUTPUT    | LVCMOS25             |       | 12       | SLOW |              |          |          |
| crc_out1<26>                       | IOB              | OUTPUT    | LVCMOS25             |       | 12       | SLOW |              |          |          |
| crc_out1<27>                       | IOB              | OUTPUT    | LVCMOS25             |       | 12       | SLOW |              |          |          |
| crc_out1<28>                       | IOB              | OUTPUT    | LVCMOS25             |       | 12       | SLOW |              |          |          |
| crc_out1<29>                       | IOB              | OUTPUT    | LVCMOS25             |       | 12       | SLOW |              |          |          |
| crc_out1<30>                       | IOB              | OUTPUT    | LVCMOS25             |       | 12       | SLOW |              |          |          |
| crc_out1<31>                       | IOB              | OUTPUT    | LVCMOS25             |       | 12       | SLOW |              |          |          |
| crc_out2<0>                        | IOB              | OUTPUT    | LVCMOS25             |       | 12       | SLOW |              |          |          |
| crc_out2<1>                        | IOB              | OUTPUT    | LVCMOS25             |       | 12       | SLOW |              |          |          |
| crc_out2<2>                        | IOB              | OUTPUT    | LVCMOS25             |       | 12       | SLOW |              |          |          |
| crc_out2<3>                        | IOB              | OUTPUT    | LVCMOS25             |       | 12       | SLOW |              |          |          |
| crc_out2<4>                        | IOB              | OUTPUT    | LVCMOS25             |       | 12       | SLOW |              |          |          |
| crc_out2<5>                        | IOB              | OUTPUT    | LVCMOS25             |       | 12       | SLOW |              |          |          |
| crc_out2<6>                        | IOB              | OUTPUT    | LVCMOS25             |       | 12       | SLOW |              |          |          |
| crc_out2<7>                        | IOB              | OUTPUT    | LVCMOS25             |       | 12       | SLOW |              |          |          |
| crc_out2<8>                        | IOB              | OUTPUT    | LVCMOS25             |       | 12       | SLOW |              |          |          |
| crc_out2<9>                        | IOB              | OUTPUT    | LVCMOS25             |       | 12       | SLOW |              |          |          |
| crc_out2<10>                       | IOB              | OUTPUT    | LVCMOS25             |       | 12       | SLOW |              |          |          |
| crc_out2<11>                       | IOB              | OUTPUT    | LVCMOS25             |       | 12       | SLOW |              |          |          |
| crc_out2<12>                       | IOB              | OUTPUT    | LVCMOS25             |       | 12       | SLOW |              |          |          |
| crc_out2<13>                       | IOB              | OUTPUT    | LVCMOS25             |       | 12       | SLOW |              |          |          |
| crc_out2<14>                       | IOB              | OUTPUT    | LVCMOS25             |       | 12       | SLOW |              |          |          |
| crc_out2<15>                       | IOB              | OUTPUT    | LVCMOS25             |       | 12       | SLOW |              |          |          |
| crc_out2<16>                       | IOB              | OUTPUT    | LVCMOS25             |       | 12       | SLOW |              |          |          |
| crc_out2<17>                       | IOB              | OUTPUT    | LVCMOS25             |       | 12       | SLOW |              |          |          |
| crc_out2<18>                       | IOB              | OUTPUT    | LVCMOS25             |       | 12       | SLOW |              |          |          |
| crc_out2<19>                       | IOB              | OUTPUT    | LVCMOS25             |       | 12       | SLOW |              |          |          |
| crc_out2<20>                       | IOB              | OUTPUT    | LVCMOS25             |       | 12       | SLOW |              |          |          |
| crc_out2<21>                       | IOB              | OUTPUT    | LVCMOS25             |       | 12       | SLOW |              |          |          |
| crc_out2<22>                       | IOB              | OUTPUT    | LVCMOS25             |       | 12       | SLOW |              |          |          |
| crc_out2<23>                       | IOB              | OUTPUT    | LVCMOS25             |       | 12       | SLOW |              |          |          |
| crc_out2<24>                       | IOB              | OUTPUT    | LVCMOS25             |       | 12       | SLOW |              |          |          |
| crc_out2<25>                       | IOB              | OUTPUT    | LVCMOS25             |       | 12       | SLOW |              |          |          |
| crc_out2<26>                       | IOB              | OUTPUT    | LVCMOS25             |       | 12       | SLOW |              |          |          |
| crc_out2<27>                       | IOB              | OUTPUT    | LVCMOS25             |       | 12       | SLOW |              |          |          |
| crc_out2<28>                       | IOB              | OUTPUT    | LVCMOS25             |       | 12       | SLOW |              |          |          |
| crc_out2<29>                       | IOB              | OUTPUT    | LVCMOS25             |       | 12       | SLOW |              |          |          |
| crc_out2<30>                       | IOB              | OUTPUT    | LVCMOS25             |       | 12       | SLOW |              |          |          |
| crc_out2<31>                       | IOB              | OUTPUT    | LVCMOS25             |       | 12       | SLOW |              |          |          |
| crc_out3<0>                        | IOB              | OUTPUT    | LVCMOS25             |       | 12       | SLOW |              |          |          |
| crc_out3<1>                        | IOB              | OUTPUT    | LVCMOS25             |       | 12       | SLOW |              |          |          |
| crc_out3<2>                        | IOB              | OUTPUT    | LVCMOS25             |       | 12       | SLOW |              |          |          |
| crc_out3<3>                        | IOB              | OUTPUT    | LVCMOS25             |       | 12       | SLOW |              |          |          |
| crc_out3<4>                        | IOB              | OUTPUT    | LVCMOS25             |       | 12       | SLOW |              |          |          |
| crc_out3<5>                        | IOB              | OUTPUT    | LVCMOS25             |       | 12       | SLOW |              |          |          |
| crc_out3<6>                        | IOB              | OUTPUT    | LVCMOS25             |       | 12       | SLOW |              |          |          |
| crc_out3<7>                        | IOB              | OUTPUT    | LVCMOS25             |       | 12       | SLOW |              |          |          |
| crc_out3<8>                        | IOB              | OUTPUT    | LVCMOS25             |       | 12       | SLOW |              |          |          |
| crc_out3<9>                        | IOB              | OUTPUT    | LVCMOS25             |       | 12       | SLOW |              |          |          |
| crc_out3<10>                       | IOB              | OUTPUT    | LVCMOS25             |       | 12       | SLOW |              |          |          |
| crc_out3<11>                       | IOB              | OUTPUT    | LVCMOS25             |       | 12       | SLOW |              |          |          |
| crc_out3<12>                       | IOB              | OUTPUT    | LVCMOS25             |       | 12       | SLOW |              |          |          |
| crc_out3<13>                       | IOB              | OUTPUT    | LVCMOS25             |       | 12       | SLOW |              |          |          |
| crc_out3<14>                       | IOB              | OUTPUT    | LVCMOS25             |       | 12       | SLOW |              |          |          |
| crc_out3<15>                       | IOB              | OUTPUT    | LVCMOS25             |       | 12       | SLOW |              |          |          |
| crc_out3<16>                       | IOB              | OUTPUT    | LVCMOS25             |       | 12       | SLOW |              |          |          |
| crc_out3<17>                       | IOB              | OUTPUT    | LVCMOS25             |       | 12       | SLOW |              |          |          |
| crc_out3<18>                       | IOB              | OUTPUT    | LVCMOS25             |       | 12       | SLOW |              |          |          |
| crc_out3<19>                       | IOB              | OUTPUT    | LVCMOS25             |       | 12       | SLOW |              |          |          |
| crc_out3<20>                       | IOB              | OUTPUT    | LVCMOS25             |       | 12       | SLOW |              |          |          |
| crc_out3<21>                       | IOB              | OUTPUT    | LVCMOS25             |       | 12       | SLOW |              |          |          |
| crc_out3<22>                       | IOB              | OUTPUT    | LVCMOS25             |       | 12       | SLOW |              |          |          |
| crc_out3<23>                       | IOB              | OUTPUT    | LVCMOS25             |       | 12       | SLOW |              |          |          |
| crc_out3<24>                       | IOB              | OUTPUT    | LVCMOS25             |       | 12       | SLOW |              |          |          |
| crc_out3<25>                       | IOB              | OUTPUT    | LVCMOS25             |       | 12       | SLOW |              |          |          |
| crc_out3<26>                       | IOB              | OUTPUT    | LVCMOS25             |       | 12       | SLOW |              |          |          |
| crc_out3<27>                       | IOB              | OUTPUT    | LVCMOS25             |       | 12       | SLOW |              |          |          |
| crc_out3<28>                       | IOB              | OUTPUT    | LVCMOS25             |       | 12       | SLOW |              |          |          |
| crc_out3<29>                       | IOB              | OUTPUT    | LVCMOS25             |       | 12       | SLOW |              |          |          |
| crc_out3<30>                       | IOB              | OUTPUT    | LVCMOS25             |       | 12       | SLOW |              |          |          |
| crc_out3<31>                       | IOB              | OUTPUT    | LVCMOS25             |       | 12       | SLOW |              |          |          |
| crc_out4<0>                        | IOB              | OUTPUT    | LVCMOS25             |       | 12       | SLOW |              |          |          |
| crc_out4<1>                        | IOB              | OUTPUT    | LVCMOS25             |       | 12       | SLOW |              |          |          |
| crc_out4<2>                        | IOB              | OUTPUT    | LVCMOS25             |       | 12       | SLOW |              |          |          |
| crc_out4<3>                        | IOB              | OUTPUT    | LVCMOS25             |       | 12       | SLOW |              |          |          |
| crc_out4<4>                        | IOB              | OUTPUT    | LVCMOS25             |       | 12       | SLOW |              |          |          |
| crc_out4<5>                        | IOB              | OUTPUT    | LVCMOS25             |       | 12       | SLOW |              |          |          |
| crc_out4<6>                        | IOB              | OUTPUT    | LVCMOS25             |       | 12       | SLOW |              |          |          |
| crc_out4<7>                        | IOB              | OUTPUT    | LVCMOS25             |       | 12       | SLOW |              |          |          |
| crc_out4<8>                        | IOB              | OUTPUT    | LVCMOS25             |       | 12       | SLOW |              |          |          |
| crc_out4<9>                        | IOB              | OUTPUT    | LVCMOS25             |       | 12       | SLOW |              |          |          |
| crc_out4<10>                       | IOB              | OUTPUT    | LVCMOS25             |       | 12       | SLOW |              |          |          |
| crc_out4<11>                       | IOB              | OUTPUT    | LVCMOS25             |       | 12       | SLOW |              |          |          |
| crc_out4<12>                       | IOB              | OUTPUT    | LVCMOS25             |       | 12       | SLOW |              |          |          |
| crc_out4<13>                       | IOB              | OUTPUT    | LVCMOS25             |       | 12       | SLOW |              |          |          |
| crc_out4<14>                       | IOB              | OUTPUT    | LVCMOS25             |       | 12       | SLOW |              |          |          |
| crc_out4<15>                       | IOB              | OUTPUT    | LVCMOS25             |       | 12       | SLOW |              |          |          |
| crc_out4<16>                       | IOB              | OUTPUT    | LVCMOS25             |       | 12       | SLOW |              |          |          |
| crc_out4<17>                       | IOB              | OUTPUT    | LVCMOS25             |       | 12       | SLOW |              |          |          |
| crc_out4<18>                       | IOB              | OUTPUT    | LVCMOS25             |       | 12       | SLOW |              |          |          |
| crc_out4<19>                       | IOB              | OUTPUT    | LVCMOS25             |       | 12       | SLOW |              |          |          |
| crc_out4<20>                       | IOB              | OUTPUT    | LVCMOS25             |       | 12       | SLOW |              |          |          |
| crc_out4<21>                       | IOB              | OUTPUT    | LVCMOS25             |       | 12       | SLOW |              |          |          |
| crc_out4<22>                       | IOB              | OUTPUT    | LVCMOS25             |       | 12       | SLOW |              |          |          |
| crc_out4<23>                       | IOB              | OUTPUT    | LVCMOS25             |       | 12       | SLOW |              |          |          |
| crc_out4<24>                       | IOB              | OUTPUT    | LVCMOS25             |       | 12       | SLOW |              |          |          |
| crc_out4<25>                       | IOB              | OUTPUT    | LVCMOS25             |       | 12       | SLOW |              |          |          |
| crc_out4<26>                       | IOB              | OUTPUT    | LVCMOS25             |       | 12       | SLOW |              |          |          |
| crc_out4<27>                       | IOB              | OUTPUT    | LVCMOS25             |       | 12       | SLOW |              |          |          |
| crc_out4<28>                       | IOB              | OUTPUT    | LVCMOS25             |       | 12       | SLOW |              |          |          |
| crc_out4<29>                       | IOB              | OUTPUT    | LVCMOS25             |       | 12       | SLOW |              |          |          |
| crc_out4<30>                       | IOB              | OUTPUT    | LVCMOS25             |       | 12       | SLOW |              |          |          |
| crc_out4<31>                       | IOB              | OUTPUT    | LVCMOS25             |       | 12       | SLOW |              |          |          |
| data_in<0>                         | IOB              | INPUT     | LVCMOS25             |       |          |      |              |          |          |
| data_in<1>                         | IOB              | INPUT     | LVCMOS25             |       |          |      |              |          |          |
| data_in<2>                         | IOB              | INPUT     | LVCMOS25             |       |          |      |              |          |          |
| data_in<3>                         | IOB              | INPUT     | LVCMOS25             |       |          |      |              |          |          |
| data_in<4>                         | IOB              | INPUT     | LVCMOS25             |       |          |      |              |          |          |
| data_in<5>                         | IOB              | INPUT     | LVCMOS25             |       |          |      |              |          |          |
| data_in<6>                         | IOB              | INPUT     | LVCMOS25             |       |          |      |              |          |          |
| data_in<7>                         | IOB              | INPUT     | LVCMOS25             |       |          |      |              |          |          |
| data_in<8>                         | IOB              | INPUT     | LVCMOS25             |       |          |      |              |          |          |
| data_in<9>                         | IOB              | INPUT     | LVCMOS25             |       |          |      |              |          |          |
| data_in<10>                        | IOB              | INPUT     | LVCMOS25             |       |          |      |              |          |          |
| data_in<11>                        | IOB              | INPUT     | LVCMOS25             |       |          |      |              |          |          |
| data_in<12>                        | IOB              | INPUT     | LVCMOS25             |       |          |      |              |          |          |
| data_in<13>                        | IOB              | INPUT     | LVCMOS25             |       |          |      |              |          |          |
| data_in<14>                        | IOB              | INPUT     | LVCMOS25             |       |          |      |              |          |          |
| data_in<15>                        | IOB              | INPUT     | LVCMOS25             |       |          |      |              |          |          |
| rst                                | IOB              | INPUT     | LVCMOS25             |       |          |      |              |          |          |
+---------------------------------------------------------------------------------------------------------------------------------------------------------+

Section 7 - RPMs
----------------

Section 8 - Guide Report
------------------------
Guide not run on this design.

Section 9 - Area Group and Partition Summary
--------------------------------------------

Partition Implementation Status
-------------------------------

  No Partitions were found in this design.

-------------------------------

Area Group Information
----------------------

Area Group "crc1"
  No COMPRESSION specified for Area Group "crc1"
  RANGE: SLICE_X0Y47:SLICE_X3Y55
  Slice Logic Utilization:
    Number of Slice Registers:              81 out of    288   28%
    Number of Slice LUTs:                   68 out of    144   47%
      Number used as logic:                 68
  Slice Logic Distribution:
    Number of occupied Slices:              28 out of     36   77%
    Number of LUT Flip Flop pairs used:     97
      Number with an unused Flip Flop:      28 out of     97   28%
      Number with an unused LUT:            21 out of     97   21%
      Number of fully used LUT-FF pairs:    48 out of     97   49%

Area Group "crc2"
  No COMPRESSION specified for Area Group "crc2"
  RANGE: SLICE_X0Y2:SLICE_X17Y3
  Slice Logic Utilization:
    Number of Slice Registers:              81 out of    288   28%
    Number of Slice LUTs:                   68 out of    144   47%
      Number used as logic:                 68
  Slice Logic Distribution:
    Number of occupied Slices:              25 out of     36   69%
    Number of LUT Flip Flop pairs used:     89
      Number with an unused Flip Flop:      25 out of     89   28%
      Number with an unused LUT:            11 out of     89   12%
      Number of fully used LUT-FF pairs:    53 out of     89   59%

Area Group "crc3"
  No COMPRESSION specified for Area Group "crc3"
  RANGE: SLICE_X22Y3:SLICE_X23Y21
  Slice Logic Utilization:
    Number of Slice Registers:              81 out of    304   26%
    Number of Slice LUTs:                   68 out of    152   44%
      Number used as logic:                 68
  Slice Logic Distribution:
    Number of occupied Slices:              25 out of     38   65%
    Number of LUT Flip Flop pairs used:     85
      Number with an unused Flip Flop:      24 out of     85   28%
      Number with an unused LUT:             5 out of     85    5%
      Number of fully used LUT-FF pairs:    56 out of     85   65%

Area Group "crc4"
  No COMPRESSION specified for Area Group "crc4"
  RANGE: SLICE_X2Y23:SLICE_X21Y24
  Slice Logic Utilization:
    Number of Slice Registers:              81 out of    288   28%
    Number of Slice LUTs:                   68 out of    144   47%
      Number used as logic:                 68
  Slice Logic Distribution:
    Number of occupied Slices:              26 out of     36   72%
    Number of LUT Flip Flop pairs used:     94
      Number with an unused Flip Flop:      28 out of     94   29%
      Number with an unused LUT:            17 out of     94   18%
      Number of fully used LUT-FF pairs:    49 out of     94   52%


Section 10 - Timing Report
--------------------------
A logic-level (pre-route) timing report can be generated by using Xilinx static
timing analysis tools, Timing Analyzer (GUI) or TRCE (command line), with the
mapped NCD and PCF files. Please note that this timing report will be generated
using estimated delay information. For accurate numbers, please generate a
timing report with the post Place and Route NCD file.

For more information about the Timing Analyzer, consult the Xilinx Timing
Analyzer Reference Manual; for more information about TRCE, consult the Xilinx
Command Line Tools User Guide "TRACE" chapter.

Section 11 - Configuration String Details
-----------------------------------------

Section 12 - Control Set Information
------------------------------------
+----------------------------------------------------------------------------------------------+
| Clock Signal | Reset Signal | Set Signal | Enable Signal | Slice Load Count | Bel Load Count |
+----------------------------------------------------------------------------------------------+
| clk1_BUFGP   | rst_IBUF     |            |               | 24               | 98             |
| clk1_BUFGP   | rst_IBUF     |            | crc1/crc_en   | 17               | 32             |
+----------------------------------------------------------------------------------------------+
| clk2_BUFGP   | rst_IBUF     |            |               | 22               | 98             |
| clk2_BUFGP   | rst_IBUF     |            | crc2/crc_en   | 16               | 32             |
+----------------------------------------------------------------------------------------------+
| clk3_BUFGP   | rst_IBUF     |            |               | 20               | 98             |
| clk3_BUFGP   | rst_IBUF     |            | crc3/crc_en   | 17               | 32             |
+----------------------------------------------------------------------------------------------+
| clk4_BUFGP   | rst_IBUF     |            |               | 23               | 98             |
| clk4_BUFGP   | rst_IBUF     |            | crc4/crc_en   | 17               | 32             |
+----------------------------------------------------------------------------------------------+

Section 13 - Utilization by Hierarchy
-------------------------------------
+----------------------------------------------------------------------------------------------------------------------------------------------------------------------------------------+
| Module             | Partition | Slices*       | Slice Reg     | LUTs          | LUTRAM        | BRAM/FIFO | DSP48A1 | BUFG  | BUFIO | BUFR  | DCM   | PLL_ADV   | Full Hierarchical N |
+----------------------------------------------------------------------------------------------------------------------------------------------------------------------------------------+
| crc_floorplan/     |           | 52/156        | 196/520       | 0/272         | 0/0           | 0/0       | 0/0     | 4/4   | 0/0   | 0/0   | 0/0   | 0/0       | crc_floorplan       |
| +crc1              |           | 28/28         | 81/81         | 68/68         | 0/0           | 0/0       | 0/0     | 0/0   | 0/0   | 0/0   | 0/0   | 0/0       | crc_floorplan/crc1  |
| +crc2              |           | 25/25         | 81/81         | 68/68         | 0/0           | 0/0       | 0/0     | 0/0   | 0/0   | 0/0   | 0/0   | 0/0       | crc_floorplan/crc2  |
| +crc3              |           | 25/25         | 81/81         | 68/68         | 0/0           | 0/0       | 0/0     | 0/0   | 0/0   | 0/0   | 0/0   | 0/0       | crc_floorplan/crc3  |
| +crc4              |           | 26/26         | 81/81         | 68/68         | 0/0           | 0/0       | 0/0     | 0/0   | 0/0   | 0/0   | 0/0   | 0/0       | crc_floorplan/crc4  |
+----------------------------------------------------------------------------------------------------------------------------------------------------------------------------------------+

* Slices can be packed with basic elements from multiple hierarchies.
  Therefore, a slice will be counted in every hierarchical module
  that each of its packed basic elements belong to.
** For each column, there are two numbers reported <A>/<B>.
   <A> is the number of elements that belong to that specific hierarchical module.
   <B> is the total number of elements from that hierarchical module and any lower level
   hierarchical modules below.
*** The LUTRAM column counts all LUTs used as memory including RAM, ROM, and shift registers.
